DEB [20140424-15:37:50.995] thr=1   paramiko.transport: starting thread (client mode): 0x1c0d2d0L
INF [20140424-15:37:51.037] thr=1   paramiko.transport: Connected (version 2.0, client OpenSSH_6.0p1)
DEB [20140424-15:37:51.039] thr=1   paramiko.transport: kex algos:['ecdh-sha2-nistp256', 'ecdh-sha2-nistp384', 'ecdh-sha2-nistp521', 'diffie-hellman-group-exchange-sha256', 'diffie-hellman-group-exchange-sha1', 'diffie-hellman-group14-sha1', 'diffie-hellman-group1-sha1'] server key:['ssh-rsa', 'ssh-dss'] client encrypt:['aes128-ctr', 'aes192-ctr', 'aes256-ctr', 'arcfour256', 'arcfour128', 'aes128-cbc', '3des-cbc', 'blowfish-cbc', 'cast128-cbc', 'aes192-cbc', 'aes256-cbc', 'arcfour', 'rijndael-cbc@lysator.liu.se'] server encrypt:['aes128-ctr', 'aes192-ctr', 'aes256-ctr', 'arcfour256', 'arcfour128', 'aes128-cbc', '3des-cbc', 'blowfish-cbc', 'cast128-cbc', 'aes192-cbc', 'aes256-cbc', 'arcfour', 'rijndael-cbc@lysator.liu.se'] client mac:['hmac-md5', 'hmac-sha1', 'umac-64@openssh.com', 'hmac-sha2-256', 'hmac-sha2-256-96', 'hmac-sha2-512', 'hmac-sha2-512-96', 'hmac-ripemd160', 'hmac-ripemd160@openssh.com', 'hmac-sha1-96', 'hmac-md5-96'] server mac:['hmac-md5', 'hmac-sha1', 'umac-64@openssh.com', 'hmac-sha2-256', 'hmac-sha2-256-96', 'hmac-sha2-512', 'hmac-sha2-512-96', 'hmac-ripemd160', 'hmac-ripemd160@openssh.com', 'hmac-sha1-96', 'hmac-md5-96'] client compress:['none', 'zlib@openssh.com'] server compress:['none', 'zlib@openssh.com'] client lang:[''] server lang:[''] kex follows?False
DEB [20140424-15:37:51.039] thr=1   paramiko.transport: Ciphers agreed: local=aes128-ctr, remote=aes128-ctr
DEB [20140424-15:37:51.039] thr=1   paramiko.transport: using kex diffie-hellman-group1-sha1; server key type ssh-rsa; cipher: local aes128-ctr, remote aes128-ctr; mac: local hmac-sha1, remote hmac-sha1; compression: local none, remote none
DEB [20140424-15:37:51.059] thr=1   paramiko.transport: Switch to new keys ...
DEB [20140424-15:37:51.096] thr=2   paramiko.transport: Adding ssh-rsa host key for 83.212.118.41: 3b44b24322f52fc6f844ccdd2f237b05
DEB [20140424-15:37:51.096] thr=2   paramiko.transport: Trying SSH key f4e18167fd70bc745fe4e1767e5d1723
DEB [20140424-15:37:51.099] thr=1   paramiko.transport: userauth is OK
INF [20140424-15:37:51.381] thr=1   paramiko.transport: Authentication (publickey) successful!
DEB [20140424-15:37:51.397] thr=2   paramiko.transport: [chan 1] Max packet in: 34816 bytes
DEB [20140424-15:37:51.593] thr=1   paramiko.transport: [chan 1] Max packet out: 32768 bytes
INF [20140424-15:37:51.593] thr=1   paramiko.transport: Secsh channel 1 opened.
DEB [20140424-15:37:51.600] thr=1   paramiko.transport: [chan 1] Sesch channel 1 request ok
DEB [20140424-15:37:51.614] thr=1   paramiko.transport: [chan 1] EOF received (1)
DEB [20140424-15:37:51.614] thr=1   paramiko.transport: [chan 1] EOF sent (1)
DEB [20140424-15:38:06.271] thr=3   paramiko.transport: starting thread (client mode): 0x1c12d10L
INF [20140424-15:38:06.322] thr=3   paramiko.transport: Connected (version 2.0, client OpenSSH_6.0p1)
DEB [20140424-15:38:06.328] thr=3   paramiko.transport: kex algos:['ecdh-sha2-nistp256', 'ecdh-sha2-nistp384', 'ecdh-sha2-nistp521', 'diffie-hellman-group-exchange-sha256', 'diffie-hellman-group-exchange-sha1', 'diffie-hellman-group14-sha1', 'diffie-hellman-group1-sha1'] server key:['ssh-rsa', 'ssh-dss'] client encrypt:['aes128-ctr', 'aes192-ctr', 'aes256-ctr', 'arcfour256', 'arcfour128', 'aes128-cbc', '3des-cbc', 'blowfish-cbc', 'cast128-cbc', 'aes192-cbc', 'aes256-cbc', 'arcfour', 'rijndael-cbc@lysator.liu.se'] server encrypt:['aes128-ctr', 'aes192-ctr', 'aes256-ctr', 'arcfour256', 'arcfour128', 'aes128-cbc', '3des-cbc', 'blowfish-cbc', 'cast128-cbc', 'aes192-cbc', 'aes256-cbc', 'arcfour', 'rijndael-cbc@lysator.liu.se'] client mac:['hmac-md5', 'hmac-sha1', 'umac-64@openssh.com', 'hmac-sha2-256', 'hmac-sha2-256-96', 'hmac-sha2-512', 'hmac-sha2-512-96', 'hmac-ripemd160', 'hmac-ripemd160@openssh.com', 'hmac-sha1-96', 'hmac-md5-96'] server mac:['hmac-md5', 'hmac-sha1', 'umac-64@openssh.com', 'hmac-sha2-256', 'hmac-sha2-256-96', 'hmac-sha2-512', 'hmac-sha2-512-96', 'hmac-ripemd160', 'hmac-ripemd160@openssh.com', 'hmac-sha1-96', 'hmac-md5-96'] client compress:['none', 'zlib@openssh.com'] server compress:['none', 'zlib@openssh.com'] client lang:[''] server lang:[''] kex follows?False
DEB [20140424-15:38:06.328] thr=3   paramiko.transport: Ciphers agreed: local=aes128-ctr, remote=aes128-ctr
DEB [20140424-15:38:06.328] thr=3   paramiko.transport: using kex diffie-hellman-group1-sha1; server key type ssh-rsa; cipher: local aes128-ctr, remote aes128-ctr; mac: local hmac-sha1, remote hmac-sha1; compression: local none, remote none
DEB [20140424-15:38:06.350] thr=3   paramiko.transport: Switch to new keys ...
DEB [20140424-15:38:06.372] thr=2   paramiko.transport: Adding ssh-rsa host key for 83.212.118.12: 3b44b24322f52fc6f844ccdd2f237b05
DEB [20140424-15:38:06.373] thr=2   paramiko.transport: Trying SSH key f4e18167fd70bc745fe4e1767e5d1723
DEB [20140424-15:38:06.391] thr=3   paramiko.transport: userauth is OK
INF [20140424-15:38:06.643] thr=3   paramiko.transport: Authentication (publickey) successful!
DEB [20140424-15:38:06.673] thr=2   paramiko.transport: [chan 1] Max packet in: 34816 bytes
DEB [20140424-15:38:06.899] thr=3   paramiko.transport: [chan 1] Max packet out: 32768 bytes
INF [20140424-15:38:06.899] thr=3   paramiko.transport: Secsh channel 1 opened.
DEB [20140424-15:38:06.908] thr=3   paramiko.transport: [chan 1] Sesch channel 1 request ok
DEB [20140424-15:38:06.924] thr=3   paramiko.transport: [chan 1] EOF received (1)
DEB [20140424-15:38:06.925] thr=3   paramiko.transport: [chan 1] EOF sent (1)
DEB [20140424-15:40:09.256] thr=4   paramiko.transport: starting thread (client mode): 0x1c08190L
INF [20140424-15:40:09.277] thr=4   paramiko.transport: Connected (version 2.0, client OpenSSH_6.0p1)
DEB [20140424-15:40:09.279] thr=4   paramiko.transport: kex algos:['ecdh-sha2-nistp256', 'ecdh-sha2-nistp384', 'ecdh-sha2-nistp521', 'diffie-hellman-group-exchange-sha256', 'diffie-hellman-group-exchange-sha1', 'diffie-hellman-group14-sha1', 'diffie-hellman-group1-sha1'] server key:['ssh-rsa', 'ssh-dss'] client encrypt:['aes128-ctr', 'aes192-ctr', 'aes256-ctr', 'arcfour256', 'arcfour128', 'aes128-cbc', '3des-cbc', 'blowfish-cbc', 'cast128-cbc', 'aes192-cbc', 'aes256-cbc', 'arcfour', 'rijndael-cbc@lysator.liu.se'] server encrypt:['aes128-ctr', 'aes192-ctr', 'aes256-ctr', 'arcfour256', 'arcfour128', 'aes128-cbc', '3des-cbc', 'blowfish-cbc', 'cast128-cbc', 'aes192-cbc', 'aes256-cbc', 'arcfour', 'rijndael-cbc@lysator.liu.se'] client mac:['hmac-md5', 'hmac-sha1', 'umac-64@openssh.com', 'hmac-sha2-256', 'hmac-sha2-256-96', 'hmac-sha2-512', 'hmac-sha2-512-96', 'hmac-ripemd160', 'hmac-ripemd160@openssh.com', 'hmac-sha1-96', 'hmac-md5-96'] server mac:['hmac-md5', 'hmac-sha1', 'umac-64@openssh.com', 'hmac-sha2-256', 'hmac-sha2-256-96', 'hmac-sha2-512', 'hmac-sha2-512-96', 'hmac-ripemd160', 'hmac-ripemd160@openssh.com', 'hmac-sha1-96', 'hmac-md5-96'] client compress:['none', 'zlib@openssh.com'] server compress:['none', 'zlib@openssh.com'] client lang:[''] server lang:[''] kex follows?False
DEB [20140424-15:40:09.279] thr=4   paramiko.transport: Ciphers agreed: local=aes128-ctr, remote=aes128-ctr
DEB [20140424-15:40:09.279] thr=4   paramiko.transport: using kex diffie-hellman-group1-sha1; server key type ssh-rsa; cipher: local aes128-ctr, remote aes128-ctr; mac: local hmac-sha1, remote hmac-sha1; compression: local none, remote none
DEB [20140424-15:40:09.300] thr=4   paramiko.transport: Switch to new keys ...
DEB [20140424-15:40:09.320] thr=2   paramiko.transport: Adding ssh-rsa host key for 83.212.118.9: 3b44b24322f52fc6f844ccdd2f237b05
DEB [20140424-15:40:09.321] thr=2   paramiko.transport: Trying SSH key f4e18167fd70bc745fe4e1767e5d1723
DEB [20140424-15:40:09.341] thr=4   paramiko.transport: userauth is OK
INF [20140424-15:40:09.367] thr=4   paramiko.transport: Authentication (publickey) successful!
DEB [20140424-15:40:09.385] thr=2   paramiko.transport: [chan 1] Max packet in: 34816 bytes
DEB [20140424-15:40:09.407] thr=4   paramiko.transport: [chan 1] Max packet out: 32768 bytes
INF [20140424-15:40:09.407] thr=4   paramiko.transport: Secsh channel 1 opened.
DEB [20140424-15:40:09.426] thr=4   paramiko.transport: [chan 1] Sesch channel 1 request ok
DEB [20140424-15:40:09.441] thr=4   paramiko.transport: [chan 1] EOF received (1)
DEB [20140424-15:40:09.442] thr=4   paramiko.transport: [chan 1] EOF sent (1)
DEB [20140424-15:40:09.444] thr=5   paramiko.transport: starting thread (client mode): 0xa8004a50L
INF [20140424-15:40:09.465] thr=5   paramiko.transport: Connected (version 2.0, client OpenSSH_6.0p1)
DEB [20140424-15:40:09.468] thr=5   paramiko.transport: kex algos:['ecdh-sha2-nistp256', 'ecdh-sha2-nistp384', 'ecdh-sha2-nistp521', 'diffie-hellman-group-exchange-sha256', 'diffie-hellman-group-exchange-sha1', 'diffie-hellman-group14-sha1', 'diffie-hellman-group1-sha1'] server key:['ssh-rsa', 'ssh-dss'] client encrypt:['aes128-ctr', 'aes192-ctr', 'aes256-ctr', 'arcfour256', 'arcfour128', 'aes128-cbc', '3des-cbc', 'blowfish-cbc', 'cast128-cbc', 'aes192-cbc', 'aes256-cbc', 'arcfour', 'rijndael-cbc@lysator.liu.se'] server encrypt:['aes128-ctr', 'aes192-ctr', 'aes256-ctr', 'arcfour256', 'arcfour128', 'aes128-cbc', '3des-cbc', 'blowfish-cbc', 'cast128-cbc', 'aes192-cbc', 'aes256-cbc', 'arcfour', 'rijndael-cbc@lysator.liu.se'] client mac:['hmac-md5', 'hmac-sha1', 'umac-64@openssh.com', 'hmac-sha2-256', 'hmac-sha2-256-96', 'hmac-sha2-512', 'hmac-sha2-512-96', 'hmac-ripemd160', 'hmac-ripemd160@openssh.com', 'hmac-sha1-96', 'hmac-md5-96'] server mac:['hmac-md5', 'hmac-sha1', 'umac-64@openssh.com', 'hmac-sha2-256', 'hmac-sha2-256-96', 'hmac-sha2-512', 'hmac-sha2-512-96', 'hmac-ripemd160', 'hmac-ripemd160@openssh.com', 'hmac-sha1-96', 'hmac-md5-96'] client compress:['none', 'zlib@openssh.com'] server compress:['none', 'zlib@openssh.com'] client lang:[''] server lang:[''] kex follows?False
DEB [20140424-15:40:09.468] thr=5   paramiko.transport: Ciphers agreed: local=aes128-ctr, remote=aes128-ctr
DEB [20140424-15:40:09.468] thr=5   paramiko.transport: using kex diffie-hellman-group1-sha1; server key type ssh-rsa; cipher: local aes128-ctr, remote aes128-ctr; mac: local hmac-sha1, remote hmac-sha1; compression: local none, remote none
DEB [20140424-15:40:09.488] thr=5   paramiko.transport: Switch to new keys ...
DEB [20140424-15:40:09.508] thr=2   paramiko.transport: Trying SSH key f4e18167fd70bc745fe4e1767e5d1723
DEB [20140424-15:40:09.528] thr=5   paramiko.transport: userauth is OK
INF [20140424-15:40:09.556] thr=5   paramiko.transport: Authentication (publickey) successful!
DEB [20140424-15:40:09.572] thr=2   paramiko.transport: [chan 1] Max packet in: 34816 bytes
DEB [20140424-15:40:09.595] thr=5   paramiko.transport: [chan 1] Max packet out: 32768 bytes
INF [20140424-15:40:09.595] thr=5   paramiko.transport: Secsh channel 1 opened.
DEB [20140424-15:40:09.607] thr=5   paramiko.transport: [chan 1] Sesch channel 1 request ok
DEB [20140424-15:40:09.617] thr=5   paramiko.transport: [chan 1] EOF received (1)
DEB [20140424-15:40:09.617] thr=5   paramiko.transport: [chan 1] EOF sent (1)
DEB [20140424-15:40:09.620] thr=6   paramiko.transport: starting thread (client mode): 0xa801f990L
INF [20140424-15:40:09.637] thr=6   paramiko.transport: Connected (version 2.0, client OpenSSH_6.0p1)
DEB [20140424-15:40:09.639] thr=6   paramiko.transport: kex algos:['ecdh-sha2-nistp256', 'ecdh-sha2-nistp384', 'ecdh-sha2-nistp521', 'diffie-hellman-group-exchange-sha256', 'diffie-hellman-group-exchange-sha1', 'diffie-hellman-group14-sha1', 'diffie-hellman-group1-sha1'] server key:['ssh-rsa', 'ssh-dss'] client encrypt:['aes128-ctr', 'aes192-ctr', 'aes256-ctr', 'arcfour256', 'arcfour128', 'aes128-cbc', '3des-cbc', 'blowfish-cbc', 'cast128-cbc', 'aes192-cbc', 'aes256-cbc', 'arcfour', 'rijndael-cbc@lysator.liu.se'] server encrypt:['aes128-ctr', 'aes192-ctr', 'aes256-ctr', 'arcfour256', 'arcfour128', 'aes128-cbc', '3des-cbc', 'blowfish-cbc', 'cast128-cbc', 'aes192-cbc', 'aes256-cbc', 'arcfour', 'rijndael-cbc@lysator.liu.se'] client mac:['hmac-md5', 'hmac-sha1', 'umac-64@openssh.com', 'hmac-sha2-256', 'hmac-sha2-256-96', 'hmac-sha2-512', 'hmac-sha2-512-96', 'hmac-ripemd160', 'hmac-ripemd160@openssh.com', 'hmac-sha1-96', 'hmac-md5-96'] server mac:['hmac-md5', 'hmac-sha1', 'umac-64@openssh.com', 'hmac-sha2-256', 'hmac-sha2-256-96', 'hmac-sha2-512', 'hmac-sha2-512-96', 'hmac-ripemd160', 'hmac-ripemd160@openssh.com', 'hmac-sha1-96', 'hmac-md5-96'] client compress:['none', 'zlib@openssh.com'] server compress:['none', 'zlib@openssh.com'] client lang:[''] server lang:[''] kex follows?False
DEB [20140424-15:40:09.639] thr=6   paramiko.transport: Ciphers agreed: local=aes128-ctr, remote=aes128-ctr
DEB [20140424-15:40:09.639] thr=6   paramiko.transport: using kex diffie-hellman-group1-sha1; server key type ssh-rsa; cipher: local aes128-ctr, remote aes128-ctr; mac: local hmac-sha1, remote hmac-sha1; compression: local none, remote none
DEB [20140424-15:40:09.658] thr=6   paramiko.transport: Switch to new keys ...
DEB [20140424-15:40:09.684] thr=2   paramiko.transport: Trying SSH key f4e18167fd70bc745fe4e1767e5d1723
DEB [20140424-15:40:09.698] thr=6   paramiko.transport: userauth is OK
INF [20140424-15:40:14.731] thr=6   paramiko.transport: Authentication (publickey) successful!
DEB [20140424-15:40:14.754] thr=2   paramiko.transport: [chan 1] Max packet in: 34816 bytes
DEB [20140424-15:40:14.764] thr=6   paramiko.transport: [chan 1] Max packet out: 32768 bytes
INF [20140424-15:40:14.764] thr=6   paramiko.transport: Secsh channel 1 opened.
DEB [20140424-15:40:14.773] thr=6   paramiko.transport: [chan 1] Sesch channel 1 request ok
DEB [20140424-15:40:14.791] thr=6   paramiko.transport: [chan 1] EOF received (1)
DEB [20140424-15:40:14.791] thr=6   paramiko.transport: [chan 1] EOF sent (1)
DEB [20140424-15:40:14.794] thr=7   paramiko.transport: starting thread (client mode): 0xa801fe10L
INF [20140424-15:40:14.810] thr=7   paramiko.transport: Connected (version 2.0, client OpenSSH_6.0p1)
DEB [20140424-15:40:14.812] thr=7   paramiko.transport: kex algos:['ecdh-sha2-nistp256', 'ecdh-sha2-nistp384', 'ecdh-sha2-nistp521', 'diffie-hellman-group-exchange-sha256', 'diffie-hellman-group-exchange-sha1', 'diffie-hellman-group14-sha1', 'diffie-hellman-group1-sha1'] server key:['ssh-rsa', 'ssh-dss'] client encrypt:['aes128-ctr', 'aes192-ctr', 'aes256-ctr', 'arcfour256', 'arcfour128', 'aes128-cbc', '3des-cbc', 'blowfish-cbc', 'cast128-cbc', 'aes192-cbc', 'aes256-cbc', 'arcfour', 'rijndael-cbc@lysator.liu.se'] server encrypt:['aes128-ctr', 'aes192-ctr', 'aes256-ctr', 'arcfour256', 'arcfour128', 'aes128-cbc', '3des-cbc', 'blowfish-cbc', 'cast128-cbc', 'aes192-cbc', 'aes256-cbc', 'arcfour', 'rijndael-cbc@lysator.liu.se'] client mac:['hmac-md5', 'hmac-sha1', 'umac-64@openssh.com', 'hmac-sha2-256', 'hmac-sha2-256-96', 'hmac-sha2-512', 'hmac-sha2-512-96', 'hmac-ripemd160', 'hmac-ripemd160@openssh.com', 'hmac-sha1-96', 'hmac-md5-96'] server mac:['hmac-md5', 'hmac-sha1', 'umac-64@openssh.com', 'hmac-sha2-256', 'hmac-sha2-256-96', 'hmac-sha2-512', 'hmac-sha2-512-96', 'hmac-ripemd160', 'hmac-ripemd160@openssh.com', 'hmac-sha1-96', 'hmac-md5-96'] client compress:['none', 'zlib@openssh.com'] server compress:['none', 'zlib@openssh.com'] client lang:[''] server lang:[''] kex follows?False
DEB [20140424-15:40:14.812] thr=7   paramiko.transport: Ciphers agreed: local=aes128-ctr, remote=aes128-ctr
DEB [20140424-15:40:14.813] thr=7   paramiko.transport: using kex diffie-hellman-group1-sha1; server key type ssh-rsa; cipher: local aes128-ctr, remote aes128-ctr; mac: local hmac-sha1, remote hmac-sha1; compression: local none, remote none
DEB [20140424-15:40:14.832] thr=7   paramiko.transport: Switch to new keys ...
DEB [20140424-15:40:14.858] thr=2   paramiko.transport: Trying SSH key f4e18167fd70bc745fe4e1767e5d1723
DEB [20140424-15:40:14.874] thr=7   paramiko.transport: userauth is OK
INF [20140424-15:40:14.899] thr=7   paramiko.transport: Authentication (publickey) successful!
DEB [20140424-15:40:14.922] thr=2   paramiko.transport: [chan 1] Max packet in: 34816 bytes
DEB [20140424-15:40:14.929] thr=7   paramiko.transport: [chan 1] Max packet out: 32768 bytes
INF [20140424-15:40:14.929] thr=7   paramiko.transport: Secsh channel 1 opened.
DEB [20140424-15:40:14.932] thr=7   paramiko.transport: [chan 1] Sesch channel 1 request ok
DEB [20140424-15:40:14.942] thr=7   paramiko.transport: [chan 1] EOF received (1)
DEB [20140424-15:40:14.943] thr=7   paramiko.transport: [chan 1] EOF sent (1)
DEB [20140424-15:40:14.945] thr=8   paramiko.transport: starting thread (client mode): 0xa8018f10L
INF [20140424-15:40:14.964] thr=8   paramiko.transport: Connected (version 2.0, client OpenSSH_6.0p1)
DEB [20140424-15:40:14.967] thr=8   paramiko.transport: kex algos:['ecdh-sha2-nistp256', 'ecdh-sha2-nistp384', 'ecdh-sha2-nistp521', 'diffie-hellman-group-exchange-sha256', 'diffie-hellman-group-exchange-sha1', 'diffie-hellman-group14-sha1', 'diffie-hellman-group1-sha1'] server key:['ssh-rsa', 'ssh-dss'] client encrypt:['aes128-ctr', 'aes192-ctr', 'aes256-ctr', 'arcfour256', 'arcfour128', 'aes128-cbc', '3des-cbc', 'blowfish-cbc', 'cast128-cbc', 'aes192-cbc', 'aes256-cbc', 'arcfour', 'rijndael-cbc@lysator.liu.se'] server encrypt:['aes128-ctr', 'aes192-ctr', 'aes256-ctr', 'arcfour256', 'arcfour128', 'aes128-cbc', '3des-cbc', 'blowfish-cbc', 'cast128-cbc', 'aes192-cbc', 'aes256-cbc', 'arcfour', 'rijndael-cbc@lysator.liu.se'] client mac:['hmac-md5', 'hmac-sha1', 'umac-64@openssh.com', 'hmac-sha2-256', 'hmac-sha2-256-96', 'hmac-sha2-512', 'hmac-sha2-512-96', 'hmac-ripemd160', 'hmac-ripemd160@openssh.com', 'hmac-sha1-96', 'hmac-md5-96'] server mac:['hmac-md5', 'hmac-sha1', 'umac-64@openssh.com', 'hmac-sha2-256', 'hmac-sha2-256-96', 'hmac-sha2-512', 'hmac-sha2-512-96', 'hmac-ripemd160', 'hmac-ripemd160@openssh.com', 'hmac-sha1-96', 'hmac-md5-96'] client compress:['none', 'zlib@openssh.com'] server compress:['none', 'zlib@openssh.com'] client lang:[''] server lang:[''] kex follows?False
DEB [20140424-15:40:14.967] thr=8   paramiko.transport: Ciphers agreed: local=aes128-ctr, remote=aes128-ctr
DEB [20140424-15:40:14.967] thr=8   paramiko.transport: using kex diffie-hellman-group1-sha1; server key type ssh-rsa; cipher: local aes128-ctr, remote aes128-ctr; mac: local hmac-sha1, remote hmac-sha1; compression: local none, remote none
DEB [20140424-15:40:14.987] thr=8   paramiko.transport: Switch to new keys ...
DEB [20140424-15:40:15.009] thr=2   paramiko.transport: Trying SSH key f4e18167fd70bc745fe4e1767e5d1723
DEB [20140424-15:40:15.027] thr=8   paramiko.transport: userauth is OK
INF [20140424-15:40:20.061] thr=8   paramiko.transport: Authentication (publickey) successful!
DEB [20140424-15:40:20.079] thr=2   paramiko.transport: [chan 1] Max packet in: 34816 bytes
DEB [20140424-15:40:20.102] thr=8   paramiko.transport: [chan 1] Max packet out: 32768 bytes
INF [20140424-15:40:20.102] thr=8   paramiko.transport: Secsh channel 1 opened.
DEB [20140424-15:40:20.114] thr=8   paramiko.transport: [chan 1] Sesch channel 1 request ok
DEB [20140424-15:40:20.134] thr=8   paramiko.transport: [chan 1] EOF received (1)
DEB [20140424-15:40:20.135] thr=8   paramiko.transport: [chan 1] EOF sent (1)
DEB [20140424-15:40:20.137] thr=9   paramiko.transport: starting thread (client mode): 0x1c01cd0L
INF [20140424-15:40:20.155] thr=9   paramiko.transport: Connected (version 2.0, client OpenSSH_6.0p1)
DEB [20140424-15:40:20.158] thr=9   paramiko.transport: kex algos:['ecdh-sha2-nistp256', 'ecdh-sha2-nistp384', 'ecdh-sha2-nistp521', 'diffie-hellman-group-exchange-sha256', 'diffie-hellman-group-exchange-sha1', 'diffie-hellman-group14-sha1', 'diffie-hellman-group1-sha1'] server key:['ssh-rsa', 'ssh-dss'] client encrypt:['aes128-ctr', 'aes192-ctr', 'aes256-ctr', 'arcfour256', 'arcfour128', 'aes128-cbc', '3des-cbc', 'blowfish-cbc', 'cast128-cbc', 'aes192-cbc', 'aes256-cbc', 'arcfour', 'rijndael-cbc@lysator.liu.se'] server encrypt:['aes128-ctr', 'aes192-ctr', 'aes256-ctr', 'arcfour256', 'arcfour128', 'aes128-cbc', '3des-cbc', 'blowfish-cbc', 'cast128-cbc', 'aes192-cbc', 'aes256-cbc', 'arcfour', 'rijndael-cbc@lysator.liu.se'] client mac:['hmac-md5', 'hmac-sha1', 'umac-64@openssh.com', 'hmac-sha2-256', 'hmac-sha2-256-96', 'hmac-sha2-512', 'hmac-sha2-512-96', 'hmac-ripemd160', 'hmac-ripemd160@openssh.com', 'hmac-sha1-96', 'hmac-md5-96'] server mac:['hmac-md5', 'hmac-sha1', 'umac-64@openssh.com', 'hmac-sha2-256', 'hmac-sha2-256-96', 'hmac-sha2-512', 'hmac-sha2-512-96', 'hmac-ripemd160', 'hmac-ripemd160@openssh.com', 'hmac-sha1-96', 'hmac-md5-96'] client compress:['none', 'zlib@openssh.com'] server compress:['none', 'zlib@openssh.com'] client lang:[''] server lang:[''] kex follows?False
DEB [20140424-15:40:20.158] thr=9   paramiko.transport: Ciphers agreed: local=aes128-ctr, remote=aes128-ctr
DEB [20140424-15:40:20.158] thr=9   paramiko.transport: using kex diffie-hellman-group1-sha1; server key type ssh-rsa; cipher: local aes128-ctr, remote aes128-ctr; mac: local hmac-sha1, remote hmac-sha1; compression: local none, remote none
DEB [20140424-15:40:20.177] thr=9   paramiko.transport: Switch to new keys ...
DEB [20140424-15:40:20.202] thr=2   paramiko.transport: Trying SSH key f4e18167fd70bc745fe4e1767e5d1723
DEB [20140424-15:40:20.219] thr=9   paramiko.transport: userauth is OK
INF [20140424-15:40:20.245] thr=9   paramiko.transport: Authentication (publickey) successful!
DEB [20140424-15:40:20.266] thr=2   paramiko.transport: [chan 1] Max packet in: 34816 bytes
DEB [20140424-15:40:20.278] thr=9   paramiko.transport: [chan 1] Max packet out: 32768 bytes
INF [20140424-15:40:20.278] thr=9   paramiko.transport: Secsh channel 1 opened.
DEB [20140424-15:40:20.284] thr=9   paramiko.transport: [chan 1] Sesch channel 1 request ok
DEB [20140424-15:40:20.294] thr=9   paramiko.transport: [chan 1] EOF received (1)
DEB [20140424-15:40:20.294] thr=9   paramiko.transport: [chan 1] EOF sent (1)
DEB [20140424-15:40:20.297] thr=10  paramiko.transport: starting thread (client mode): 0x1bf7a50L
INF [20140424-15:40:20.314] thr=10  paramiko.transport: Connected (version 2.0, client OpenSSH_6.0p1)
DEB [20140424-15:40:20.316] thr=10  paramiko.transport: kex algos:['ecdh-sha2-nistp256', 'ecdh-sha2-nistp384', 'ecdh-sha2-nistp521', 'diffie-hellman-group-exchange-sha256', 'diffie-hellman-group-exchange-sha1', 'diffie-hellman-group14-sha1', 'diffie-hellman-group1-sha1'] server key:['ssh-rsa', 'ssh-dss'] client encrypt:['aes128-ctr', 'aes192-ctr', 'aes256-ctr', 'arcfour256', 'arcfour128', 'aes128-cbc', '3des-cbc', 'blowfish-cbc', 'cast128-cbc', 'aes192-cbc', 'aes256-cbc', 'arcfour', 'rijndael-cbc@lysator.liu.se'] server encrypt:['aes128-ctr', 'aes192-ctr', 'aes256-ctr', 'arcfour256', 'arcfour128', 'aes128-cbc', '3des-cbc', 'blowfish-cbc', 'cast128-cbc', 'aes192-cbc', 'aes256-cbc', 'arcfour', 'rijndael-cbc@lysator.liu.se'] client mac:['hmac-md5', 'hmac-sha1', 'umac-64@openssh.com', 'hmac-sha2-256', 'hmac-sha2-256-96', 'hmac-sha2-512', 'hmac-sha2-512-96', 'hmac-ripemd160', 'hmac-ripemd160@openssh.com', 'hmac-sha1-96', 'hmac-md5-96'] server mac:['hmac-md5', 'hmac-sha1', 'umac-64@openssh.com', 'hmac-sha2-256', 'hmac-sha2-256-96', 'hmac-sha2-512', 'hmac-sha2-512-96', 'hmac-ripemd160', 'hmac-ripemd160@openssh.com', 'hmac-sha1-96', 'hmac-md5-96'] client compress:['none', 'zlib@openssh.com'] server compress:['none', 'zlib@openssh.com'] client lang:[''] server lang:[''] kex follows?False
DEB [20140424-15:40:20.316] thr=10  paramiko.transport: Ciphers agreed: local=aes128-ctr, remote=aes128-ctr
DEB [20140424-15:40:20.316] thr=10  paramiko.transport: using kex diffie-hellman-group1-sha1; server key type ssh-rsa; cipher: local aes128-ctr, remote aes128-ctr; mac: local hmac-sha1, remote hmac-sha1; compression: local none, remote none
DEB [20140424-15:40:20.336] thr=10  paramiko.transport: Switch to new keys ...
DEB [20140424-15:40:20.361] thr=2   paramiko.transport: Trying SSH key f4e18167fd70bc745fe4e1767e5d1723
DEB [20140424-15:40:20.378] thr=10  paramiko.transport: userauth is OK
INF [20140424-15:40:25.411] thr=10  paramiko.transport: Authentication (publickey) successful!
DEB [20140424-15:40:25.431] thr=2   paramiko.transport: [chan 1] Max packet in: 34816 bytes
DEB [20140424-15:40:25.442] thr=10  paramiko.transport: [chan 1] Max packet out: 32768 bytes
INF [20140424-15:40:25.442] thr=10  paramiko.transport: Secsh channel 1 opened.
DEB [20140424-15:40:25.449] thr=10  paramiko.transport: [chan 1] Sesch channel 1 request ok
DEB [20140424-15:40:25.542] thr=10  paramiko.transport: [chan 1] EOF received (1)
DEB [20140424-15:40:25.542] thr=10  paramiko.transport: [chan 1] EOF sent (1)
DEB [20140424-15:40:25.545] thr=11  paramiko.transport: starting thread (client mode): 0x1c12f10L
INF [20140424-15:40:25.564] thr=11  paramiko.transport: Connected (version 2.0, client OpenSSH_6.0p1)
DEB [20140424-15:40:25.567] thr=11  paramiko.transport: kex algos:['ecdh-sha2-nistp256', 'ecdh-sha2-nistp384', 'ecdh-sha2-nistp521', 'diffie-hellman-group-exchange-sha256', 'diffie-hellman-group-exchange-sha1', 'diffie-hellman-group14-sha1', 'diffie-hellman-group1-sha1'] server key:['ssh-rsa', 'ssh-dss'] client encrypt:['aes128-ctr', 'aes192-ctr', 'aes256-ctr', 'arcfour256', 'arcfour128', 'aes128-cbc', '3des-cbc', 'blowfish-cbc', 'cast128-cbc', 'aes192-cbc', 'aes256-cbc', 'arcfour', 'rijndael-cbc@lysator.liu.se'] server encrypt:['aes128-ctr', 'aes192-ctr', 'aes256-ctr', 'arcfour256', 'arcfour128', 'aes128-cbc', '3des-cbc', 'blowfish-cbc', 'cast128-cbc', 'aes192-cbc', 'aes256-cbc', 'arcfour', 'rijndael-cbc@lysator.liu.se'] client mac:['hmac-md5', 'hmac-sha1', 'umac-64@openssh.com', 'hmac-sha2-256', 'hmac-sha2-256-96', 'hmac-sha2-512', 'hmac-sha2-512-96', 'hmac-ripemd160', 'hmac-ripemd160@openssh.com', 'hmac-sha1-96', 'hmac-md5-96'] server mac:['hmac-md5', 'hmac-sha1', 'umac-64@openssh.com', 'hmac-sha2-256', 'hmac-sha2-256-96', 'hmac-sha2-512', 'hmac-sha2-512-96', 'hmac-ripemd160', 'hmac-ripemd160@openssh.com', 'hmac-sha1-96', 'hmac-md5-96'] client compress:['none', 'zlib@openssh.com'] server compress:['none', 'zlib@openssh.com'] client lang:[''] server lang:[''] kex follows?False
DEB [20140424-15:40:25.567] thr=11  paramiko.transport: Ciphers agreed: local=aes128-ctr, remote=aes128-ctr
DEB [20140424-15:40:25.567] thr=11  paramiko.transport: using kex diffie-hellman-group1-sha1; server key type ssh-rsa; cipher: local aes128-ctr, remote aes128-ctr; mac: local hmac-sha1, remote hmac-sha1; compression: local none, remote none
DEB [20140424-15:40:25.587] thr=11  paramiko.transport: Switch to new keys ...
DEB [20140424-15:40:25.609] thr=2   paramiko.transport: Trying SSH key f4e18167fd70bc745fe4e1767e5d1723
DEB [20140424-15:40:25.628] thr=11  paramiko.transport: userauth is OK
INF [20140424-15:40:25.655] thr=11  paramiko.transport: Authentication (publickey) successful!
DEB [20140424-15:40:25.673] thr=2   paramiko.transport: [chan 1] Max packet in: 34816 bytes
DEB [20140424-15:40:25.695] thr=11  paramiko.transport: [chan 1] Max packet out: 32768 bytes
INF [20140424-15:40:25.696] thr=11  paramiko.transport: Secsh channel 1 opened.
DEB [20140424-15:40:25.708] thr=11  paramiko.transport: [chan 1] Sesch channel 1 request ok
DEB [20140424-15:40:25.809] thr=11  paramiko.transport: [chan 1] EOF received (1)
DEB [20140424-15:40:25.810] thr=11  paramiko.transport: [chan 1] EOF sent (1)
DEB [20140424-15:40:25.810] thr=11  paramiko.transport: Dropping user packet because connection is dead.
DEB [20140424-15:40:25.811] thr=11  paramiko.transport: Dropping user packet because connection is dead.
