{
  "addresses": {}, 
  "links": [
    {
      "href": "https://cyclades.okeanos.grnet.gr/compute/v2.0/servers/485321", 
      "rel": "self"
    }, 
    {
      "href": "https://cyclades.okeanos.grnet.gr/compute/v2.0/servers/485321", 
      "rel": "bookmark"
    }
  ], 
  "image": {
    "id": "17dc687e-e60f-4e03-954f-2ec46996ddbe", 
    "links": [
      {
        "href": "https://cyclades.okeanos.grnet.gr/compute/v2.0/images/17dc687e-e60f-4e03-954f-2ec46996ddbe", 
        "rel": "self"
      }, 
      {
        "href": "https://cyclades.okeanos.grnet.gr/compute/v2.0/images/17dc687e-e60f-4e03-954f-2ec46996ddbe", 
        "rel": "bookmark"
      }, 
      {
        "href": "https://cyclades.okeanos.grnet.gr/image/v1.0/images/17dc687e-e60f-4e03-954f-2ec46996ddbe", 
        "rel": "alternate"
      }
    ]
  }, 
  "suspended": false, 
  "flavor": {
    "id": 193, 
    "links": [
      {
        "href": "https://cyclades.okeanos.grnet.gr/compute/v2.0/flavors/193", 
        "rel": "self"
      }, 
      {
        "href": "https://cyclades.okeanos.grnet.gr/compute/v2.0/flavors/193", 
        "rel": "bookmark"
      }
    ]
  }, 
  "id": 485321, 
  "security_groups": [
    {
      "name": "default"
    }
  ], 
  "attachments": [], 
  "user_id": "51819571-6e2e-429e-8ffe-0f1999acbc1c", 
  "accessIPv4": "", 
  "accessIPv6": "", 
  "progress": 0, 
  "config_drive": "", 
  "status": "BUILD", 
  "updated": "2014-03-28T12:33:50.095146+00:00", 
  "hostId": "", 
  "SNF:fqdn": "snf-485321.vm.okeanos.grnet.gr", 
  "deleted": false, 
  "key_name": null, 
  "name": "cassandra_node_1", 
  "adminPass": "20QeCL24Xp", 
  "tenant_id": "51819571-6e2e-429e-8ffe-0f1999acbc1c", 
  "created": "2014-03-28T12:33:48.758520+00:00", 
  "SNF:task_state": "BUILDING", 
  "diagnostics": [], 
  "metadata": {
    "os": "debian", 
    "users": "root"
  }, 
  "SNF:port_forwarding": {}
}