Apr24 15:56:22 [DEBUG]   [cassandra_seed_0]: cluster = cassandra
Apr24 16:26:46 [DEBUG]   [cassandra_seed_0]: cluster = cassandra
Apr24 16:26:57 [DEBUG]   [cassandra_seed_0]: running SSH command:

     sed -i "/.*cassandra.*/g" /etc/hosts; sed -i "/^$/d" /etc/hosts


Apr24 16:26:57 [DEBUG]   [cassandra_seed_0]: Connecting to SSH
Apr24 16:27:03 [DEBUG]   [cassandra_seed_0]: connected in 5 sec. Running SSH command
Apr24 16:27:03 [DEBUG]   [cassandra_seed_0]: SSH command took 0 sec
Apr24 16:27:03 [DEBUG]   [cassandra_seed_0]: command returned:

 	$:  


Apr24 16:27:03 [DEBUG]   [cassandra_seed_0]: running SSH command:

     echo '
     10.0.0.20 cassandra_seednode
     10.0.0.20 cassandra_seed_0
     10.0.0.7 cassandra_node_01
     10.0.0.8 cassandra_node_03
     10.0.0.15 cassandra_node_02
     10.0.0.14 cassandra_node_04' >> /etc/hosts; echo cassandra_seed_0 >/etc/hostname


Apr24 16:27:03 [DEBUG]   [cassandra_seed_0]: Connecting to SSH
Apr24 16:27:08 [DEBUG]   [cassandra_seed_0]: connected in 5 sec. Running SSH command
Apr24 16:27:08 [DEBUG]   [cassandra_seed_0]: SSH command took 0 sec
Apr24 16:27:08 [DEBUG]   [cassandra_seed_0]: command returned:

 	$:  


Apr24 16:27:19 [DEBUG]   [cassandra_seed_0]: running SSH command:

     service ganglia-monitor restart; service gmetad restart


Apr24 16:27:19 [DEBUG]   [cassandra_seed_0]: Connecting to SSH
Apr24 16:27:19 [DEBUG]   [cassandra_seed_0]: connected in 0 sec. Running SSH command
Apr24 16:27:19 [DEBUG]   [cassandra_seed_0]: SSH command took 0 sec
Apr24 16:27:19 [DEBUG]   [cassandra_seed_0]: command returned:

 	$:  


Apr24 16:27:39 [DEBUG]   [cassandra_seed_0]: cluster = cassandra
Apr24 16:27:50 [DEBUG]   [cassandra_seed_0]: running SSH command:

     sed -i "/.*cassandra.*/g" /etc/hosts; sed -i "/^$/d" /etc/hosts


Apr24 16:27:50 [DEBUG]   [cassandra_seed_0]: Connecting to SSH
Apr24 16:27:51 [DEBUG]   [cassandra_seed_0]: connected in 0 sec. Running SSH command
Apr24 16:27:51 [DEBUG]   [cassandra_seed_0]: SSH command took 0 sec
Apr24 16:27:51 [DEBUG]   [cassandra_seed_0]: command returned:

 	$:  


Apr24 16:27:51 [DEBUG]   [cassandra_seed_0]: running SSH command:

     echo '
     10.0.0.20 cassandra_seednode
     10.0.0.20 cassandra_seed_0
     10.0.0.7 cassandra_node_01
     10.0.0.8 cassandra_node_03
     10.0.0.15 cassandra_node_02
     10.0.0.18 cassandra_node_05
     10.0.0.14 cassandra_node_04
     10.0.0.29 cassandra_node_07
     10.0.0.16 cassandra_node_06' >> /etc/hosts; echo cassandra_seed_0 >/etc/hostname


Apr24 16:27:51 [DEBUG]   [cassandra_seed_0]: Connecting to SSH
Apr24 16:27:51 [DEBUG]   [cassandra_seed_0]: connected in 0 sec. Running SSH command
Apr24 16:27:51 [DEBUG]   [cassandra_seed_0]: SSH command took 0 sec
Apr24 16:27:51 [DEBUG]   [cassandra_seed_0]: command returned:

 	$:  


Apr24 16:27:53 [DEBUG]   [cassandra_seed_0]: running SSH command:

     service ganglia-monitor restart; service gmetad restart


Apr24 16:27:53 [DEBUG]   [cassandra_seed_0]: Connecting to SSH
Apr24 16:27:53 [DEBUG]   [cassandra_seed_0]: connected in 0 sec. Running SSH command
Apr24 16:27:53 [DEBUG]   [cassandra_seed_0]: SSH command took 0 sec
Apr24 16:27:53 [DEBUG]   [cassandra_seed_0]: command returned:

 	$:  


Apr24 16:28:34 [DEBUG]   [cassandra_seed_0]: cluster = cassandra
Apr24 16:28:36 [DEBUG]   [cassandra_seed_0]: running SSH command:

     sed -i "/.*cassandra.*/g" /etc/hosts; sed -i "/^$/d" /etc/hosts


Apr24 16:28:36 [DEBUG]   [cassandra_seed_0]: Connecting to SSH
Apr24 16:28:36 [DEBUG]   [cassandra_seed_0]: connected in 0 sec. Running SSH command
Apr24 16:28:36 [DEBUG]   [cassandra_seed_0]: SSH command took 0 sec
Apr24 16:28:36 [DEBUG]   [cassandra_seed_0]: command returned:

 	$:  


Apr24 16:28:36 [DEBUG]   [cassandra_seed_0]: running SSH command:

     echo '
     10.0.0.7 cassandra_node_01
     10.0.0.20 cassandra_seednode
     10.0.0.20 cassandra_seed_0' >> /etc/hosts; echo cassandra_seed_0 >/etc/hostname


Apr24 16:28:36 [DEBUG]   [cassandra_seed_0]: Connecting to SSH
Apr24 16:28:36 [DEBUG]   [cassandra_seed_0]: connected in 0 sec. Running SSH command
Apr24 16:28:36 [DEBUG]   [cassandra_seed_0]: SSH command took 0 sec
Apr24 16:28:36 [DEBUG]   [cassandra_seed_0]: command returned:

 	$:  


Apr24 16:28:36 [DEBUG]   [cassandra_seed_0]: running SSH command:

     service ganglia-monitor restart; service gmetad restart


Apr24 16:28:36 [DEBUG]   [cassandra_seed_0]: Connecting to SSH
Apr24 16:28:37 [DEBUG]   [cassandra_seed_0]: connected in 0 sec. Running SSH command
Apr24 16:28:37 [DEBUG]   [cassandra_seed_0]: SSH command took 0 sec
Apr24 16:28:37 [DEBUG]   [cassandra_seed_0]: command returned:

 	$:  


Apr24 16:29:34 [DEBUG]   [cassandra_seed_0]: cluster = cassandra
Apr24 16:29:34 [ INFO]   [cassandra_seed_0]: running kill script
Apr24 16:29:34 [DEBUG]   [cassandra_seed_0]: running SSH command:

     #!/bin/sh
     CAS_PID=$(jps | grep CassandraDaemon | awk  '{print $1}')
     echo "CTOOL: Killing CassandraDaemon ($CAS_PID)"
     kill -9 $CAS_PID &>/dev/null
     ## maybe problematic
     killall java
     
     
     
     ################ debug #################3
     echo "Removing cassandra files and logs" &>>ctool.log
     #cleaning cassandra files
     rm -rf /var/lib/cassandra/* &>>ctool.log
     rm /var/log/cassandra/system.log &>>ctool.log
     #cleaning ctool rrds
     echo "Removing ganglia rrds" &>>ctool.log
     rm -rf /var/lib/ganglia/rrds/* &>>ctool.log
     
     
     
     
     
     echo '
     
     ############  KILLED  ##############' >> ycsb_run.log
     
     #report not alive
     gmetric -n alive -v 0 -t int32 -u nodes -d 10000
     


Apr24 16:29:34 [DEBUG]   [cassandra_seed_0]: Connecting to SSH
Apr24 16:29:34 [DEBUG]   [cassandra_seed_0]: connected in 0 sec. Running SSH command
Apr24 16:29:34 [DEBUG]   [cassandra_seed_0]: SSH command took 0 sec
Apr24 16:29:34 [DEBUG]   [cassandra_seed_0]: command returned:

 	$:  


Apr24 16:30:57 [DEBUG]   [cassandra_seed_0]: cluster = cassandra
Apr24 16:30:57 [DEBUG]   [cassandra_seed_0]: running SSH command:

     sed -i "/.*cassandra.*/g" /etc/hosts; sed -i "/^$/d" /etc/hosts


Apr24 16:30:57 [DEBUG]   [cassandra_seed_0]: Connecting to SSH
Apr24 16:30:57 [DEBUG]   [cassandra_seed_0]: connected in 0 sec. Running SSH command
Apr24 16:30:57 [DEBUG]   [cassandra_seed_0]: SSH command took 0 sec
Apr24 16:30:57 [DEBUG]   [cassandra_seed_0]: command returned:

 	$:  


Apr24 16:30:57 [DEBUG]   [cassandra_seed_0]: running SSH command:

     echo '
     10.0.0.7 cassandra_node_01
     10.0.0.20 cassandra_seednode
     10.0.0.20 cassandra_seed_0' >> /etc/hosts; echo cassandra_seed_0 >/etc/hostname


Apr24 16:30:57 [DEBUG]   [cassandra_seed_0]: Connecting to SSH
Apr24 16:30:57 [DEBUG]   [cassandra_seed_0]: connected in 0 sec. Running SSH command
Apr24 16:30:57 [DEBUG]   [cassandra_seed_0]: SSH command took 0 sec
Apr24 16:30:57 [DEBUG]   [cassandra_seed_0]: command returned:

 	$:  


Apr24 16:30:58 [DEBUG]   [cassandra_seed_0]: running SSH command:

     service ganglia-monitor restart; service gmetad restart


Apr24 16:30:58 [DEBUG]   [cassandra_seed_0]: Connecting to SSH
Apr24 16:30:58 [DEBUG]   [cassandra_seed_0]: connected in 0 sec. Running SSH command
Apr24 16:30:58 [DEBUG]   [cassandra_seed_0]: SSH command took 0 sec
Apr24 16:30:58 [DEBUG]   [cassandra_seed_0]: command returned:

 	$:  


Apr24 16:30:58 [ INFO]   [cassandra_seed_0]: running bootstrap script
Apr24 16:30:58 [DEBUG]   [cassandra_seed_0]: running SSH command:

     #!/bin/sh
     echo 'data_source "clients" cassandra_client_1' >> /etc/ganglia/gmetad.conf
     sed -i 's/data_source "cassandra" .*/ data_source "cassandra" cassandra_seednode/g ' /etc/ganglia/gmetad.conf
     ctool be_seed
     ctool full_start
     service gmetad restart
     
     #report alive
     gmetric -n alive -v 1 -t int32 -u nodes -d 10000
     


Apr24 16:30:58 [DEBUG]   [cassandra_seed_0]: Connecting to SSH
Apr24 16:30:58 [DEBUG]   [cassandra_seed_0]: connected in 0 sec. Running SSH command
Apr24 16:30:58 [DEBUG]   [cassandra_seed_0]: SSH command took 0 sec
Apr24 16:30:58 [DEBUG]   [cassandra_seed_0]: command returned:

 	$:  


Apr24 16:30:58 [DEBUG]   [cassandra_seed_0]: command returned:
	$:  
Apr24 16:30:58 [ INFO]   [cassandra_seed_0]: is now bootstrapped (took 0 sec)
Apr24 16:33:19 [DEBUG]   [cassandra_seed_0]: cluster = cassandra
Apr24 16:33:20 [DEBUG]   [cassandra_seed_0]: running SSH command:

     sed -i "/.*cassandra.*/g" /etc/hosts; sed -i "/^$/d" /etc/hosts


Apr24 16:33:20 [DEBUG]   [cassandra_seed_0]: Connecting to SSH
Apr24 16:33:20 [DEBUG]   [cassandra_seed_0]: connected in 0 sec. Running SSH command
Apr24 16:33:20 [DEBUG]   [cassandra_seed_0]: SSH command took 0 sec
Apr24 16:33:20 [DEBUG]   [cassandra_seed_0]: command returned:

 	$:  


Apr24 16:33:20 [DEBUG]   [cassandra_seed_0]: running SSH command:

     echo '
     10.0.0.20 cassandra_seednode
     10.0.0.20 cassandra_seed_0
     10.0.0.7 cassandra_node_01
     10.0.0.8 cassandra_node_03
     10.0.0.15 cassandra_node_02
     10.0.0.14 cassandra_node_04' >> /etc/hosts; echo cassandra_seed_0 >/etc/hostname


Apr24 16:33:20 [DEBUG]   [cassandra_seed_0]: Connecting to SSH
Apr24 16:33:20 [DEBUG]   [cassandra_seed_0]: connected in 0 sec. Running SSH command
Apr24 16:33:20 [DEBUG]   [cassandra_seed_0]: SSH command took 0 sec
Apr24 16:33:20 [DEBUG]   [cassandra_seed_0]: command returned:

 	$:  


Apr24 16:33:22 [DEBUG]   [cassandra_seed_0]: running SSH command:

     service ganglia-monitor restart; service gmetad restart


Apr24 16:33:22 [DEBUG]   [cassandra_seed_0]: Connecting to SSH
Apr24 16:33:22 [DEBUG]   [cassandra_seed_0]: connected in 0 sec. Running SSH command
Apr24 16:33:22 [DEBUG]   [cassandra_seed_0]: SSH command took 0 sec
Apr24 16:33:22 [DEBUG]   [cassandra_seed_0]: command returned:

 	$:  


Apr24 16:34:10 [DEBUG]   [cassandra_seed_0]: cluster = cassandra
Apr24 16:34:24 [DEBUG]   [cassandra_seed_0]: cluster = cassandra
Apr24 17:18:16 [DEBUG]   [cassandra_seed_0]: cluster = cassandra
Apr24 17:18:31 [DEBUG]   [cassandra_seed_0]: cluster = cassandra
Apr24 17:18:56 [DEBUG]   [cassandra_seed_0]: cluster = cassandra
Apr24 17:18:57 [DEBUG]   [cassandra_seed_0]: running SSH command:

     sed -i "/.*cassandra.*/g" /etc/hosts; sed -i "/^$/d" /etc/hosts


Apr24 17:18:57 [DEBUG]   [cassandra_seed_0]: Connecting to SSH
Apr24 17:18:57 [DEBUG]   [cassandra_seed_0]: connected in 0 sec. Running SSH command
Apr24 17:18:57 [DEBUG]   [cassandra_seed_0]: SSH command took 0 sec
Apr24 17:18:57 [DEBUG]   [cassandra_seed_0]: command returned:

 	$:  


Apr24 17:18:57 [DEBUG]   [cassandra_seed_0]: running SSH command:

     echo '
     10.0.0.7 cassandra_node_01
     10.0.0.20 cassandra_seednode
     10.0.0.8 cassandra_node_03
     10.0.0.15 cassandra_node_02
     10.0.0.20 cassandra_seed_0' >> /etc/hosts; echo cassandra_seed_0 >/etc/hostname


Apr24 17:18:57 [DEBUG]   [cassandra_seed_0]: Connecting to SSH
Apr24 17:18:57 [DEBUG]   [cassandra_seed_0]: connected in 0 sec. Running SSH command
Apr24 17:18:57 [DEBUG]   [cassandra_seed_0]: SSH command took 0 sec
Apr24 17:18:57 [DEBUG]   [cassandra_seed_0]: command returned:

 	$:  


Apr24 17:18:58 [DEBUG]   [cassandra_seed_0]: running SSH command:

     service ganglia-monitor restart; service gmetad restart


Apr24 17:18:58 [DEBUG]   [cassandra_seed_0]: Connecting to SSH
Apr24 17:18:58 [DEBUG]   [cassandra_seed_0]: connected in 0 sec. Running SSH command
Apr24 17:18:58 [DEBUG]   [cassandra_seed_0]: SSH command took 0 sec
Apr24 17:18:58 [DEBUG]   [cassandra_seed_0]: command returned:

 	$:  


Apr24 17:33:21 [DEBUG]   [cassandra_seed_0]: cluster = cassandra
Apr24 17:47:22 [DEBUG]   [cassandra_seed_0]: running SSH command:

     sed -i "/.*cassandra.*/g" /etc/hosts; sed -i "/^$/d" /etc/hosts


Apr24 17:47:22 [DEBUG]   [cassandra_seed_0]: Connecting to SSH
Apr24 17:47:22 [DEBUG]   [cassandra_seed_0]: connected in 0 sec. Running SSH command
Apr24 17:47:22 [DEBUG]   [cassandra_seed_0]: SSH command took 0 sec
Apr24 17:47:22 [DEBUG]   [cassandra_seed_0]: command returned:

 	$:  


Apr24 17:47:22 [DEBUG]   [cassandra_seed_0]: running SSH command:

     echo '
     10.0.0.20 cassandra_seednode
     10.0.0.20 cassandra_seed_0
     10.0.0.7 cassandra_node_01
     10.0.0.8 cassandra_node_03
     10.0.0.15 cassandra_node_02
     10.0.0.14 cassandra_node_04' >> /etc/hosts; echo cassandra_seed_0 >/etc/hostname


Apr24 17:47:22 [DEBUG]   [cassandra_seed_0]: Connecting to SSH
Apr24 17:47:22 [DEBUG]   [cassandra_seed_0]: connected in 0 sec. Running SSH command
Apr24 17:47:22 [DEBUG]   [cassandra_seed_0]: SSH command took 0 sec
Apr24 17:47:22 [DEBUG]   [cassandra_seed_0]: command returned:

 	$:  


Apr24 17:47:24 [DEBUG]   [cassandra_seed_0]: running SSH command:

     service ganglia-monitor restart; service gmetad restart


Apr24 17:47:24 [DEBUG]   [cassandra_seed_0]: Connecting to SSH
Apr24 17:47:24 [DEBUG]   [cassandra_seed_0]: connected in 0 sec. Running SSH command
Apr24 17:47:24 [DEBUG]   [cassandra_seed_0]: SSH command took 0 sec
Apr24 17:47:24 [DEBUG]   [cassandra_seed_0]: command returned:

 	$:  Stopping Ganglia Monitor Daemon: gmond.
	$:  Starting Ganglia Monitor Daemon: gmond.
	$:  Stopping Ganglia Monitor Meta-Daemon: gmetad.
	$:  Starting Ganglia Monitor Meta-Daemon: gmetad.
	$:  Warning: we failed to resolve data source name cassandra_client_1
	$:  Warning: we failed to resolve data source name cassandra_client_1
	$:  Warning: we failed to resolve data source name cassandra_client_1
	$:  


Apr24 17:47:47 [DEBUG]   [cassandra_seed_0]: cluster = cassandra
Apr24 17:47:47 [ INFO]   [cassandra_seed_0]: running kill script
Apr24 17:47:47 [DEBUG]   [cassandra_seed_0]: running SSH command:

     #!/bin/sh
     CAS_PID=$(jps | grep CassandraDaemon | awk  '{print $1}')
     echo "CTOOL: Killing CassandraDaemon ($CAS_PID)"
     kill -9 $CAS_PID &>/dev/null
     ## maybe problematic
     killall java
     
     
     
     ################ debug #################3
     echo "Removing cassandra files and logs" &>>ctool.log
     #cleaning cassandra files
     rm -rf /var/lib/cassandra/* &>>ctool.log
     rm /var/log/cassandra/system.log &>>ctool.log
     #cleaning ctool rrds
     echo "Removing ganglia rrds" &>>ctool.log
     rm -rf /var/lib/ganglia/rrds/* &>>ctool.log
     
     
     
     
     
     echo '
     
     ############  KILLED  ##############' >> ycsb_run.log
     
     #report not alive
     gmetric -n alive -v 0 -t int32 -u nodes -d 10000
     


Apr24 17:47:47 [DEBUG]   [cassandra_seed_0]: Connecting to SSH
Apr24 17:47:47 [DEBUG]   [cassandra_seed_0]: connected in 0 sec. Running SSH command
Apr24 17:47:47 [DEBUG]   [cassandra_seed_0]: SSH command took 0 sec
Apr24 17:47:48 [DEBUG]   [cassandra_seed_0]: command returned:

 	$:  CTOOL: Killing CassandraDaemon (3056)
	$:  


Apr24 17:49:13 [DEBUG]   [cassandra_seed_0]: cluster = cassandra
Apr24 17:49:14 [DEBUG]   [cassandra_seed_0]: running SSH command:

     sed -i "/.*cassandra.*/g" /etc/hosts; sed -i "/^$/d" /etc/hosts


Apr24 17:49:14 [DEBUG]   [cassandra_seed_0]: Connecting to SSH
Apr24 17:49:14 [DEBUG]   [cassandra_seed_0]: connected in 0 sec. Running SSH command
Apr24 17:49:14 [DEBUG]   [cassandra_seed_0]: SSH command took 0 sec
Apr24 17:49:14 [DEBUG]   [cassandra_seed_0]: command returned:

 	$:  


Apr24 17:49:14 [DEBUG]   [cassandra_seed_0]: running SSH command:

     echo '
     10.0.0.7 cassandra_node_01
     10.0.0.20 cassandra_seednode
     10.0.0.15 cassandra_node_02
     10.0.0.20 cassandra_seed_0' >> /etc/hosts; echo cassandra_seed_0 >/etc/hostname


Apr24 17:49:14 [DEBUG]   [cassandra_seed_0]: Connecting to SSH
Apr24 17:49:14 [DEBUG]   [cassandra_seed_0]: connected in 0 sec. Running SSH command
Apr24 17:49:14 [DEBUG]   [cassandra_seed_0]: SSH command took 0 sec
Apr24 17:49:14 [DEBUG]   [cassandra_seed_0]: command returned:

 	$:  


Apr24 17:49:15 [DEBUG]   [cassandra_seed_0]: running SSH command:

     service ganglia-monitor restart; service gmetad restart


Apr24 17:49:15 [DEBUG]   [cassandra_seed_0]: Connecting to SSH
Apr24 17:49:15 [DEBUG]   [cassandra_seed_0]: connected in 0 sec. Running SSH command
Apr24 17:49:15 [DEBUG]   [cassandra_seed_0]: SSH command took 0 sec
Apr24 17:49:15 [DEBUG]   [cassandra_seed_0]: command returned:

 	$:  Stopping Ganglia Monitor Daemon: gmond.
	$:  Starting Ganglia Monitor Daemon: gmond.
	$:  Stopping Ganglia Monitor Meta-Daemon: gmetad.
	$:  Starting Ganglia Monitor Meta-Daemon: gmetad.
	$:  Warning: we failed to resolve data source name cassandra_client_1
	$:  Warning: we failed to resolve data source name cassandra_client_1
	$:  Warning: we failed to resolve data source name cassandra_client_1
	$:  


Apr24 17:49:15 [ INFO]   [cassandra_seed_0]: running bootstrap script
Apr24 17:49:15 [DEBUG]   [cassandra_seed_0]: running SSH command:

     #!/bin/sh
     echo 'data_source "clients" cassandra_client_1' >> /etc/ganglia/gmetad.conf
     sed -i 's/data_source "cassandra" .*/ data_source "cassandra" cassandra_seednode/g ' /etc/ganglia/gmetad.conf
     ctool be_seed
     ctool full_start
     service gmetad restart
     
     #report alive
     gmetric -n alive -v 1 -t int32 -u nodes -d 10000
     


Apr24 17:49:15 [DEBUG]   [cassandra_seed_0]: Connecting to SSH
Apr24 17:49:15 [DEBUG]   [cassandra_seed_0]: connected in 0 sec. Running SSH command
Apr24 17:49:15 [DEBUG]   [cassandra_seed_0]: SSH command took 0 sec
Apr24 17:49:38 [DEBUG]   [cassandra_seed_0]: command returned:

 	$:  Changing the gmond.conf file
	$:  my address is 10.0.0.20
	$:  configuring cassandra.yaml for my address:10.0.0.20
	$:  (Re)starting Ganglia, gmetad, apache
	$:  CTOOL: Killing CassandraDaemon ()
	$:  Removing cassandra files and logs
	$:  Removing YCSB rrds
	$:  Starting casandra service, ganglia-monitor
	$:  waiting ready
	$:  ready
	$:  creating ycsb keyspace
	$:  Stopping Ganglia Monitor Meta-Daemon: gmetad.
	$:  Starting Ganglia Monitor Meta-Daemon: gmetad.
	$:  Warning: we failed to resolve data source name cassandra_client_1
	$:  Warning: we failed to resolve data source name cassandra_client_1
	$:  Warning: we failed to resolve data source name cassandra_client_1
	$:  Warning: we failed to resolve data source name cassandra_client_1
	$:  


Apr24 17:49:38 [DEBUG]   [cassandra_seed_0]: command returned:
	$:  Changing the gmond.conf file
	$:  my address is 10.0.0.20
	$:  configuring cassandra.yaml for my address:10.0.0.20
	$:  (Re)starting Ganglia, gmetad, apache
	$:  CTOOL: Killing CassandraDaemon ()
	$:  Removing cassandra files and logs
	$:  Removing YCSB rrds
	$:  Starting casandra service, ganglia-monitor
	$:  waiting ready
	$:  ready
	$:  creating ycsb keyspace
	$:  Stopping Ganglia Monitor Meta-Daemon: gmetad.
	$:  Starting Ganglia Monitor Meta-Daemon: gmetad.
	$:  Warning: we failed to resolve data source name cassandra_client_1
	$:  Warning: we failed to resolve data source name cassandra_client_1
	$:  Warning: we failed to resolve data source name cassandra_client_1
	$:  Warning: we failed to resolve data source name cassandra_client_1
	$:  
Apr24 17:49:38 [ INFO]   [cassandra_seed_0]: is now bootstrapped (took 23 sec)
Apr24 17:52:06 [DEBUG]   [cassandra_seed_0]: cluster = cassandra
Apr24 17:53:53 [DEBUG]   [cassandra_seed_0]: running SSH command:

     sed -i "/.*cassandra.*/g" /etc/hosts; sed -i "/^$/d" /etc/hosts


Apr24 17:53:53 [DEBUG]   [cassandra_seed_0]: Connecting to SSH
Apr24 17:53:54 [DEBUG]   [cassandra_seed_0]: connected in 0 sec. Running SSH command
Apr24 17:53:54 [DEBUG]   [cassandra_seed_0]: SSH command took 0 sec
Apr24 17:53:54 [DEBUG]   [cassandra_seed_0]: command returned:

 	$:  


Apr24 17:53:54 [DEBUG]   [cassandra_seed_0]: running SSH command:

     echo '
     10.0.0.20 cassandra_seednode
     10.0.0.20 cassandra_seed_0
     10.0.0.7 cassandra_node_01
     10.0.0.8 cassandra_node_03
     10.0.0.15 cassandra_node_02
     10.0.0.18 cassandra_node_05
     10.0.0.14 cassandra_node_04' >> /etc/hosts; echo cassandra_seed_0 >/etc/hostname


Apr24 17:53:54 [DEBUG]   [cassandra_seed_0]: Connecting to SSH
Apr24 17:53:54 [DEBUG]   [cassandra_seed_0]: connected in 0 sec. Running SSH command
Apr24 17:53:54 [DEBUG]   [cassandra_seed_0]: SSH command took 0 sec
Apr24 17:53:54 [DEBUG]   [cassandra_seed_0]: command returned:

 	$:  


Apr24 17:53:55 [DEBUG]   [cassandra_seed_0]: running SSH command:

     service ganglia-monitor restart; service gmetad restart


Apr24 17:53:55 [DEBUG]   [cassandra_seed_0]: Connecting to SSH
Apr24 17:53:56 [DEBUG]   [cassandra_seed_0]: connected in 0 sec. Running SSH command
Apr24 17:53:56 [DEBUG]   [cassandra_seed_0]: SSH command took 0 sec
Apr24 17:53:56 [DEBUG]   [cassandra_seed_0]: command returned:

 	$:  Stopping Ganglia Monitor Daemon: gmond.
	$:  Starting Ganglia Monitor Daemon: gmond.
	$:  Stopping Ganglia Monitor Meta-Daemon: gmetad.
	$:  Starting Ganglia Monitor Meta-Daemon: gmetad.
	$:  Warning: we failed to resolve data source name cassandra_client_1
	$:  Warning: we failed to resolve data source name cassandra_client_1
	$:  Warning: we failed to resolve data source name cassandra_client_1
	$:  Warning: we failed to resolve data source name cassandra_client_1
	$:  


Apr24 17:54:23 [DEBUG]   [cassandra_seed_0]: cluster = cassandra
Apr24 17:57:59 [DEBUG]   [cassandra_seed_0]: running SSH command:

     sed -i "/.*cassandra.*/g" /etc/hosts; sed -i "/^$/d" /etc/hosts


Apr24 17:57:59 [DEBUG]   [cassandra_seed_0]: Connecting to SSH
Apr24 17:57:59 [DEBUG]   [cassandra_seed_0]: connected in 0 sec. Running SSH command
Apr24 17:57:59 [DEBUG]   [cassandra_seed_0]: SSH command took 0 sec
Apr24 17:57:59 [DEBUG]   [cassandra_seed_0]: command returned:

 	$:  


Apr24 17:57:59 [DEBUG]   [cassandra_seed_0]: running SSH command:

     echo '
     10.0.0.20 cassandra_seednode
     10.0.0.20 cassandra_seed_0
     10.0.0.24 cassandra_node_08
     10.0.0.7 cassandra_node_01
     10.0.0.8 cassandra_node_03
     10.0.0.15 cassandra_node_02
     10.0.0.18 cassandra_node_05
     10.0.0.14 cassandra_node_04
     10.0.0.29 cassandra_node_07
     10.0.0.16 cassandra_node_06' >> /etc/hosts; echo cassandra_seed_0 >/etc/hostname


Apr24 17:57:59 [DEBUG]   [cassandra_seed_0]: Connecting to SSH
Apr24 17:57:59 [DEBUG]   [cassandra_seed_0]: connected in 0 sec. Running SSH command
Apr24 17:57:59 [DEBUG]   [cassandra_seed_0]: SSH command took 0 sec
Apr24 17:57:59 [DEBUG]   [cassandra_seed_0]: command returned:

 	$:  


Apr24 17:58:02 [DEBUG]   [cassandra_seed_0]: running SSH command:

     service ganglia-monitor restart; service gmetad restart


Apr24 17:58:02 [DEBUG]   [cassandra_seed_0]: Connecting to SSH
Apr24 17:58:02 [DEBUG]   [cassandra_seed_0]: connected in 0 sec. Running SSH command
Apr24 17:58:02 [DEBUG]   [cassandra_seed_0]: SSH command took 0 sec
Apr24 17:58:02 [DEBUG]   [cassandra_seed_0]: command returned:

 	$:  Stopping Ganglia Monitor Daemon: gmond.
	$:  Starting Ganglia Monitor Daemon: gmond.
	$:  Stopping Ganglia Monitor Meta-Daemon: gmetad.
	$:  Starting Ganglia Monitor Meta-Daemon: gmetad.
	$:  Warning: we failed to resolve data source name cassandra_client_1
	$:  Warning: we failed to resolve data source name cassandra_client_1
	$:  Warning: we failed to resolve data source name cassandra_client_1
	$:  Warning: we failed to resolve data source name cassandra_client_1
	$:  


Apr24 18:09:23 [DEBUG]   [cassandra_seed_0]: cluster = cassandra
Apr24 18:13:33 [DEBUG]   [cassandra_seed_0]: running SSH command:

     sed -i "/.*cassandra.*/g" /etc/hosts; sed -i "/^$/d" /etc/hosts


Apr24 18:13:33 [DEBUG]   [cassandra_seed_0]: Connecting to SSH
Apr24 18:13:33 [DEBUG]   [cassandra_seed_0]: connected in 0 sec. Running SSH command
Apr24 18:13:33 [DEBUG]   [cassandra_seed_0]: SSH command took 0 sec
Apr24 18:13:33 [DEBUG]   [cassandra_seed_0]: command returned:

 	$:  


Apr24 18:13:33 [DEBUG]   [cassandra_seed_0]: running SSH command:

     echo '
     10.0.0.20 cassandra_seednode
     10.0.0.13 cassandra_node_11
     10.0.0.11 cassandra_node_10
     10.0.0.20 cassandra_seed_0
     10.0.0.5 cassandra_node_09
     10.0.0.24 cassandra_node_08
     10.0.0.23 cassandra_node_12
     10.0.0.7 cassandra_node_01
     10.0.0.8 cassandra_node_03
     10.0.0.15 cassandra_node_02
     10.0.0.18 cassandra_node_05
     10.0.0.14 cassandra_node_04
     10.0.0.29 cassandra_node_07
     10.0.0.16 cassandra_node_06' >> /etc/hosts; echo cassandra_seed_0 >/etc/hostname


Apr24 18:13:33 [DEBUG]   [cassandra_seed_0]: Connecting to SSH
Apr24 18:13:33 [DEBUG]   [cassandra_seed_0]: connected in 0 sec. Running SSH command
Apr24 18:13:33 [DEBUG]   [cassandra_seed_0]: SSH command took 0 sec
Apr24 18:13:33 [DEBUG]   [cassandra_seed_0]: command returned:

 	$:  


Apr24 18:13:38 [DEBUG]   [cassandra_seed_0]: running SSH command:

     service ganglia-monitor restart; service gmetad restart


Apr24 18:13:38 [DEBUG]   [cassandra_seed_0]: Connecting to SSH
Apr24 18:13:38 [DEBUG]   [cassandra_seed_0]: connected in 0 sec. Running SSH command
Apr24 18:13:38 [DEBUG]   [cassandra_seed_0]: SSH command took 0 sec
Apr24 18:13:38 [DEBUG]   [cassandra_seed_0]: command returned:

 	$:  Stopping Ganglia Monitor Daemon: gmond.
	$:  Starting Ganglia Monitor Daemon: gmond.
	$:  Stopping Ganglia Monitor Meta-Daemon: gmetad.
	$:  Starting Ganglia Monitor Meta-Daemon: gmetad.
	$:  Warning: we failed to resolve data source name cassandra_client_1
	$:  Warning: we failed to resolve data source name cassandra_client_1
	$:  Warning: we failed to resolve data source name cassandra_client_1
	$:  Warning: we failed to resolve data source name cassandra_client_1
	$:  


Apr24 18:15:02 [DEBUG]   [cassandra_seed_0]: cluster = cassandra
Apr24 18:21:28 [DEBUG]   [cassandra_seed_0]: running SSH command:

     sed -i "/.*cassandra.*/g" /etc/hosts; sed -i "/^$/d" /etc/hosts


Apr24 18:21:28 [DEBUG]   [cassandra_seed_0]: Connecting to SSH
Apr24 18:21:28 [DEBUG]   [cassandra_seed_0]: connected in 0 sec. Running SSH command
Apr24 18:21:28 [DEBUG]   [cassandra_seed_0]: SSH command took 0 sec
Apr24 18:21:28 [DEBUG]   [cassandra_seed_0]: command returned:

 	$:  


Apr24 18:21:28 [DEBUG]   [cassandra_seed_0]: running SSH command:

     echo '
     10.0.0.20 cassandra_seednode
     10.0.0.20 cassandra_seed_0
     10.0.0.7 cassandra_node_01
     10.0.0.8 cassandra_node_03
     10.0.0.15 cassandra_node_02
     10.0.0.18 cassandra_node_05
     10.0.0.14 cassandra_node_04
     10.0.0.29 cassandra_node_07
     10.0.0.16 cassandra_node_06' >> /etc/hosts; echo cassandra_seed_0 >/etc/hostname


Apr24 18:21:28 [DEBUG]   [cassandra_seed_0]: Connecting to SSH
Apr24 18:21:28 [DEBUG]   [cassandra_seed_0]: connected in 0 sec. Running SSH command
Apr24 18:21:28 [DEBUG]   [cassandra_seed_0]: SSH command took 0 sec
Apr24 18:21:28 [DEBUG]   [cassandra_seed_0]: command returned:

 	$:  


Apr24 18:21:31 [DEBUG]   [cassandra_seed_0]: running SSH command:

     service ganglia-monitor restart; service gmetad restart


Apr24 18:21:31 [DEBUG]   [cassandra_seed_0]: Connecting to SSH
Apr24 18:21:31 [DEBUG]   [cassandra_seed_0]: connected in 0 sec. Running SSH command
Apr24 18:21:31 [DEBUG]   [cassandra_seed_0]: SSH command took 0 sec
Apr24 18:21:31 [DEBUG]   [cassandra_seed_0]: command returned:

 	$:  Stopping Ganglia Monitor Daemon: gmond.
	$:  Starting Ganglia Monitor Daemon: gmond.
	$:  Stopping Ganglia Monitor Meta-Daemon: gmetad.
	$:  Starting Ganglia Monitor Meta-Daemon: gmetad.
	$:  Warning: we failed to resolve data source name cassandra_client_1
	$:  Warning: we failed to resolve data source name cassandra_client_1
	$:  Warning: we failed to resolve data source name cassandra_client_1
	$:  Warning: we failed to resolve data source name cassandra_client_1
	$:  


Apr24 18:28:29 [DEBUG]   [cassandra_seed_0]: cluster = cassandra
Apr24 18:28:44 [DEBUG]   [cassandra_seed_0]: cluster = cassandra
Apr24 18:30:00 [DEBUG]   [cassandra_seed_0]: cluster = cassandra
Apr24 18:30:14 [DEBUG]   [cassandra_seed_0]: cluster = cassandra
