Apr10 19:31:32 [DEBUG]         [clients__1]: cluster = clients
Apr10 19:31:32 [ INFO]         [clients__1]: creating (async)
Apr10 19:31:32 [DEBUG]         [clients__1]: Not active yet. Sleeping
Apr10 19:36:12 [ INFO]         [clients__1]: creating (async)
Apr10 19:36:12 [DEBUG]         [clients__1]: Not active yet. Sleeping
Apr10 19:41:07 [ INFO]         [clients__1]: creating (async)
Apr10 19:41:07 [DEBUG]         [clients__1]: Not active yet. Sleeping
Apr10 19:42:12 [ INFO]         [clients__1]: IaaS status is now ACTIVE (took 65 sec)
Apr10 19:42:13 [ INFO]         [clients__1]: Waiting for SSH daemon (83.212.118.4)
Apr10 19:43:09 [ INFO]         [clients__1]: now ready (took 55 sec)
Apr10 19:43:09 [DEBUG]         [clients__1]: running SSH command:

     sed -i "/.*clients.*/g" /etc/hosts; sed -i "/^$/d" /etc/hosts


Apr10 19:43:09 [DEBUG]         [clients__1]: command returned:

 	$:  


Apr10 19:43:09 [DEBUG]         [clients__1]: running SSH command:

     echo '
     10.0.0.2 clients__1
     10.0.0.6 clients__2
     10.0.0.4 clients__3' >> /etc/hosts; echo clients__1 >/etc/hostname


Apr10 19:43:09 [DEBUG]         [clients__1]: command returned:

 	$:  


Apr10 19:43:09 [ INFO]         [clients__1]: running bootstrap script
Apr10 19:43:09 [DEBUG]         [clients__1]: running SSH command:

     sed -i 's/host = .*/host = clients__1/g' /etc/ganglia/gmond.conf
     sed -i 's/name = \"cassandra\"/name = \"clients\"/g' /etc/ganglia/gmond.conf
     service ganglia-monitor restart;
     
     


Apr10 19:43:10 [DEBUG]         [clients__1]: command returned:

 	$:  Stopping Ganglia Monitor Daemon: gmond.
	$:  Starting Ganglia Monitor Daemon: gmond.
	$:  


Apr10 19:43:10 [DEBUG]         [clients__1]: command returned:
	$:  Stopping Ganglia Monitor Daemon: gmond.
	$:  Starting Ganglia Monitor Daemon: gmond.
	$:  
Apr10 19:43:10 [ INFO]         [clients__1]: is now bootstrapped (took 0 sec)
Apr10 19:44:08 [DEBUG]         [clients__1]: running SSH command:

     sed -i "/.*clients.*/g" /etc/hosts; sed -i "/^$/d" /etc/hosts


Apr10 19:44:18 [DEBUG]         [clients__1]: command returned:

 	$:  


Apr10 19:44:18 [DEBUG]         [clients__1]: running SSH command:

     echo '
     10.0.0.2 clients__1
     10.0.0.6 clients__2
     10.0.0.4 clients__3' >> /etc/hosts; echo clients__1 >/etc/hostname


Apr10 19:44:18 [DEBUG]         [clients__1]: command returned:

 	$:  


Apr10 19:49:01 [DEBUG]         [clients__1]: cluster = clients
Apr10 19:50:03 [DEBUG]         [clients__1]: cluster = clients
Apr10 19:50:17 [DEBUG]         [clients__1]: cluster = clients
Apr10 19:50:17 [ INFO]         [clients__1]: running kill script
Apr10 19:50:17 [DEBUG]         [clients__1]: running SSH command:

     CAS_PID=$(jps | grep CassandraDaemon | awk  '{print $1}')
     echo "CTOOL: Killing CassandraDaemon ($CAS_PID)"
     kill -9 $CAS_PID &>/dev/null
     ## maybe problematic
     killall java
     
     
     
     ################ debug #################3
     echo "Removing cassandra files and logs" &>>ctool.log
     #cleaning cassandra files
     rm -rf /var/lib/cassandra/* &>>ctool.log
     rm /var/log/cassandra/system.log &>>ctool.log
     #cleaning ctool rrds
     echo "Removing ganglia rrds" &>>ctool.log
     rm -rf /var/lib/ganglia/rrds/* &>>ctool.log
     
     
     
     
     
     echo '
     
     ############  KILLED  ##############' >> ycsb_run.log
     
     


Apr10 19:50:20 [DEBUG]         [clients__1]: command returned:

 	$:  CTOOL: Killing CassandraDaemon ()
	$:  java: no process found
	$:  


Apr10 19:50:27 [DEBUG]         [clients__1]: running SSH command:

     echo '10.0.0.13
     10.0.0.17
     10.0.0.5
     10.0.0.10
     10.0.0.11
     10.0.0.9
     10.0.0.12
     ' > /opt/hosts;#!/bin/sh
     #########  YCSB WORKLOAD PARAMS  ########
     target=2666
     offset=2000
     period=3600
     threads=200
     
     echo "
     period=$period
     target=$target
     offset=$offset
     recordcount=1000
     operationcount=10000000
     workload=com.yahoo.ycsb.workloads.CoreWorkload
     sinusoidal=true
     readallfields=true
     
     readproportion=1
     updateproportion=0
     scanproportion=0
     insertproportion=0
     
     requestdistribution=uniform
     hostsFile=/opt/hosts
     maxexecutiontime=1000000000
     " > my_workload
     
     ycsb run cassandra-cql -P my_workload -threads $threads  -s &> /root/ycsb_run.log &
     
     
     


Apr10 19:50:28 [DEBUG]         [clients__1]: command returned:

 	$:  


Apr10 19:55:38 [DEBUG]         [clients__1]: cluster = clients
Apr10 19:55:51 [DEBUG]         [clients__1]: cluster = clients
Apr10 19:55:51 [ INFO]         [clients__1]: running kill script
Apr10 19:55:51 [DEBUG]         [clients__1]: running SSH command:

     CAS_PID=$(jps | grep CassandraDaemon | awk  '{print $1}')
     echo "CTOOL: Killing CassandraDaemon ($CAS_PID)"
     kill -9 $CAS_PID &>/dev/null
     ## maybe problematic
     killall java
     
     
     
     ################ debug #################3
     echo "Removing cassandra files and logs" &>>ctool.log
     #cleaning cassandra files
     rm -rf /var/lib/cassandra/* &>>ctool.log
     rm /var/log/cassandra/system.log &>>ctool.log
     #cleaning ctool rrds
     echo "Removing ganglia rrds" &>>ctool.log
     rm -rf /var/lib/ganglia/rrds/* &>>ctool.log
     
     
     
     
     
     echo '
     
     ############  KILLED  ##############' >> ycsb_run.log
     
     


Apr10 19:56:00 [DEBUG]         [clients__1]: command returned:

 	$:  CTOOL: Killing CassandraDaemon ()
	$:  


Apr10 19:56:05 [DEBUG]         [clients__1]: running SSH command:

     echo '10.0.0.13
     10.0.0.17
     10.0.0.5
     10.0.0.10
     10.0.0.11
     10.0.0.9
     10.0.0.12
     ' > /opt/hosts;#!/bin/sh
     #########  YCSB WORKLOAD PARAMS  ########
     target=2666
     offset=2000
     period=3600
     threads=200
     
     echo "
     period=$period
     target=$target
     offset=$offset
     recordcount=1000
     operationcount=10000000
     workload=com.yahoo.ycsb.workloads.CoreWorkload
     sinusoidal=true
     readallfields=true
     
     readproportion=1
     updateproportion=0
     scanproportion=0
     insertproportion=0
     
     requestdistribution=uniform
     hostsFile=/opt/hosts
     maxexecutiontime=1000000000
     " > my_workload
     
     ycsb run cassandra-cql -P my_workload -threads $threads  -s &> /root/ycsb_run.log &
     
     
     


Apr10 19:56:05 [DEBUG]         [clients__1]: command returned:

 	$:  


Apr10 20:00:07 [DEBUG]         [clients__1]: cluster = clients
Apr10 20:00:21 [DEBUG]         [clients__1]: cluster = clients
Apr10 20:00:21 [ INFO]         [clients__1]: running kill script
Apr10 20:00:21 [DEBUG]         [clients__1]: running SSH command:

     CAS_PID=$(jps | grep CassandraDaemon | awk  '{print $1}')
     echo "CTOOL: Killing CassandraDaemon ($CAS_PID)"
     kill -9 $CAS_PID &>/dev/null
     ## maybe problematic
     killall java
     
     
     
     ################ debug #################3
     echo "Removing cassandra files and logs" &>>ctool.log
     #cleaning cassandra files
     rm -rf /var/lib/cassandra/* &>>ctool.log
     rm /var/log/cassandra/system.log &>>ctool.log
     #cleaning ctool rrds
     echo "Removing ganglia rrds" &>>ctool.log
     rm -rf /var/lib/ganglia/rrds/* &>>ctool.log
     
     
     
     
     
     echo '
     
     ############  KILLED  ##############' >> ycsb_run.log
     
     


Apr10 20:00:23 [DEBUG]         [clients__1]: command returned:

 	$:  CTOOL: Killing CassandraDaemon ()
	$:  


Apr10 20:00:28 [DEBUG]         [clients__1]: running SSH command:

     echo '10.0.0.13
     10.0.0.17
     10.0.0.5
     10.0.0.10
     10.0.0.11
     10.0.0.9
     10.0.0.12
     10.0.0.18
     ' > /opt/hosts;#!/bin/sh
     #########  YCSB WORKLOAD PARAMS  ########
     target=2666
     offset=2000
     period=3600
     threads=200
     
     echo "
     period=$period
     target=$target
     offset=$offset
     recordcount=1000
     operationcount=10000000
     workload=com.yahoo.ycsb.workloads.CoreWorkload
     sinusoidal=true
     readallfields=true
     
     readproportion=1
     updateproportion=0
     scanproportion=0
     insertproportion=0
     
     requestdistribution=uniform
     hostsFile=/opt/hosts
     maxexecutiontime=1000000000
     " > my_workload
     
     ycsb run cassandra-cql -P my_workload -threads $threads  -s &> /root/ycsb_run.log &
     
     
     


Apr10 20:00:29 [DEBUG]         [clients__1]: command returned:

 	$:  


Apr10 20:07:07 [DEBUG]         [clients__1]: cluster = clients
Apr10 20:07:20 [DEBUG]         [clients__1]: cluster = clients
Apr10 20:09:36 [DEBUG]         [clients__1]: cluster = clients
Apr10 20:09:48 [DEBUG]         [clients__1]: cluster = clients
Apr10 20:09:48 [DEBUG]         [clients__1]: running SSH command:

     echo '10.0.0.13
     10.0.0.13
     10.0.0.5
     10.0.0.10
     10.0.0.11
     10.0.0.9
     10.0.0.12
     10.0.0.18
     ' > /opt/hosts;### RUN THIS FROM PYTHON ONLY, SPECIFYING THE FOLLOWING PARAMS
     count=10000000
     step=3333333
     start=0
     
     /etc/YCSB/bin/ycsb load cassandra-cql \
     -P /etc/YCSB/workloads/workloada -p port=9042 \
     -threads 20 -s \
     -p hostsFile=/opt/hosts \
     -p recordcount=$count -p insertcount=$step -p insertstart=$start \
     &> /root/ycsb_load.log &
     
     
     


Apr10 20:09:59 [DEBUG]         [clients__1]: command returned:

 	$:  


Apr10 21:14:03 [DEBUG]         [clients__1]: cluster = clients
Apr10 21:14:16 [DEBUG]         [clients__1]: cluster = clients
Apr10 21:14:16 [ INFO]         [clients__1]: running kill script
Apr10 21:14:16 [DEBUG]         [clients__1]: running SSH command:

     CAS_PID=$(jps | grep CassandraDaemon | awk  '{print $1}')
     echo "CTOOL: Killing CassandraDaemon ($CAS_PID)"
     kill -9 $CAS_PID &>/dev/null
     ## maybe problematic
     killall java
     
     
     
     ################ debug #################3
     echo "Removing cassandra files and logs" &>>ctool.log
     #cleaning cassandra files
     rm -rf /var/lib/cassandra/* &>>ctool.log
     rm /var/log/cassandra/system.log &>>ctool.log
     #cleaning ctool rrds
     echo "Removing ganglia rrds" &>>ctool.log
     rm -rf /var/lib/ganglia/rrds/* &>>ctool.log
     
     
     
     
     
     echo '
     
     ############  KILLED  ##############' >> ycsb_run.log
     
     


Apr10 21:14:17 [DEBUG]         [clients__1]: command returned:

 	$:  CTOOL: Killing CassandraDaemon ()
	$:  


Apr10 21:14:28 [DEBUG]         [clients__1]: running SSH command:

     echo '10.0.0.13
     10.0.0.13
     10.0.0.5
     10.0.0.10
     10.0.0.11
     10.0.0.9
     10.0.0.12
     10.0.0.18
     ' > /opt/hosts;#!/bin/sh
     #########  YCSB WORKLOAD PARAMS  ########
     target=2666
     offset=2000
     period=3600
     threads=200
     
     echo "
     period=$period
     target=$target
     offset=$offset
     recordcount=1000
     operationcount=10000000
     workload=com.yahoo.ycsb.workloads.CoreWorkload
     sinusoidal=true
     readallfields=true
     
     readproportion=1
     updateproportion=0
     scanproportion=0
     insertproportion=0
     
     requestdistribution=uniform
     hostsFile=/opt/hosts
     maxexecutiontime=1000000000
     " > my_workload
     
     ycsb run cassandra-cql -P my_workload -threads $threads  -s &> /root/ycsb_run.log &
     
     
     


Apr10 21:14:28 [DEBUG]         [clients__1]: command returned:

 	$:  


Apr11 13:31:36 [DEBUG]         [clients__1]: cluster = clients
Apr11 13:31:49 [DEBUG]         [clients__1]: cluster = clients
Apr11 13:31:49 [ INFO]         [clients__1]: running kill script
Apr11 13:31:49 [DEBUG]         [clients__1]: running SSH command:

     CAS_PID=$(jps | grep CassandraDaemon | awk  '{print $1}')
     echo "CTOOL: Killing CassandraDaemon ($CAS_PID)"
     kill -9 $CAS_PID &>/dev/null
     ## maybe problematic
     killall java
     
     
     
     ################ debug #################3
     echo "Removing cassandra files and logs" &>>ctool.log
     #cleaning cassandra files
     rm -rf /var/lib/cassandra/* &>>ctool.log
     rm /var/log/cassandra/system.log &>>ctool.log
     #cleaning ctool rrds
     echo "Removing ganglia rrds" &>>ctool.log
     rm -rf /var/lib/ganglia/rrds/* &>>ctool.log
     
     
     
     
     
     echo '
     
     ############  KILLED  ##############' >> ycsb_run.log
     
     


Apr11 13:31:50 [DEBUG]         [clients__1]: command returned:

 	$:  CTOOL: Killing CassandraDaemon ()
	$:  java: no process found
	$:  


Apr11 13:32:05 [DEBUG]         [clients__1]: running SSH command:

     echo '10.0.0.13
     10.0.0.33
     10.0.0.31
     10.0.0.30
     10.0.0.13
     10.0.0.26
     10.0.0.21
     10.0.0.15
     10.0.0.14
     10.0.0.5
     10.0.0.29
     10.0.0.10
     10.0.0.11
     10.0.0.9
     10.0.0.12
     10.0.0.23
     10.0.0.18
     ' > /opt/hosts;#!/bin/sh
     #########  YCSB WORKLOAD PARAMS  ########
     target=2666
     offset=2000
     period=3600
     threads=200
     
     echo "
     period=$period
     target=$target
     offset=$offset
     recordcount=1000
     workload=com.yahoo.ycsb.workloads.CoreWorkload
     sinusoidal=true
     readallfields=true
     
     readproportion=1
     updateproportion=0
     scanproportion=0
     insertproportion=0
     
     requestdistribution=uniform
     hostsFile=/opt/hosts
     maxexecutiontime=1000000000
     " > my_workload
     
     ycsb run cassandra-cql -P my_workload -threads $threads  -s &> /root/ycsb_run.log &
     
     
     


Apr11 13:32:05 [DEBUG]         [clients__1]: command returned:

 	$:  


Apr11 13:36:18 [DEBUG]         [clients__1]: cluster = clients
Apr11 13:36:18 [ INFO]         [clients__1]: running kill script
Apr11 13:36:18 [DEBUG]         [clients__1]: running SSH command:

     CAS_PID=$(jps | grep CassandraDaemon | awk  '{print $1}')
     echo "CTOOL: Killing CassandraDaemon ($CAS_PID)"
     kill -9 $CAS_PID &>/dev/null
     ## maybe problematic
     killall java
     
     
     
     ################ debug #################3
     echo "Removing cassandra files and logs" &>>ctool.log
     #cleaning cassandra files
     rm -rf /var/lib/cassandra/* &>>ctool.log
     rm /var/log/cassandra/system.log &>>ctool.log
     #cleaning ctool rrds
     echo "Removing ganglia rrds" &>>ctool.log
     rm -rf /var/lib/ganglia/rrds/* &>>ctool.log
     
     
     
     
     
     echo '
     
     ############  KILLED  ##############' >> ycsb_run.log
     
     


Apr11 13:36:21 [DEBUG]         [clients__1]: command returned:

 	$:  CTOOL: Killing CassandraDaemon ()
	$:  


Apr11 13:37:18 [DEBUG]         [clients__1]: cluster = clients
Apr11 13:37:30 [DEBUG]         [clients__1]: cluster = clients
Apr11 13:37:31 [ INFO]         [clients__1]: running kill script
Apr11 13:37:31 [DEBUG]         [clients__1]: running SSH command:

     CAS_PID=$(jps | grep CassandraDaemon | awk  '{print $1}')
     echo "CTOOL: Killing CassandraDaemon ($CAS_PID)"
     kill -9 $CAS_PID &>/dev/null
     ## maybe problematic
     killall java
     
     
     
     ################ debug #################3
     echo "Removing cassandra files and logs" &>>ctool.log
     #cleaning cassandra files
     rm -rf /var/lib/cassandra/* &>>ctool.log
     rm /var/log/cassandra/system.log &>>ctool.log
     #cleaning ctool rrds
     echo "Removing ganglia rrds" &>>ctool.log
     rm -rf /var/lib/ganglia/rrds/* &>>ctool.log
     
     
     
     
     
     echo '
     
     ############  KILLED  ##############' >> ycsb_run.log
     
     


Apr11 13:37:31 [DEBUG]         [clients__1]: command returned:

 	$:  CTOOL: Killing CassandraDaemon ()
	$:  java: no process found
	$:  


Apr11 13:37:33 [DEBUG]         [clients__1]: running SSH command:

     echo '10.0.0.13
     10.0.0.33
     10.0.0.31
     10.0.0.30
     10.0.0.13
     10.0.0.26
     10.0.0.21
     10.0.0.15
     10.0.0.14
     10.0.0.5
     10.0.0.29
     10.0.0.10
     10.0.0.11
     10.0.0.9
     10.0.0.12
     10.0.0.23
     10.0.0.18
     ' > /opt/hosts;#!/bin/sh
     #########  YCSB WORKLOAD PARAMS  ########
     threads=200
     
     echo "
     recordcount=100
     workload=com.yahoo.ycsb.workloads.CoreWorkload
     sinusoidal=false
     readallfields=true
     readproportion=1
     updateproportion=0
     scanproportion=0
     insertproportion=0
     requestdistribution=uniform
     hostsFile=/opt/hosts
     maxexecutiontime=1000000000
     target=5000
     " > my_workload
     
     ycsb run cassandra-cql -P my_workload -threads $threads  -s &> /root/ycsb_run.log &
     
     


Apr11 13:37:33 [DEBUG]         [clients__1]: command returned:

 	$:  


Apr11 13:49:03 [DEBUG]         [clients__1]: cluster = clients
Apr11 13:49:03 [ INFO]         [clients__1]: running kill script
Apr11 13:49:03 [DEBUG]         [clients__1]: running SSH command:

     CAS_PID=$(jps | grep CassandraDaemon | awk  '{print $1}')
     echo "CTOOL: Killing CassandraDaemon ($CAS_PID)"
     kill -9 $CAS_PID &>/dev/null
     ## maybe problematic
     killall java
     
     
     
     ################ debug #################3
     echo "Removing cassandra files and logs" &>>ctool.log
     #cleaning cassandra files
     rm -rf /var/lib/cassandra/* &>>ctool.log
     rm /var/log/cassandra/system.log &>>ctool.log
     #cleaning ctool rrds
     echo "Removing ganglia rrds" &>>ctool.log
     rm -rf /var/lib/ganglia/rrds/* &>>ctool.log
     
     
     
     
     
     echo '
     
     ############  KILLED  ##############' >> ycsb_run.log
     
     


Apr11 13:49:04 [DEBUG]         [clients__1]: command returned:

 	$:  CTOOL: Killing CassandraDaemon ()
	$:  


Apr11 14:54:05 [DEBUG]         [clients__1]: cluster = clients
Apr11 14:54:17 [DEBUG]         [clients__1]: cluster = clients
Apr11 14:54:18 [ INFO]         [clients__1]: running kill script
Apr11 14:54:18 [DEBUG]         [clients__1]: running SSH command:

     CAS_PID=$(jps | grep CassandraDaemon | awk  '{print $1}')
     echo "CTOOL: Killing CassandraDaemon ($CAS_PID)"
     kill -9 $CAS_PID &>/dev/null
     ## maybe problematic
     killall java
     
     
     
     ################ debug #################3
     echo "Removing cassandra files and logs" &>>ctool.log
     #cleaning cassandra files
     rm -rf /var/lib/cassandra/* &>>ctool.log
     rm /var/log/cassandra/system.log &>>ctool.log
     #cleaning ctool rrds
     echo "Removing ganglia rrds" &>>ctool.log
     rm -rf /var/lib/ganglia/rrds/* &>>ctool.log
     
     
     
     
     
     echo '
     
     ############  KILLED  ##############' >> ycsb_run.log
     
     


Apr11 14:54:18 [DEBUG]         [clients__1]: command returned:

 	$:  CTOOL: Killing CassandraDaemon ()
	$:  java: no process found
	$:  


Apr11 14:54:20 [DEBUG]         [clients__1]: running SSH command:

     echo '10.0.0.13
     10.0.0.33
     10.0.0.31
     10.0.0.30
     10.0.0.32
     10.0.0.13
     10.0.0.26
     10.0.0.21
     10.0.0.15
     10.0.0.14
     10.0.0.5
     10.0.0.29
     10.0.0.10
     10.0.0.11
     10.0.0.9
     10.0.0.12
     10.0.0.23
     10.0.0.18
     ' > /opt/hosts;#!/bin/sh
     #########  YCSB WORKLOAD PARAMS  ########
     threads=200
     
     echo "
     recordcount=100
     workload=com.yahoo.ycsb.workloads.CoreWorkload
     sinusoidal=false
     readallfields=true
     readproportion=1
     updateproportion=0
     scanproportion=0
     insertproportion=0
     requestdistribution=uniform
     hostsFile=/opt/hosts
     maxexecutiontime=1000000000
     target=5000
     " > my_workload
     
     ycsb run cassandra-cql -P my_workload -threads $threads  -s &> /root/ycsb_run.log &
     
     


Apr11 14:54:20 [DEBUG]         [clients__1]: command returned:

 	$:  


Apr11 15:09:05 [DEBUG]         [clients__1]: cluster = clients
Apr11 15:09:17 [DEBUG]         [clients__1]: cluster = clients
Apr11 15:10:23 [DEBUG]         [clients__1]: cluster = clients
Apr11 15:10:36 [DEBUG]         [clients__1]: cluster = clients
Apr11 15:10:36 [ INFO]         [clients__1]: running kill script
Apr11 15:10:36 [DEBUG]         [clients__1]: running SSH command:

     CAS_PID=$(jps | grep CassandraDaemon | awk  '{print $1}')
     echo "CTOOL: Killing CassandraDaemon ($CAS_PID)"
     kill -9 $CAS_PID &>/dev/null
     ## maybe problematic
     killall java
     
     
     
     ################ debug #################3
     echo "Removing cassandra files and logs" &>>ctool.log
     #cleaning cassandra files
     rm -rf /var/lib/cassandra/* &>>ctool.log
     rm /var/log/cassandra/system.log &>>ctool.log
     #cleaning ctool rrds
     echo "Removing ganglia rrds" &>>ctool.log
     rm -rf /var/lib/ganglia/rrds/* &>>ctool.log
     
     
     
     
     
     echo '
     
     ############  KILLED  ##############' >> ycsb_run.log
     
     


Apr11 15:10:37 [DEBUG]         [clients__1]: command returned:

 	$:  CTOOL: Killing CassandraDaemon ()
	$:  


Apr11 15:10:46 [DEBUG]         [clients__1]: running SSH command:

     echo '10.0.0.13
     10.0.0.33
     10.0.0.31
     10.0.0.30
     10.0.0.32
     10.0.0.22
     10.0.0.13
     10.0.0.26
     10.0.0.21
     10.0.0.15
     10.0.0.14
     10.0.0.5
     10.0.0.29
     10.0.0.10
     10.0.0.11
     10.0.0.9
     10.0.0.12
     10.0.0.23
     10.0.0.18
     ' > /opt/hosts;#!/bin/sh
     #########  YCSB WORKLOAD PARAMS  ########
     target=2666
     offset=2000
     period=3600
     threads=200
     
     echo "
     period=$period
     target=$target
     offset=$offset
     recordcount=1000
     workload=com.yahoo.ycsb.workloads.CoreWorkload
     sinusoidal=true
     readallfields=true
     
     readproportion=1
     updateproportion=0
     scanproportion=0
     insertproportion=0
     
     requestdistribution=uniform
     hostsFile=/opt/hosts
     maxexecutiontime=1000000000
     " > my_workload
     
     ycsb run cassandra-cql -P my_workload -threads $threads  -s &> /root/ycsb_run.log &
     
     
     


Apr11 15:10:46 [DEBUG]         [clients__1]: command returned:

 	$:  


Apr11 15:14:06 [DEBUG]         [clients__1]: cluster = clients
Apr11 15:19:14 [DEBUG]         [clients__1]: cluster = clients
Apr11 15:19:25 [DEBUG]         [clients__1]: cluster = clients
Apr11 15:19:26 [ INFO]         [clients__1]: running kill script
Apr11 15:19:26 [DEBUG]         [clients__1]: running SSH command:

     CAS_PID=$(jps | grep CassandraDaemon | awk  '{print $1}')
     echo "CTOOL: Killing CassandraDaemon ($CAS_PID)"
     kill -9 $CAS_PID &>/dev/null
     ## maybe problematic
     killall java
     
     
     
     ################ debug #################3
     echo "Removing cassandra files and logs" &>>ctool.log
     #cleaning cassandra files
     rm -rf /var/lib/cassandra/* &>>ctool.log
     rm /var/log/cassandra/system.log &>>ctool.log
     #cleaning ctool rrds
     echo "Removing ganglia rrds" &>>ctool.log
     rm -rf /var/lib/ganglia/rrds/* &>>ctool.log
     
     
     
     
     
     echo '
     
     ############  KILLED  ##############' >> ycsb_run.log
     
     


Apr11 15:19:30 [DEBUG]         [clients__1]: command returned:

 	$:  CTOOL: Killing CassandraDaemon ()
	$:  


Apr11 15:19:47 [DEBUG]         [clients__1]: running SSH command:

     echo '10.0.0.13
     10.0.0.33
     10.0.0.31
     10.0.0.27
     10.0.0.32
     10.0.0.22
     10.0.0.13
     10.0.0.26
     10.0.0.21
     10.0.0.15
     10.0.0.14
     10.0.0.5
     10.0.0.29
     10.0.0.10
     10.0.0.11
     10.0.0.9
     10.0.0.12
     10.0.0.23
     10.0.0.18
     ' > /opt/hosts;#!/bin/sh
     #########  YCSB WORKLOAD PARAMS  ########
     target=2666
     offset=2000
     period=3600
     threads=200
     
     echo "
     period=$period
     target=$target
     offset=$offset
     recordcount=1000
     workload=com.yahoo.ycsb.workloads.CoreWorkload
     sinusoidal=true
     readallfields=true
     
     readproportion=1
     updateproportion=0
     scanproportion=0
     insertproportion=0
     
     requestdistribution=uniform
     hostsFile=/opt/hosts
     maxexecutiontime=1000000000
     " > my_workload
     
     ycsb run cassandra-cql -P my_workload -threads $threads  -s &> /root/ycsb_run.log &
     
     
     


Apr11 15:19:47 [DEBUG]         [clients__1]: command returned:

 	$:  


Apr11 15:22:28 [DEBUG]         [clients__1]: cluster = clients
Apr11 15:22:41 [DEBUG]         [clients__1]: cluster = clients
Apr11 15:42:16 [DEBUG]         [clients__1]: cluster = clients
Apr11 15:42:29 [DEBUG]         [clients__1]: cluster = clients
Apr11 15:42:29 [ INFO]         [clients__1]: running kill script
Apr11 15:42:29 [DEBUG]         [clients__1]: running SSH command:

     CAS_PID=$(jps | grep CassandraDaemon | awk  '{print $1}')
     echo "CTOOL: Killing CassandraDaemon ($CAS_PID)"
     kill -9 $CAS_PID &>/dev/null
     ## maybe problematic
     killall java
     
     
     
     ################ debug #################3
     echo "Removing cassandra files and logs" &>>ctool.log
     #cleaning cassandra files
     rm -rf /var/lib/cassandra/* &>>ctool.log
     rm /var/log/cassandra/system.log &>>ctool.log
     #cleaning ctool rrds
     echo "Removing ganglia rrds" &>>ctool.log
     rm -rf /var/lib/ganglia/rrds/* &>>ctool.log
     
     
     
     
     
     echo '
     
     ############  KILLED  ##############' >> ycsb_run.log
     
     


Apr11 15:42:31 [DEBUG]         [clients__1]: command returned:

 	$:  CTOOL: Killing CassandraDaemon ()
	$:  


Apr11 15:42:41 [DEBUG]         [clients__1]: running SSH command:

     echo '10.0.0.13
     10.0.0.33
     10.0.0.31
     10.0.0.27
     10.0.0.32
     10.0.0.22
     10.0.0.13
     10.0.0.26
     10.0.0.21
     10.0.0.7
     10.0.0.8
     10.0.0.15
     10.0.0.14
     10.0.0.5
     10.0.0.29
     10.0.0.10
     10.0.0.11
     10.0.0.9
     10.0.0.12
     10.0.0.23
     10.0.0.18
     ' > /opt/hosts;#!/bin/sh
     #########  YCSB WORKLOAD PARAMS  ########
     target=2666
     offset=2000
     period=3600
     threads=200
     
     echo "
     period=$period
     target=$target
     offset=$offset
     recordcount=1000
     workload=com.yahoo.ycsb.workloads.CoreWorkload
     sinusoidal=true
     readallfields=true
     
     readproportion=1
     updateproportion=0
     scanproportion=0
     insertproportion=0
     
     requestdistribution=uniform
     hostsFile=/opt/hosts
     maxexecutiontime=1000000000
     " > my_workload
     
     ycsb run cassandra-cql -P my_workload -threads $threads  -s &> /root/ycsb_run.log &
     
     
     


Apr11 15:42:41 [DEBUG]         [clients__1]: command returned:

 	$:  


Apr11 15:44:39 [DEBUG]         [clients__1]: cluster = clients
Apr11 15:44:51 [DEBUG]         [clients__1]: cluster = clients
Apr11 15:44:52 [ INFO]         [clients__1]: running kill script
Apr11 15:44:52 [DEBUG]         [clients__1]: running SSH command:

     CAS_PID=$(jps | grep CassandraDaemon | awk  '{print $1}')
     echo "CTOOL: Killing CassandraDaemon ($CAS_PID)"
     kill -9 $CAS_PID &>/dev/null
     ## maybe problematic
     killall java
     
     
     
     ################ debug #################3
     echo "Removing cassandra files and logs" &>>ctool.log
     #cleaning cassandra files
     rm -rf /var/lib/cassandra/* &>>ctool.log
     rm /var/log/cassandra/system.log &>>ctool.log
     #cleaning ctool rrds
     echo "Removing ganglia rrds" &>>ctool.log
     rm -rf /var/lib/ganglia/rrds/* &>>ctool.log
     
     
     
     
     
     echo '
     
     ############  KILLED  ##############' >> ycsb_run.log
     
     


Apr11 15:44:55 [DEBUG]         [clients__1]: command returned:

 	$:  CTOOL: Killing CassandraDaemon ()
	$:  


Apr11 15:45:06 [DEBUG]         [clients__1]: running SSH command:

     echo '10.0.0.13
     10.0.0.33
     10.0.0.31
     10.0.0.27
     10.0.0.32
     10.0.0.22
     10.0.0.13
     10.0.0.26
     10.0.0.21
     10.0.0.7
     10.0.0.8
     10.0.0.15
     10.0.0.14
     10.0.0.5
     10.0.0.29
     10.0.0.10
     10.0.0.11
     10.0.0.9
     10.0.0.12
     10.0.0.23
     10.0.0.18
     ' > /opt/hosts;#!/bin/sh
     #########  YCSB WORKLOAD PARAMS  ########
     target=2666
     offset=2000
     period=300
     threads=200
     
     echo "
     period=$period
     target=$target
     offset=$offset
     recordcount=1000
     workload=com.yahoo.ycsb.workloads.CoreWorkload
     sinusoidal=true
     readallfields=true
     
     readproportion=1
     updateproportion=0
     scanproportion=0
     insertproportion=0
     
     requestdistribution=uniform
     hostsFile=/opt/hosts
     maxexecutiontime=1000000000
     " > my_workload
     
     ycsb run cassandra-cql -P my_workload -threads $threads  -s &> /root/ycsb_run.log &
     
     
     


Apr11 15:45:06 [DEBUG]         [clients__1]: command returned:

 	$:  


Apr11 15:51:27 [DEBUG]         [clients__1]: cluster = clients
Apr11 15:51:40 [DEBUG]         [clients__1]: cluster = clients
Apr11 15:51:40 [ INFO]         [clients__1]: running kill script
Apr11 15:51:40 [DEBUG]         [clients__1]: running SSH command:

     CAS_PID=$(jps | grep CassandraDaemon | awk  '{print $1}')
     echo "CTOOL: Killing CassandraDaemon ($CAS_PID)"
     kill -9 $CAS_PID &>/dev/null
     ## maybe problematic
     killall java
     
     
     
     ################ debug #################3
     echo "Removing cassandra files and logs" &>>ctool.log
     #cleaning cassandra files
     rm -rf /var/lib/cassandra/* &>>ctool.log
     rm /var/log/cassandra/system.log &>>ctool.log
     #cleaning ctool rrds
     echo "Removing ganglia rrds" &>>ctool.log
     rm -rf /var/lib/ganglia/rrds/* &>>ctool.log
     
     
     
     
     
     echo '
     
     ############  KILLED  ##############' >> ycsb_run.log
     
     


Apr11 15:51:43 [DEBUG]         [clients__1]: command returned:

 	$:  CTOOL: Killing CassandraDaemon ()
	$:  


Apr11 15:51:48 [DEBUG]         [clients__1]: running SSH command:

     echo '10.0.0.13
     10.0.0.33
     10.0.0.31
     10.0.0.27
     10.0.0.32
     10.0.0.22
     10.0.0.13
     10.0.0.26
     10.0.0.21
     10.0.0.7
     10.0.0.8
     10.0.0.15
     10.0.0.14
     10.0.0.5
     10.0.0.29
     10.0.0.10
     10.0.0.11
     10.0.0.9
     10.0.0.12
     10.0.0.23
     10.0.0.18
     ' > /opt/hosts;#!/bin/sh
     #########  YCSB WORKLOAD PARAMS  ########
     target=2666
     offset=2000
     period=300
     threads=200
     
     echo "
     period=$period
     target=$target
     offset=$offset
     recordcount=1000
     workload=com.yahoo.ycsb.workloads.CoreWorkload
     sinusoidal=true
     readallfields=true
     
     readproportion=1
     updateproportion=0
     scanproportion=0
     insertproportion=0
     
     requestdistribution=uniform
     hostsFile=/opt/hosts
     maxexecutiontime=1000000000
     " > my_workload
     
     ycsb run cassandra-cql -P my_workload -threads $threads  -s &> /root/ycsb_run.log &
     
     
     


Apr11 15:51:49 [DEBUG]         [clients__1]: command returned:

 	$:  


Apr11 16:00:33 [DEBUG]         [clients__1]: cluster = clients
Apr11 16:00:46 [DEBUG]         [clients__1]: cluster = clients
Apr11 16:00:46 [ INFO]         [clients__1]: running kill script
Apr11 16:00:46 [DEBUG]         [clients__1]: running SSH command:

     CAS_PID=$(jps | grep CassandraDaemon | awk  '{print $1}')
     echo "CTOOL: Killing CassandraDaemon ($CAS_PID)"
     kill -9 $CAS_PID &>/dev/null
     ## maybe problematic
     killall java
     
     
     
     ################ debug #################3
     echo "Removing cassandra files and logs" &>>ctool.log
     #cleaning cassandra files
     rm -rf /var/lib/cassandra/* &>>ctool.log
     rm /var/log/cassandra/system.log &>>ctool.log
     #cleaning ctool rrds
     echo "Removing ganglia rrds" &>>ctool.log
     rm -rf /var/lib/ganglia/rrds/* &>>ctool.log
     
     
     
     
     
     echo '
     
     ############  KILLED  ##############' >> ycsb_run.log
     
     


Apr11 16:00:48 [DEBUG]         [clients__1]: command returned:

 	$:  CTOOL: Killing CassandraDaemon ()
	$:  


Apr11 16:01:23 [DEBUG]         [clients__1]: cluster = clients
Apr11 16:01:36 [DEBUG]         [clients__1]: cluster = clients
Apr11 16:01:36 [ INFO]         [clients__1]: running kill script
Apr11 16:01:36 [DEBUG]         [clients__1]: running SSH command:

     CAS_PID=$(jps | grep CassandraDaemon | awk  '{print $1}')
     echo "CTOOL: Killing CassandraDaemon ($CAS_PID)"
     kill -9 $CAS_PID &>/dev/null
     ## maybe problematic
     killall java
     
     
     
     ################ debug #################3
     echo "Removing cassandra files and logs" &>>ctool.log
     #cleaning cassandra files
     rm -rf /var/lib/cassandra/* &>>ctool.log
     rm /var/log/cassandra/system.log &>>ctool.log
     #cleaning ctool rrds
     echo "Removing ganglia rrds" &>>ctool.log
     rm -rf /var/lib/ganglia/rrds/* &>>ctool.log
     
     
     
     
     
     echo '
     
     ############  KILLED  ##############' >> ycsb_run.log
     
     


Apr11 16:01:37 [DEBUG]         [clients__1]: command returned:

 	$:  CTOOL: Killing CassandraDaemon ()
	$:  java: no process found
	$:  


Apr11 16:01:39 [DEBUG]         [clients__1]: running SSH command:

     echo '10.0.0.13
     10.0.0.33
     10.0.0.31
     10.0.0.27
     10.0.0.32
     10.0.0.22
     10.0.0.13
     10.0.0.26
     10.0.0.21
     10.0.0.15
     10.0.0.14
     10.0.0.5
     10.0.0.29
     10.0.0.10
     10.0.0.11
     10.0.0.9
     10.0.0.12
     10.0.0.23
     10.0.0.18
     ' > /opt/hosts;#!/bin/sh
     #########  YCSB WORKLOAD PARAMS  ########
     target=2666
     offset=2000
     period=300
     threads=150
     
     echo "
     period=$period
     target=$target
     offset=$offset
     recordcount=1000
     workload=com.yahoo.ycsb.workloads.CoreWorkload
     sinusoidal=true
     readallfields=true
     
     readproportion=1
     updateproportion=0
     scanproportion=0
     insertproportion=0
     
     requestdistribution=uniform
     hostsFile=/opt/hosts
     maxexecutiontime=1000000000
     " > my_workload
     
     ycsb run cassandra-cql -P my_workload -threads $threads  -s &> /root/ycsb_run.log &
     
     
     


Apr11 16:01:39 [DEBUG]         [clients__1]: command returned:

 	$:  


Apr11 16:06:54 [DEBUG]         [clients__1]: cluster = clients
Apr11 16:07:07 [DEBUG]         [clients__1]: cluster = clients
Apr11 16:07:08 [ INFO]         [clients__1]: running kill script
Apr11 16:07:08 [DEBUG]         [clients__1]: running SSH command:

     CAS_PID=$(jps | grep CassandraDaemon | awk  '{print $1}')
     echo "CTOOL: Killing CassandraDaemon ($CAS_PID)"
     kill -9 $CAS_PID &>/dev/null
     ## maybe problematic
     killall java
     
     
     
     ################ debug #################3
     echo "Removing cassandra files and logs" &>>ctool.log
     #cleaning cassandra files
     rm -rf /var/lib/cassandra/* &>>ctool.log
     rm /var/log/cassandra/system.log &>>ctool.log
     #cleaning ctool rrds
     echo "Removing ganglia rrds" &>>ctool.log
     rm -rf /var/lib/ganglia/rrds/* &>>ctool.log
     
     
     
     
     
     echo '
     
     ############  KILLED  ##############' >> ycsb_run.log
     
     


Apr11 16:07:10 [DEBUG]         [clients__1]: command returned:

 	$:  CTOOL: Killing CassandraDaemon ()
	$:  


Apr11 16:07:17 [DEBUG]         [clients__1]: running SSH command:

     echo '10.0.0.13
     10.0.0.33
     10.0.0.31
     10.0.0.27
     10.0.0.32
     10.0.0.22
     10.0.0.13
     10.0.0.26
     10.0.0.21
     10.0.0.7
     10.0.0.15
     10.0.0.14
     10.0.0.5
     10.0.0.29
     10.0.0.10
     10.0.0.11
     10.0.0.9
     10.0.0.12
     10.0.0.23
     10.0.0.18
     ' > /opt/hosts;#!/bin/sh
     #########  YCSB WORKLOAD PARAMS  ########
     target=2666
     offset=2000
     period=300
     threads=150
     
     echo "
     period=$period
     target=$target
     offset=$offset
     recordcount=1000
     workload=com.yahoo.ycsb.workloads.CoreWorkload
     sinusoidal=true
     readallfields=true
     
     readproportion=1
     updateproportion=0
     scanproportion=0
     insertproportion=0
     
     requestdistribution=uniform
     hostsFile=/opt/hosts
     maxexecutiontime=1000000000
     " > my_workload
     
     ycsb run cassandra-cql -P my_workload -threads $threads  -s &> /root/ycsb_run.log &
     
     
     


Apr11 16:07:17 [DEBUG]         [clients__1]: command returned:

 	$:  


Apr11 16:10:42 [DEBUG]         [clients__1]: cluster = clients
Apr11 16:10:55 [DEBUG]         [clients__1]: cluster = clients
Apr11 16:10:55 [ INFO]         [clients__1]: running kill script
Apr11 16:10:55 [DEBUG]         [clients__1]: running SSH command:

     CAS_PID=$(jps | grep CassandraDaemon | awk  '{print $1}')
     echo "CTOOL: Killing CassandraDaemon ($CAS_PID)"
     kill -9 $CAS_PID &>/dev/null
     ## maybe problematic
     killall java
     
     
     
     ################ debug #################3
     echo "Removing cassandra files and logs" &>>ctool.log
     #cleaning cassandra files
     rm -rf /var/lib/cassandra/* &>>ctool.log
     rm /var/log/cassandra/system.log &>>ctool.log
     #cleaning ctool rrds
     echo "Removing ganglia rrds" &>>ctool.log
     rm -rf /var/lib/ganglia/rrds/* &>>ctool.log
     
     
     
     
     
     echo '
     
     ############  KILLED  ##############' >> ycsb_run.log
     
     


Apr11 16:10:57 [DEBUG]         [clients__1]: command returned:

 	$:  CTOOL: Killing CassandraDaemon ()
	$:  


Apr11 16:11:02 [DEBUG]         [clients__1]: running SSH command:

     echo '10.0.0.13
     10.0.0.33
     10.0.0.31
     10.0.0.27
     10.0.0.32
     10.0.0.22
     10.0.0.13
     10.0.0.26
     10.0.0.21
     10.0.0.7
     10.0.0.8
     10.0.0.15
     10.0.0.14
     10.0.0.5
     10.0.0.29
     10.0.0.10
     10.0.0.11
     10.0.0.9
     10.0.0.12
     10.0.0.23
     10.0.0.18
     ' > /opt/hosts;#!/bin/sh
     #########  YCSB WORKLOAD PARAMS  ########
     target=2666
     offset=2000
     period=300
     threads=150
     
     echo "
     period=$period
     target=$target
     offset=$offset
     recordcount=1000
     workload=com.yahoo.ycsb.workloads.CoreWorkload
     sinusoidal=true
     readallfields=true
     
     readproportion=1
     updateproportion=0
     scanproportion=0
     insertproportion=0
     
     requestdistribution=uniform
     hostsFile=/opt/hosts
     maxexecutiontime=1000000000
     " > my_workload
     
     ycsb run cassandra-cql -P my_workload -threads $threads  -s &> /root/ycsb_run.log &
     
     
     


Apr11 16:11:03 [DEBUG]         [clients__1]: command returned:

 	$:  


Apr11 16:13:51 [DEBUG]         [clients__1]: cluster = clients
Apr11 16:14:04 [DEBUG]         [clients__1]: cluster = clients
Apr11 16:14:04 [ INFO]         [clients__1]: running kill script
Apr11 16:14:04 [DEBUG]         [clients__1]: running SSH command:

     CAS_PID=$(jps | grep CassandraDaemon | awk  '{print $1}')
     echo "CTOOL: Killing CassandraDaemon ($CAS_PID)"
     kill -9 $CAS_PID &>/dev/null
     ## maybe problematic
     killall java
     
     
     
     ################ debug #################3
     echo "Removing cassandra files and logs" &>>ctool.log
     #cleaning cassandra files
     rm -rf /var/lib/cassandra/* &>>ctool.log
     rm /var/log/cassandra/system.log &>>ctool.log
     #cleaning ctool rrds
     echo "Removing ganglia rrds" &>>ctool.log
     rm -rf /var/lib/ganglia/rrds/* &>>ctool.log
     
     
     
     
     
     echo '
     
     ############  KILLED  ##############' >> ycsb_run.log
     
     


Apr11 16:14:05 [DEBUG]         [clients__1]: command returned:

 	$:  CTOOL: Killing CassandraDaemon ()
	$:  


Apr11 16:14:10 [DEBUG]         [clients__1]: running SSH command:

     echo '10.0.0.13
     10.0.0.33
     10.0.0.31
     10.0.0.27
     10.0.0.32
     10.0.0.22
     10.0.0.13
     10.0.0.26
     10.0.0.21
     10.0.0.7
     10.0.0.8
     10.0.0.15
     10.0.0.14
     10.0.0.5
     10.0.0.29
     10.0.0.10
     10.0.0.11
     10.0.0.9
     10.0.0.12
     10.0.0.23
     10.0.0.18
     ' > /opt/hosts;#!/bin/sh
     #########  YCSB WORKLOAD PARAMS  ########
     target=2666
     offset=2000
     period=300
     threads=150
     
     echo "
     period=$period
     target=$target
     offset=$offset
     recordcount=1000
     workload=com.yahoo.ycsb.workloads.CoreWorkload
     sinusoidal=true
     readallfields=true
     
     readproportion=1
     updateproportion=0
     scanproportion=0
     insertproportion=0
     
     requestdistribution=uniform
     hostsFile=/opt/hosts
     maxexecutiontime=1000000000
     " > my_workload
     
     ycsb run cassandra-cql -P my_workload -threads $threads  -s &> /root/ycsb_run.log &
     
     
     


Apr11 16:14:10 [DEBUG]         [clients__1]: command returned:

 	$:  


Apr11 16:18:12 [DEBUG]         [clients__1]: cluster = clients
Apr11 16:18:26 [DEBUG]         [clients__1]: cluster = clients
Apr11 16:18:26 [ INFO]         [clients__1]: running kill script
Apr11 16:18:26 [DEBUG]         [clients__1]: running SSH command:

     CAS_PID=$(jps | grep CassandraDaemon | awk  '{print $1}')
     echo "CTOOL: Killing CassandraDaemon ($CAS_PID)"
     kill -9 $CAS_PID &>/dev/null
     ## maybe problematic
     killall java
     
     
     
     ################ debug #################3
     echo "Removing cassandra files and logs" &>>ctool.log
     #cleaning cassandra files
     rm -rf /var/lib/cassandra/* &>>ctool.log
     rm /var/log/cassandra/system.log &>>ctool.log
     #cleaning ctool rrds
     echo "Removing ganglia rrds" &>>ctool.log
     rm -rf /var/lib/ganglia/rrds/* &>>ctool.log
     
     
     
     
     
     echo '
     
     ############  KILLED  ##############' >> ycsb_run.log
     
     


Apr11 16:18:28 [DEBUG]         [clients__1]: command returned:

 	$:  CTOOL: Killing CassandraDaemon ()
	$:  


Apr11 16:18:32 [DEBUG]         [clients__1]: running SSH command:

     echo '10.0.0.13
     10.0.0.33
     10.0.0.31
     10.0.0.27
     10.0.0.32
     10.0.0.22
     10.0.0.13
     10.0.0.26
     10.0.0.21
     10.0.0.7
     10.0.0.15
     10.0.0.14
     10.0.0.5
     10.0.0.29
     10.0.0.10
     10.0.0.11
     10.0.0.9
     10.0.0.12
     10.0.0.23
     10.0.0.18
     ' > /opt/hosts;#!/bin/sh
     #########  YCSB WORKLOAD PARAMS  ########
     target=2666
     offset=2000
     period=300
     threads=150
     
     echo "
     period=$period
     target=$target
     offset=$offset
     recordcount=1000
     workload=com.yahoo.ycsb.workloads.CoreWorkload
     sinusoidal=true
     readallfields=true
     
     readproportion=1
     updateproportion=0
     scanproportion=0
     insertproportion=0
     
     requestdistribution=uniform
     hostsFile=/opt/hosts
     maxexecutiontime=1000000000
     " > my_workload
     
     ycsb run cassandra-cql -P my_workload -threads $threads  -s &> /root/ycsb_run.log &
     
     
     


Apr11 16:18:32 [DEBUG]         [clients__1]: command returned:

 	$:  


Apr11 16:25:11 [DEBUG]         [clients__1]: cluster = clients
Apr11 16:25:11 [ INFO]         [clients__1]: running kill script
Apr11 16:25:11 [DEBUG]         [clients__1]: running SSH command:

     CAS_PID=$(jps | grep CassandraDaemon | awk  '{print $1}')
     echo "CTOOL: Killing CassandraDaemon ($CAS_PID)"
     kill -9 $CAS_PID &>/dev/null
     ## maybe problematic
     killall java
     
     
     
     ################ debug #################3
     echo "Removing cassandra files and logs" &>>ctool.log
     #cleaning cassandra files
     rm -rf /var/lib/cassandra/* &>>ctool.log
     rm /var/log/cassandra/system.log &>>ctool.log
     #cleaning ctool rrds
     echo "Removing ganglia rrds" &>>ctool.log
     rm -rf /var/lib/ganglia/rrds/* &>>ctool.log
     
     
     
     
     
     echo '
     
     ############  KILLED  ##############' >> ycsb_run.log
     
     


Apr11 16:25:13 [DEBUG]         [clients__1]: command returned:

 	$:  CTOOL: Killing CassandraDaemon ()
	$:  


Apr11 16:25:31 [DEBUG]         [clients__1]: cluster = clients
Apr11 16:25:45 [DEBUG]         [clients__1]: cluster = clients
Apr11 16:25:45 [DEBUG]         [clients__1]: running SSH command:

     echo '10.0.0.13
     10.0.0.33
     10.0.0.31
     10.0.0.27
     10.0.0.32
     10.0.0.22
     10.0.0.13
     10.0.0.26
     10.0.0.21
     10.0.0.7
     10.0.0.8
     10.0.0.15
     10.0.0.14
     10.0.0.5
     10.0.0.29
     10.0.0.10
     10.0.0.11
     10.0.0.9
     10.0.0.12
     10.0.0.23
     10.0.0.18
     ' > /opt/hosts;#!/bin/sh
     #########  YCSB WORKLOAD PARAMS  ########
     threads=150
     
     echo "
     recordcount=100
     workload=com.yahoo.ycsb.workloads.CoreWorkload
     sinusoidal=false
     readallfields=true
     readproportion=1
     updateproportion=0
     scanproportion=0
     insertproportion=0
     requestdistribution=uniform
     hostsFile=/opt/hosts
     maxexecutiontime=1000000000
     target=5000
     " > my_workload
     
     ycsb run cassandra-cql -P my_workload -threads $threads  -s &> /root/ycsb_run.log &
     
     


Apr11 16:25:45 [DEBUG]         [clients__1]: command returned:

 	$:  


Apr11 16:31:42 [DEBUG]         [clients__1]: cluster = clients
Apr11 16:31:42 [ INFO]         [clients__1]: running kill script
Apr11 16:31:42 [DEBUG]         [clients__1]: running SSH command:

     CAS_PID=$(jps | grep CassandraDaemon | awk  '{print $1}')
     echo "CTOOL: Killing CassandraDaemon ($CAS_PID)"
     kill -9 $CAS_PID &>/dev/null
     ## maybe problematic
     killall java
     
     
     
     ################ debug #################3
     echo "Removing cassandra files and logs" &>>ctool.log
     #cleaning cassandra files
     rm -rf /var/lib/cassandra/* &>>ctool.log
     rm /var/log/cassandra/system.log &>>ctool.log
     #cleaning ctool rrds
     echo "Removing ganglia rrds" &>>ctool.log
     rm -rf /var/lib/ganglia/rrds/* &>>ctool.log
     
     
     
     
     
     echo '
     
     ############  KILLED  ##############' >> ycsb_run.log
     
     


Apr11 16:31:44 [DEBUG]         [clients__1]: command returned:

 	$:  CTOOL: Killing CassandraDaemon ()
	$:  


Apr11 16:32:06 [DEBUG]         [clients__1]: cluster = clients
Apr11 16:32:19 [DEBUG]         [clients__1]: cluster = clients
Apr11 16:32:19 [DEBUG]         [clients__1]: running SSH command:

     echo '10.0.0.13
     10.0.0.33
     10.0.0.31
     10.0.0.27
     10.0.0.32
     10.0.0.22
     10.0.0.13
     10.0.0.26
     10.0.0.21
     10.0.0.7
     10.0.0.8
     10.0.0.15
     10.0.0.14
     10.0.0.5
     10.0.0.29
     10.0.0.10
     10.0.0.11
     10.0.0.9
     10.0.0.12
     10.0.0.23
     10.0.0.18
     ' > /opt/hosts;#!/bin/sh
     #########  YCSB WORKLOAD PARAMS  ########
     threads=150
     
     echo "
     recordcount=1000
     workload=com.yahoo.ycsb.workloads.CoreWorkload
     sinusoidal=false
     readallfields=true
     readproportion=1
     updateproportion=0
     scanproportion=0
     insertproportion=0
     requestdistribution=uniform
     hostsFile=/opt/hosts
     maxexecutiontime=1000000000
     target=5000
     " > my_workload
     
     ycsb run cassandra-cql -P my_workload -threads $threads  -s &> /root/ycsb_run.log &
     
     


Apr11 16:32:19 [DEBUG]         [clients__1]: command returned:

 	$:  


Apr11 16:36:06 [DEBUG]         [clients__1]: cluster = clients
Apr11 16:36:06 [ INFO]         [clients__1]: running kill script
Apr11 16:36:06 [DEBUG]         [clients__1]: running SSH command:

     CAS_PID=$(jps | grep CassandraDaemon | awk  '{print $1}')
     echo "CTOOL: Killing CassandraDaemon ($CAS_PID)"
     kill -9 $CAS_PID &>/dev/null
     ## maybe problematic
     killall java
     
     
     
     ################ debug #################3
     echo "Removing cassandra files and logs" &>>ctool.log
     #cleaning cassandra files
     rm -rf /var/lib/cassandra/* &>>ctool.log
     rm /var/log/cassandra/system.log &>>ctool.log
     #cleaning ctool rrds
     echo "Removing ganglia rrds" &>>ctool.log
     rm -rf /var/lib/ganglia/rrds/* &>>ctool.log
     
     
     
     
     
     echo '
     
     ############  KILLED  ##############' >> ycsb_run.log
     
     


Apr11 16:36:08 [DEBUG]         [clients__1]: command returned:

 	$:  CTOOL: Killing CassandraDaemon ()
	$:  


Apr11 16:36:25 [DEBUG]         [clients__1]: cluster = clients
Apr11 16:36:38 [DEBUG]         [clients__1]: cluster = clients
Apr11 16:36:38 [DEBUG]         [clients__1]: running SSH command:

     echo '10.0.0.13
     10.0.0.33
     10.0.0.31
     10.0.0.27
     10.0.0.32
     10.0.0.22
     10.0.0.13
     10.0.0.26
     10.0.0.21
     10.0.0.7
     10.0.0.8
     10.0.0.15
     10.0.0.14
     10.0.0.5
     10.0.0.29
     10.0.0.10
     10.0.0.11
     10.0.0.9
     10.0.0.12
     10.0.0.23
     10.0.0.18
     ' > /opt/hosts;#!/bin/sh
     #########  YCSB WORKLOAD PARAMS  ########
     threads=200
     
     echo "
     recordcount=1000
     workload=com.yahoo.ycsb.workloads.CoreWorkload
     sinusoidal=false
     readallfields=true
     readproportion=1
     updateproportion=0
     scanproportion=0
     insertproportion=0
     requestdistribution=uniform
     hostsFile=/opt/hosts
     maxexecutiontime=1000000000
     target=5000
     " > my_workload
     
     ycsb run cassandra-cql -P my_workload -threads $threads  -s &> /root/ycsb_run.log &
     
     


Apr11 16:36:39 [DEBUG]         [clients__1]: command returned:

 	$:  


Apr11 16:42:46 [DEBUG]         [clients__1]: cluster = clients
Apr11 16:42:46 [ INFO]         [clients__1]: running kill script
Apr11 16:42:46 [DEBUG]         [clients__1]: running SSH command:

     CAS_PID=$(jps | grep CassandraDaemon | awk  '{print $1}')
     echo "CTOOL: Killing CassandraDaemon ($CAS_PID)"
     kill -9 $CAS_PID &>/dev/null
     ## maybe problematic
     killall java
     
     
     
     ################ debug #################3
     echo "Removing cassandra files and logs" &>>ctool.log
     #cleaning cassandra files
     rm -rf /var/lib/cassandra/* &>>ctool.log
     rm /var/log/cassandra/system.log &>>ctool.log
     #cleaning ctool rrds
     echo "Removing ganglia rrds" &>>ctool.log
     rm -rf /var/lib/ganglia/rrds/* &>>ctool.log
     
     
     
     
     
     echo '
     
     ############  KILLED  ##############' >> ycsb_run.log
     
     


Apr11 16:42:48 [DEBUG]         [clients__1]: command returned:

 	$:  CTOOL: Killing CassandraDaemon ()
	$:  


Apr11 16:46:30 [DEBUG]         [clients__1]: cluster = clients
Apr11 16:46:44 [DEBUG]         [clients__1]: cluster = clients
Apr11 16:46:44 [ INFO]         [clients__1]: running kill script
Apr11 16:46:44 [DEBUG]         [clients__1]: running SSH command:

     CAS_PID=$(jps | grep CassandraDaemon | awk  '{print $1}')
     echo "CTOOL: Killing CassandraDaemon ($CAS_PID)"
     kill -9 $CAS_PID &>/dev/null
     ## maybe problematic
     killall java
     
     
     
     ################ debug #################3
     echo "Removing cassandra files and logs" &>>ctool.log
     #cleaning cassandra files
     rm -rf /var/lib/cassandra/* &>>ctool.log
     rm /var/log/cassandra/system.log &>>ctool.log
     #cleaning ctool rrds
     echo "Removing ganglia rrds" &>>ctool.log
     rm -rf /var/lib/ganglia/rrds/* &>>ctool.log
     
     
     
     
     
     echo '
     
     ############  KILLED  ##############' >> ycsb_run.log
     
     


Apr11 16:46:45 [DEBUG]         [clients__1]: command returned:

 	$:  CTOOL: Killing CassandraDaemon ()
	$:  java: no process found
	$:  


Apr11 16:46:46 [DEBUG]         [clients__1]: running SSH command:

     echo '10.0.0.13
     10.0.0.33
     10.0.0.31
     10.0.0.27
     10.0.0.32
     10.0.0.22
     10.0.0.13
     10.0.0.26
     10.0.0.21
     10.0.0.7
     10.0.0.8
     10.0.0.15
     10.0.0.14
     10.0.0.5
     10.0.0.29
     10.0.0.10
     10.0.0.11
     10.0.0.9
     10.0.0.12
     10.0.0.23
     10.0.0.18
     ' > /opt/hosts;#!/bin/sh
     #########  YCSB WORKLOAD PARAMS  ########
     target=2666
     offset=2000
     period=3600
     threads=200
     
     echo "
     period=$period
     target=$target
     offset=$offset
     recordcount=1000
     workload=com.yahoo.ycsb.workloads.CoreWorkload
     sinusoidal=true
     readallfields=true
     
     readproportion=1
     updateproportion=0
     scanproportion=0
     insertproportion=0
     
     requestdistribution=uniform
     hostsFile=/opt/hosts
     maxexecutiontime=1000000000
     " > my_workload
     
     ycsb run cassandra-cql -P my_workload -threads $threads  -s &> /root/ycsb_run.log &
     
     
     


Apr11 16:46:46 [DEBUG]         [clients__1]: command returned:

 	$:  


Apr11 18:17:58 [DEBUG]         [clients__1]: cluster = clients
Apr11 18:17:58 [ INFO]         [clients__1]: running kill script
Apr11 18:17:58 [DEBUG]         [clients__1]: running SSH command:

     CAS_PID=$(jps | grep CassandraDaemon | awk  '{print $1}')
     echo "CTOOL: Killing CassandraDaemon ($CAS_PID)"
     kill -9 $CAS_PID &>/dev/null
     ## maybe problematic
     killall java
     
     
     
     ################ debug #################3
     echo "Removing cassandra files and logs" &>>ctool.log
     #cleaning cassandra files
     rm -rf /var/lib/cassandra/* &>>ctool.log
     rm /var/log/cassandra/system.log &>>ctool.log
     #cleaning ctool rrds
     echo "Removing ganglia rrds" &>>ctool.log
     rm -rf /var/lib/ganglia/rrds/* &>>ctool.log
     
     
     
     
     
     echo '
     
     ############  KILLED  ##############' >> ycsb_run.log
     
     


Apr11 18:18:00 [DEBUG]         [clients__1]: command returned:

 	$:  CTOOL: Killing CassandraDaemon ()
	$:  


Apr11 18:18:26 [DEBUG]         [clients__1]: cluster = clients
Apr11 18:21:29 [DEBUG]         [clients__1]: cluster = clients
Apr11 18:21:42 [DEBUG]         [clients__1]: cluster = clients
Apr11 18:21:42 [DEBUG]         [clients__1]: running SSH command:

     echo '10.0.0.13
     10.0.0.13
     10.0.0.5
     10.0.0.10
     10.0.0.11
     10.0.0.9
     10.0.0.12
     10.0.0.23
     10.0.0.18
     ' > /opt/hosts;### RUN THIS FROM PYTHON ONLY, SPECIFYING THE FOLLOWING PARAMS
     count=20000000
     step=6666666
     start=0
     
     /etc/YCSB/bin/ycsb load cassandra-cql \
     -P /etc/YCSB/workloads/workloada -p port=9042 \
     -threads 20 -s \
     -p hostsFile=/opt/hosts \
     -p recordcount=$count -p insertcount=$step -p insertstart=$start \
     &> /root/ycsb_load.log &
     
     
     


Apr11 18:21:42 [DEBUG]         [clients__1]: command returned:

 	$:  


Apr11 18:22:18 [DEBUG]         [clients__1]: cluster = clients
Apr11 18:22:18 [ INFO]         [clients__1]: running kill script
Apr11 18:22:18 [DEBUG]         [clients__1]: running SSH command:

     CAS_PID=$(jps | grep CassandraDaemon | awk  '{print $1}')
     echo "CTOOL: Killing CassandraDaemon ($CAS_PID)"
     kill -9 $CAS_PID &>/dev/null
     ## maybe problematic
     killall java
     
     
     
     ################ debug #################3
     echo "Removing cassandra files and logs" &>>ctool.log
     #cleaning cassandra files
     rm -rf /var/lib/cassandra/* &>>ctool.log
     rm /var/log/cassandra/system.log &>>ctool.log
     #cleaning ctool rrds
     echo "Removing ganglia rrds" &>>ctool.log
     rm -rf /var/lib/ganglia/rrds/* &>>ctool.log
     
     
     
     
     
     echo '
     
     ############  KILLED  ##############' >> ycsb_run.log
     
     


Apr11 18:22:19 [DEBUG]         [clients__1]: command returned:

 	$:  CTOOL: Killing CassandraDaemon ()
	$:  java: no process found
	$:  


Apr11 18:23:15 [DEBUG]         [clients__1]: cluster = clients
Apr11 18:30:51 [DEBUG]         [clients__1]: cluster = clients
Apr11 18:31:05 [DEBUG]         [clients__1]: cluster = clients
Apr11 18:31:05 [DEBUG]         [clients__1]: running SSH command:

     echo '10.0.0.13
     10.0.0.13
     10.0.0.5
     10.0.0.10
     10.0.0.11
     10.0.0.9
     10.0.0.12
     10.0.0.23
     10.0.0.18
     ' > /opt/hosts;### RUN THIS FROM PYTHON ONLY, SPECIFYING THE FOLLOWING PARAMS
     count=20000000
     step=6666666
     start=0
     
     /etc/YCSB/bin/ycsb load cassandra-cql \
     -P /etc/YCSB/workloads/workloada -p port=9042 \
     -threads 20 -s \
     -p hostsFile=/opt/hosts \
     -p recordcount=$count -p insertcount=$step -p insertstart=$start \
     &> /root/ycsb_load.log &
     
     
     


Apr11 18:31:05 [DEBUG]         [clients__1]: command returned:

 	$:  


Apr11 20:31:19 [DEBUG]         [clients__1]: cluster = clients
Apr11 20:31:32 [DEBUG]         [clients__1]: cluster = clients
Apr11 20:31:32 [ INFO]         [clients__1]: running kill script
Apr11 20:31:32 [DEBUG]         [clients__1]: running SSH command:

     CAS_PID=$(jps | grep CassandraDaemon | awk  '{print $1}')
     echo "CTOOL: Killing CassandraDaemon ($CAS_PID)"
     kill -9 $CAS_PID &>/dev/null
     ## maybe problematic
     killall java
     
     
     
     ################ debug #################3
     echo "Removing cassandra files and logs" &>>ctool.log
     #cleaning cassandra files
     rm -rf /var/lib/cassandra/* &>>ctool.log
     rm /var/log/cassandra/system.log &>>ctool.log
     #cleaning ctool rrds
     echo "Removing ganglia rrds" &>>ctool.log
     rm -rf /var/lib/ganglia/rrds/* &>>ctool.log
     
     
     
     
     
     echo '
     
     ############  KILLED  ##############' >> ycsb_run.log
     
     


Apr11 20:31:33 [DEBUG]         [clients__1]: command returned:

 	$:  CTOOL: Killing CassandraDaemon ()
	$:  java: no process found
	$:  


Apr11 20:31:47 [DEBUG]         [clients__1]: running SSH command:

     echo '10.0.0.13
     10.0.0.13
     10.0.0.5
     10.0.0.10
     10.0.0.11
     10.0.0.9
     10.0.0.12
     10.0.0.23
     10.0.0.18
     ' > /opt/hosts;#!/bin/sh
     #########  YCSB WORKLOAD PARAMS  ########
     target=2666
     offset=2000
     period=3600
     threads=200
     
     echo "
     period=$period
     target=$target
     offset=$offset
     recordcount=1000
     workload=com.yahoo.ycsb.workloads.CoreWorkload
     sinusoidal=true
     readallfields=true
     
     readproportion=1
     updateproportion=0
     scanproportion=0
     insertproportion=0
     
     requestdistribution=uniform
     hostsFile=/opt/hosts
     maxexecutiontime=1000000000
     " > my_workload
     
     ycsb run cassandra-cql -P my_workload -threads $threads  -s &> /root/ycsb_run.log &
     
     
     


Apr11 20:31:47 [DEBUG]         [clients__1]: command returned:

 	$:  


Apr12 18:40:18 [DEBUG]         [clients__1]: cluster = clients
Apr12 18:45:31 [DEBUG]         [clients__1]: cluster = clients
Apr12 18:45:31 [ INFO]         [clients__1]: running kill script
Apr12 18:45:31 [DEBUG]         [clients__1]: running SSH command:

     CAS_PID=$(jps | grep CassandraDaemon | awk  '{print $1}')
     echo "CTOOL: Killing CassandraDaemon ($CAS_PID)"
     kill -9 $CAS_PID &>/dev/null
     ## maybe problematic
     killall java
     
     
     
     ################ debug #################3
     echo "Removing cassandra files and logs" &>>ctool.log
     #cleaning cassandra files
     rm -rf /var/lib/cassandra/* &>>ctool.log
     rm /var/log/cassandra/system.log &>>ctool.log
     #cleaning ctool rrds
     echo "Removing ganglia rrds" &>>ctool.log
     rm -rf /var/lib/ganglia/rrds/* &>>ctool.log
     
     
     
     
     
     echo '
     
     ############  KILLED  ##############' >> ycsb_run.log
     
     


Apr12 18:45:33 [DEBUG]         [clients__1]: command returned:

 	$:  CTOOL: Killing CassandraDaemon ()
	$:  


Apr12 18:46:20 [DEBUG]         [clients__1]: cluster = clients
Apr12 20:48:40 [DEBUG]         [clients__1]: cluster = clients
Apr12 20:58:53 [DEBUG]         [clients__1]: cluster = clients
Apr12 20:58:53 [ INFO]         [clients__1]: running kill script
Apr12 20:58:53 [DEBUG]         [clients__1]: running SSH command:

     CAS_PID=$(jps | grep CassandraDaemon | awk  '{print $1}')
     echo "CTOOL: Killing CassandraDaemon ($CAS_PID)"
     kill -9 $CAS_PID &>/dev/null
     ## maybe problematic
     killall java
     
     
     
     ################ debug #################3
     echo "Removing cassandra files and logs" &>>ctool.log
     #cleaning cassandra files
     rm -rf /var/lib/cassandra/* &>>ctool.log
     rm /var/log/cassandra/system.log &>>ctool.log
     #cleaning ctool rrds
     echo "Removing ganglia rrds" &>>ctool.log
     rm -rf /var/lib/ganglia/rrds/* &>>ctool.log
     
     
     
     
     
     echo '
     
     ############  KILLED  ##############' >> ycsb_run.log
     
     


Apr12 20:58:53 [DEBUG]         [clients__1]: command returned:

 	$:  CTOOL: Killing CassandraDaemon ()
	$:  java: no process found
	$:  


Apr12 20:59:09 [DEBUG]         [clients__1]: cluster = clients
Apr12 20:59:21 [DEBUG]         [clients__1]: cluster = clients
Apr12 20:59:22 [ INFO]         [clients__1]: running kill script
Apr12 20:59:22 [DEBUG]         [clients__1]: running SSH command:

     CAS_PID=$(jps | grep CassandraDaemon | awk  '{print $1}')
     echo "CTOOL: Killing CassandraDaemon ($CAS_PID)"
     kill -9 $CAS_PID &>/dev/null
     ## maybe problematic
     killall java
     
     
     
     ################ debug #################3
     echo "Removing cassandra files and logs" &>>ctool.log
     #cleaning cassandra files
     rm -rf /var/lib/cassandra/* &>>ctool.log
     rm /var/log/cassandra/system.log &>>ctool.log
     #cleaning ctool rrds
     echo "Removing ganglia rrds" &>>ctool.log
     rm -rf /var/lib/ganglia/rrds/* &>>ctool.log
     
     
     
     
     
     echo '
     
     ############  KILLED  ##############' >> ycsb_run.log
     
     


Apr12 20:59:22 [DEBUG]         [clients__1]: command returned:

 	$:  CTOOL: Killing CassandraDaemon ()
	$:  java: no process found
	$:  


Apr12 20:59:24 [DEBUG]         [clients__1]: running SSH command:

     echo '10.0.0.13
     10.0.0.13
     10.0.0.5
     10.0.0.10
     10.0.0.11
     10.0.0.9
     10.0.0.12
     10.0.0.23
     10.0.0.18
     ' > /opt/hosts;#!/bin/sh
     #########  YCSB WORKLOAD PARAMS  ########
     target=2666
     offset=2000
     period=3600
     threads=200
     
     echo "
     period=$period
     target=$target
     offset=$offset
     recordcount=1000
     workload=com.yahoo.ycsb.workloads.CoreWorkload
     sinusoidal=true
     readallfields=true
     
     readproportion=1
     updateproportion=0
     scanproportion=0
     insertproportion=0
     
     requestdistribution=uniform
     hostsFile=/opt/hosts
     maxexecutiontime=1000000000
     " > my_workload
     
     ycsb run cassandra-cql -P my_workload -threads $threads  -s &> /root/ycsb_run.log &
     
     
     


Apr12 20:59:24 [DEBUG]         [clients__1]: command returned:

 	$:  


Apr14 12:08:44 [DEBUG]         [clients__1]: cluster = clients
Apr14 12:10:35 [DEBUG]         [clients__1]: cluster = clients
Apr14 12:20:45 [DEBUG]         [clients__1]: cluster = clients
Apr14 12:26:20 [DEBUG]         [clients__1]: cluster = clients
Apr14 12:29:58 [DEBUG]         [clients__1]: cluster = clients
Apr14 12:30:11 [DEBUG]         [clients__1]: cluster = clients
Apr14 12:39:05 [DEBUG]         [clients__1]: cluster = clients
Apr14 12:41:04 [DEBUG]         [clients__1]: cluster = clients
Apr15 14:14:30 [DEBUG]         [clients__1]: cluster = clients
Apr15 14:17:56 [DEBUG]         [clients__1]: cluster = clients
Apr15 14:18:10 [DEBUG]         [clients__1]: cluster = clients
Apr15 14:18:10 [DEBUG]         [clients__1]: running SSH command:

     echo '10.0.0.13
     10.0.0.13
     10.0.0.5
     10.0.0.10
     10.0.0.11
     10.0.0.9
     10.0.0.12
     10.0.0.23
     10.0.0.18
     ' > /opt/hosts;#!/bin/sh
     #########  YCSB WORKLOAD PARAMS  ########
     target=2666
     offset=2000
     period=3600
     threads=200
     
     echo "
     period=$period
     target=$target
     offset=$offset
     recordcount=1000
     workload=com.yahoo.ycsb.workloads.CoreWorkload
     sinusoidal=true
     readallfields=true
     
     readproportion=1
     updateproportion=0
     scanproportion=0
     insertproportion=0
     
     requestdistribution=uniform
     hostsFile=/opt/hosts
     maxexecutiontime=1000000000
     " > my_workload
     
     ycsb run cassandra-cql -P my_workload -threads $threads  -s &> /root/ycsb_run.log &
     
     
     


Apr15 14:18:10 [DEBUG]         [clients__1]: command returned:

 	$:  


Apr15 14:18:30 [DEBUG]         [clients__1]: cluster = clients
Apr15 14:18:45 [DEBUG]         [clients__1]: cluster = clients
Apr15 14:25:32 [DEBUG]         [clients__1]: cluster = clients
Apr15 14:25:46 [DEBUG]         [clients__1]: cluster = clients
Apr15 14:29:39 [DEBUG]         [clients__1]: cluster = clients
Apr15 14:29:39 [ INFO]         [clients__1]: running kill script
Apr15 14:29:39 [DEBUG]         [clients__1]: running SSH command:

     #!/bin/sh
     CAS_PID=$(jps | grep CassandraDaemon | awk  '{print $1}')
     echo "CTOOL: Killing CassandraDaemon ($CAS_PID)"
     kill -9 $CAS_PID &>/dev/null
     ## maybe problematic
     killall java
     
     
     
     ################ debug #################3
     echo "Removing cassandra files and logs" &>>ctool.log
     #cleaning cassandra files
     rm -rf /var/lib/cassandra/* &>>ctool.log
     rm /var/log/cassandra/system.log &>>ctool.log
     #cleaning ctool rrds
     echo "Removing ganglia rrds" &>>ctool.log
     rm -rf /var/lib/ganglia/rrds/* &>>ctool.log
     
     
     
     
     
     echo '
     
     ############  KILLED  ##############' >> ycsb_run.log
     
     #report not alive
     gmetric -n alive -v 0 -t int32 -u nodes -d 10000
     


Apr15 14:29:47 [DEBUG]         [clients__1]: command returned:

 	$:  CTOOL: Killing CassandraDaemon ()
	$:  


Apr15 14:30:47 [DEBUG]         [clients__1]: cluster = clients
Apr15 14:31:02 [DEBUG]         [clients__1]: cluster = clients
Apr15 14:38:48 [DEBUG]         [clients__1]: cluster = clients
Apr15 14:39:05 [DEBUG]         [clients__1]: cluster = clients
Apr15 14:39:05 [DEBUG]         [clients__1]: running SSH command:

     echo '10.0.0.13
     10.0.0.13
     10.0.0.5
     10.0.0.10
     10.0.0.11
     10.0.0.9
     10.0.0.12
     10.0.0.23
     10.0.0.18
     ' > /opt/hosts;#!/bin/sh
     #########  YCSB WORKLOAD PARAMS  ########
     target=2666
     offset=2000
     period=3600
     threads=200
     
     echo "
     period=$period
     target=$target
     offset=$offset
     recordcount=1000
     workload=com.yahoo.ycsb.workloads.CoreWorkload
     sinusoidal=true
     readallfields=true
     
     readproportion=1
     updateproportion=0
     scanproportion=0
     insertproportion=0
     
     requestdistribution=uniform
     hostsFile=/opt/hosts
     maxexecutiontime=1000000000
     " > my_workload
     
     ycsb run cassandra-cql -P my_workload -threads $threads  -s &> /root/ycsb_run.log &
     
     
     


Apr15 14:39:05 [DEBUG]         [clients__1]: command returned:

 	$:  


Apr15 14:39:21 [DEBUG]         [clients__1]: cluster = clients
Apr15 14:39:35 [DEBUG]         [clients__1]: cluster = clients
Apr15 14:41:31 [DEBUG]         [clients__1]: cluster = clients
Apr15 14:41:44 [DEBUG]         [clients__1]: cluster = clients
Apr15 15:24:11 [DEBUG]         [clients__1]: cluster = clients
Apr15 15:24:11 [ INFO]         [clients__1]: running kill script
Apr15 15:24:11 [DEBUG]         [clients__1]: running SSH command:

     #!/bin/sh
     CAS_PID=$(jps | grep CassandraDaemon | awk  '{print $1}')
     echo "CTOOL: Killing CassandraDaemon ($CAS_PID)"
     kill -9 $CAS_PID &>/dev/null
     ## maybe problematic
     killall java
     
     
     
     ################ debug #################3
     echo "Removing cassandra files and logs" &>>ctool.log
     #cleaning cassandra files
     rm -rf /var/lib/cassandra/* &>>ctool.log
     rm /var/log/cassandra/system.log &>>ctool.log
     #cleaning ctool rrds
     echo "Removing ganglia rrds" &>>ctool.log
     rm -rf /var/lib/ganglia/rrds/* &>>ctool.log
     
     
     
     
     
     echo '
     
     ############  KILLED  ##############' >> ycsb_run.log
     
     #report not alive
     gmetric -n alive -v 0 -t int32 -u nodes -d 10000
     


Apr15 15:24:13 [DEBUG]         [clients__1]: command returned:

 	$:  CTOOL: Killing CassandraDaemon ()
	$:  


Apr15 15:25:42 [DEBUG]         [clients__1]: cluster = clients
Apr15 15:28:31 [DEBUG]         [clients__1]: cluster = clients
Apr15 15:36:46 [DEBUG]         [clients__1]: cluster = clients
Apr15 15:37:01 [DEBUG]         [clients__1]: cluster = clients
Apr15 15:37:01 [DEBUG]         [clients__1]: running SSH command:

     echo '10.0.0.13
     10.0.0.13
     10.0.0.5
     10.0.0.10
     10.0.0.11
     10.0.0.9
     10.0.0.12
     10.0.0.23
     10.0.0.18
     ' > /opt/hosts;### RUN THIS FROM PYTHON ONLY, SPECIFYING THE FOLLOWING PARAMS
     count=10000000
     step=3333333
     start=0
     
     /etc/YCSB/bin/ycsb load cassandra-cql \
     -P /etc/YCSB/workloads/workloada -p port=9042 \
     -threads 20 -s \
     -p hostsFile=/opt/hosts \
     -p recordcount=$count -p insertcount=$step -p insertstart=$start \
     &> /root/ycsb_load.log &
     
     
     


Apr15 15:37:01 [DEBUG]         [clients__1]: command returned:

 	$:  


Apr15 16:29:29 [DEBUG]         [clients__1]: cluster = clients
Apr15 16:29:43 [DEBUG]         [clients__1]: cluster = clients
Apr15 16:29:43 [DEBUG]         [clients__1]: running SSH command:

     echo '10.0.0.13
     10.0.0.13
     10.0.0.5
     10.0.0.10
     10.0.0.11
     10.0.0.9
     10.0.0.12
     10.0.0.23
     10.0.0.18
     ' > /opt/hosts;#!/bin/sh
     #########  YCSB WORKLOAD PARAMS  ########
     target=2666
     offset=2000
     period=3600
     threads=200
     
     echo "
     period=$period
     target=$target
     offset=$offset
     recordcount=1000
     workload=com.yahoo.ycsb.workloads.CoreWorkload
     sinusoidal=true
     readallfields=true
     
     readproportion=1
     updateproportion=0
     scanproportion=0
     insertproportion=0
     
     requestdistribution=uniform
     hostsFile=/opt/hosts
     maxexecutiontime=1000000000
     " > my_workload
     
     ycsb run cassandra-cql -P my_workload -threads $threads  -s &> /root/ycsb_run.log &
     
     
     


Apr15 16:29:44 [DEBUG]         [clients__1]: command returned:

 	$:  


Apr15 16:29:59 [DEBUG]         [clients__1]: cluster = clients
Apr15 16:30:13 [DEBUG]         [clients__1]: cluster = clients
Apr15 17:00:47 [DEBUG]         [clients__1]: cluster = clients
Apr15 17:00:47 [ INFO]         [clients__1]: running kill script
Apr15 17:00:47 [DEBUG]         [clients__1]: running SSH command:

     #!/bin/sh
     CAS_PID=$(jps | grep CassandraDaemon | awk  '{print $1}')
     echo "CTOOL: Killing CassandraDaemon ($CAS_PID)"
     kill -9 $CAS_PID &>/dev/null
     ## maybe problematic
     killall java
     
     
     
     ################ debug #################3
     echo "Removing cassandra files and logs" &>>ctool.log
     #cleaning cassandra files
     rm -rf /var/lib/cassandra/* &>>ctool.log
     rm /var/log/cassandra/system.log &>>ctool.log
     #cleaning ctool rrds
     echo "Removing ganglia rrds" &>>ctool.log
     rm -rf /var/lib/ganglia/rrds/* &>>ctool.log
     
     
     
     
     
     echo '
     
     ############  KILLED  ##############' >> ycsb_run.log
     
     #report not alive
     gmetric -n alive -v 0 -t int32 -u nodes -d 10000
     


Apr15 17:00:48 [DEBUG]         [clients__1]: command returned:

 	$:  CTOOL: Killing CassandraDaemon ()
	$:  


Apr15 17:01:10 [DEBUG]         [clients__1]: cluster = clients
Apr15 17:06:33 [DEBUG]         [clients__1]: cluster = clients
Apr15 17:06:46 [DEBUG]         [clients__1]: cluster = clients
Apr15 17:06:46 [DEBUG]         [clients__1]: running SSH command:

     echo '10.0.0.13
     10.0.0.13
     10.0.0.5
     10.0.0.10
     10.0.0.11
     10.0.0.9
     10.0.0.12
     10.0.0.23
     10.0.0.18
     ' > /opt/hosts;#!/bin/sh
     #########  YCSB WORKLOAD PARAMS  ########
     target=2666
     offset=2000
     period=3600
     threads=200
     
     echo "
     period=$period
     target=$target
     offset=$offset
     recordcount=1000
     workload=com.yahoo.ycsb.workloads.CoreWorkload
     sinusoidal=true
     readallfields=true
     
     readproportion=1
     updateproportion=0
     scanproportion=0
     insertproportion=0
     
     requestdistribution=uniform
     hostsFile=/opt/hosts
     maxexecutiontime=1000000000
     " > my_workload
     
     ycsb run cassandra-cql -P my_workload -threads $threads  -s &> /root/ycsb_run.log &
     
     
     


Apr15 17:06:46 [DEBUG]         [clients__1]: command returned:

 	$:  


Apr15 17:07:00 [DEBUG]         [clients__1]: cluster = clients
Apr15 17:07:14 [DEBUG]         [clients__1]: cluster = clients
Apr15 17:14:59 [DEBUG]         [clients__1]: cluster = clients
Apr15 17:15:13 [DEBUG]         [clients__1]: cluster = clients
Apr15 18:09:05 [DEBUG]         [clients__1]: cluster = clients
Apr15 18:09:18 [DEBUG]         [clients__1]: cluster = clients
Apr15 18:11:09 [DEBUG]         [clients__1]: cluster = clients
Apr15 18:11:09 [ INFO]         [clients__1]: running kill script
Apr15 18:11:09 [DEBUG]         [clients__1]: running SSH command:

     #!/bin/sh
     CAS_PID=$(jps | grep CassandraDaemon | awk  '{print $1}')
     echo "CTOOL: Killing CassandraDaemon ($CAS_PID)"
     kill -9 $CAS_PID &>/dev/null
     ## maybe problematic
     killall java
     
     
     
     ################ debug #################3
     echo "Removing cassandra files and logs" &>>ctool.log
     #cleaning cassandra files
     rm -rf /var/lib/cassandra/* &>>ctool.log
     rm /var/log/cassandra/system.log &>>ctool.log
     #cleaning ctool rrds
     echo "Removing ganglia rrds" &>>ctool.log
     rm -rf /var/lib/ganglia/rrds/* &>>ctool.log
     
     
     
     
     
     echo '
     
     ############  KILLED  ##############' >> ycsb_run.log
     
     #report not alive
     gmetric -n alive -v 0 -t int32 -u nodes -d 10000
     


Apr15 18:11:12 [DEBUG]         [clients__1]: command returned:

 	$:  CTOOL: Killing CassandraDaemon ()
	$:  


Apr15 18:12:00 [DEBUG]         [clients__1]: cluster = clients
Apr15 18:22:44 [DEBUG]         [clients__1]: cluster = clients
Apr15 18:22:58 [DEBUG]         [clients__1]: cluster = clients
Apr15 18:22:58 [DEBUG]         [clients__1]: running SSH command:

     echo '10.0.0.13
     10.0.0.13
     10.0.0.5
     10.0.0.10
     10.0.0.11
     10.0.0.9
     10.0.0.12
     10.0.0.23
     10.0.0.18
     ' > /opt/hosts;#!/bin/sh
     #########  YCSB WORKLOAD PARAMS  ########
     target=2666
     offset=2000
     period=7200
     threads=200
     
     echo "
     period=$period
     target=$target
     offset=$offset
     recordcount=1000
     workload=com.yahoo.ycsb.workloads.CoreWorkload
     sinusoidal=true
     readallfields=true
     
     readproportion=1
     updateproportion=0
     scanproportion=0
     insertproportion=0
     
     requestdistribution=uniform
     hostsFile=/opt/hosts
     maxexecutiontime=1000000000
     " > my_workload
     
     ycsb run cassandra-cql -P my_workload -threads $threads  -s &> /root/ycsb_run.log &
     
     
     


Apr15 18:22:58 [DEBUG]         [clients__1]: command returned:

 	$:  


Apr15 18:23:13 [DEBUG]         [clients__1]: cluster = clients
Apr15 18:23:27 [DEBUG]         [clients__1]: cluster = clients
Apr16 12:58:05 [DEBUG]         [clients__1]: cluster = clients
Apr16 12:58:18 [DEBUG]         [clients__1]: cluster = clients
Apr16 13:37:18 [DEBUG]         [clients__1]: cluster = clients
Apr16 13:37:31 [DEBUG]         [clients__1]: cluster = clients
Apr16 13:53:26 [DEBUG]         [clients__1]: cluster = clients
Apr16 13:53:26 [ INFO]         [clients__1]: running kill script
Apr16 13:53:26 [DEBUG]         [clients__1]: running SSH command:

     #!/bin/sh
     CAS_PID=$(jps | grep CassandraDaemon | awk  '{print $1}')
     echo "CTOOL: Killing CassandraDaemon ($CAS_PID)"
     kill -9 $CAS_PID &>/dev/null
     ## maybe problematic
     killall java
     
     
     
     ################ debug #################3
     echo "Removing cassandra files and logs" &>>ctool.log
     #cleaning cassandra files
     rm -rf /var/lib/cassandra/* &>>ctool.log
     rm /var/log/cassandra/system.log &>>ctool.log
     #cleaning ctool rrds
     echo "Removing ganglia rrds" &>>ctool.log
     rm -rf /var/lib/ganglia/rrds/* &>>ctool.log
     
     
     
     
     
     echo '
     
     ############  KILLED  ##############' >> ycsb_run.log
     
     #report not alive
     gmetric -n alive -v 0 -t int32 -u nodes -d 10000
     


Apr16 13:55:18 [DEBUG]         [clients__1]: command returned:

 	$:  CTOOL: Killing CassandraDaemon ()
	$:  


Apr16 17:12:40 [DEBUG]         [clients__1]: cluster = clients
Apr16 17:12:55 [DEBUG]         [clients__1]: cluster = clients
Apr16 17:22:18 [DEBUG]         [clients__1]: cluster = clients
Apr16 17:25:14 [DEBUG]         [clients__1]: cluster = clients
Apr16 17:29:24 [DEBUG]         [clients__1]: cluster = clients
Apr16 17:29:24 [ INFO]         [clients__1]: running kill script
Apr16 17:29:24 [DEBUG]         [clients__1]: running SSH command:

     #!/bin/sh
     CAS_PID=$(jps | grep CassandraDaemon | awk  '{print $1}')
     echo "CTOOL: Killing CassandraDaemon ($CAS_PID)"
     kill -9 $CAS_PID &>/dev/null
     ## maybe problematic
     killall java
     
     
     
     ################ debug #################3
     echo "Removing cassandra files and logs" &>>ctool.log
     #cleaning cassandra files
     rm -rf /var/lib/cassandra/* &>>ctool.log
     rm /var/log/cassandra/system.log &>>ctool.log
     #cleaning ctool rrds
     echo "Removing ganglia rrds" &>>ctool.log
     rm -rf /var/lib/ganglia/rrds/* &>>ctool.log
     
     
     
     
     
     echo '
     
     ############  KILLED  ##############' >> ycsb_run.log
     
     #report not alive
     gmetric -n alive -v 0 -t int32 -u nodes -d 10000
     


Apr16 17:29:27 [DEBUG]         [clients__1]: command returned:

 	$:  CTOOL: Killing CassandraDaemon ()
	$:  


Apr16 17:29:46 [DEBUG]         [clients__1]: cluster = clients
Apr16 17:31:09 [DEBUG]         [clients__1]: cluster = clients
Apr16 17:48:32 [DEBUG]         [clients__1]: cluster = clients
Apr16 17:51:41 [DEBUG]         [clients__1]: cluster = clients
Apr16 17:57:02 [DEBUG]         [clients__1]: cluster = clients
Apr16 18:01:37 [DEBUG]         [clients__1]: cluster = clients
Apr16 18:02:12 [DEBUG]         [clients__1]: cluster = clients
Apr16 18:02:52 [DEBUG]         [clients__1]: cluster = clients
Apr16 18:08:17 [DEBUG]         [clients__1]: cluster = clients
Apr16 18:11:46 [DEBUG]         [clients__1]: cluster = clients
Apr16 18:20:31 [DEBUG]         [clients__1]: cluster = clients
Apr16 18:24:02 [DEBUG]         [clients__1]: cluster = clients
Apr16 18:27:13 [DEBUG]         [clients__1]: cluster = clients
Apr16 18:30:59 [DEBUG]         [clients__1]: cluster = clients
Apr16 18:33:10 [DEBUG]         [clients__1]: cluster = clients
Apr16 18:37:14 [DEBUG]         [clients__1]: cluster = clients
Apr16 19:33:57 [DEBUG]         [clients__1]: cluster = clients
Apr16 19:38:48 [DEBUG]         [clients__1]: cluster = clients
Apr16 19:39:54 [DEBUG]         [clients__1]: cluster = clients
Apr16 19:41:36 [DEBUG]         [clients__1]: cluster = clients
Apr16 19:48:10 [DEBUG]         [clients__1]: cluster = clients
Apr16 19:48:34 [DEBUG]         [clients__1]: cluster = clients
Apr24 12:32:44 [DEBUG]         [clients__1]: cluster = clients
Apr24 12:56:14 [DEBUG]         [clients__1]: cluster = clients
Apr24 14:22:42 [DEBUG]         [clients__1]: cluster = clients
Apr24 14:23:49 [DEBUG]         [clients__1]: cluster = clients
Apr24 14:25:42 [DEBUG]         [clients__1]: cluster = clients
Apr24 14:29:18 [DEBUG]         [clients__1]: cluster = clients
Apr24 14:30:10 [DEBUG]         [clients__1]: cluster = clients
Apr24 14:30:22 [DEBUG]         [clients__1]: cluster = clients
Apr24 14:30:39 [DEBUG]         [clients__1]: cluster = clients
Apr24 15:01:21 [DEBUG]         [clients__1]: cluster = clients
Apr24 15:26:42 [DEBUG]         [clients__1]: cluster = clients
Apr24 15:34:38 [DEBUG]         [clients__1]: cluster = clients
Apr24 15:40:09 [DEBUG]         [clients__1]: cluster = clients
Apr24 15:42:31 [DEBUG]         [clients__1]: cluster = clients
Apr24 15:45:48 [DEBUG]         [clients__1]: cluster = clients
Apr24 15:56:22 [DEBUG]         [clients__1]: cluster = clients
Apr24 16:26:46 [DEBUG]         [clients__1]: cluster = clients
Apr24 16:27:39 [DEBUG]         [clients__1]: cluster = clients
Apr24 16:28:34 [DEBUG]         [clients__1]: cluster = clients
Apr24 16:29:34 [DEBUG]         [clients__1]: cluster = clients
Apr24 16:30:57 [DEBUG]         [clients__1]: cluster = clients
Apr24 16:33:19 [DEBUG]         [clients__1]: cluster = clients
Apr24 16:34:10 [DEBUG]         [clients__1]: cluster = clients
Apr24 16:34:24 [DEBUG]         [clients__1]: cluster = clients
Apr24 17:18:16 [DEBUG]         [clients__1]: cluster = clients
Apr24 17:18:31 [DEBUG]         [clients__1]: cluster = clients
Apr24 17:18:56 [DEBUG]         [clients__1]: cluster = clients
Apr24 17:33:21 [DEBUG]         [clients__1]: cluster = clients
Apr24 17:47:47 [DEBUG]         [clients__1]: cluster = clients
Apr24 17:49:13 [DEBUG]         [clients__1]: cluster = clients
Apr24 17:52:06 [DEBUG]         [clients__1]: cluster = clients
Apr24 17:54:23 [DEBUG]         [clients__1]: cluster = clients
Apr24 18:09:23 [DEBUG]         [clients__1]: cluster = clients
Apr24 18:15:02 [DEBUG]         [clients__1]: cluster = clients
Apr24 18:28:29 [DEBUG]         [clients__1]: cluster = clients
Apr24 18:28:44 [DEBUG]         [clients__1]: cluster = clients
Apr24 18:30:00 [DEBUG]         [clients__1]: cluster = clients
Apr24 18:30:14 [DEBUG]         [clients__1]: cluster = clients
Apr24 18:30:14 [DEBUG]         [clients__1]: running SSH command:

     echo '10.0.0.20
     10.0.0.20
     10.0.0.7
     10.0.0.8
     10.0.0.15
     10.0.0.18
     10.0.0.14
     10.0.0.29
     10.0.0.16
     ' > /opt/hosts;#!/bin/sh
     ### RUN THIS FROM PYTHON ONLY, SPECIFYING THE FOLLOWING PARAMS
     count=10000000
     step=3333333
     start=0
     
     /etc/YCSB/bin/ycsb load cassandra-cql \
     -P /etc/YCSB/workloads/workloada -p port=9042 \
     -threads 20 -s \
     -p hostsFile=/opt/hosts \
     -p recordcount=$count -p insertcount=$step -p insertstart=$start \
     &> /root/ycsb_load.log
     
     
     


Apr24 18:30:14 [DEBUG]         [clients__1]: Connecting to SSH
Apr24 18:30:14 [DEBUG]         [clients__1]: connected in 0 sec. Running SSH command
