Apr30 16:45:33 [DEBUG]         [clients__2]: cluster = clients
Apr30 16:45:46 [DEBUG]         [clients__2]: cluster = clients
Apr30 16:49:19 [DEBUG]         [clients__2]: cluster = clients
Apr30 16:49:33 [DEBUG]         [clients__2]: cluster = clients
Apr30 16:51:20 [DEBUG]         [clients__2]: cluster = clients
Apr30 16:51:34 [DEBUG]         [clients__2]: cluster = clients
Apr30 16:52:06 [DEBUG]         [clients__2]: cluster = clients
Apr30 16:52:20 [DEBUG]         [clients__2]: cluster = clients
Apr30 16:52:48 [DEBUG]         [clients__2]: cluster = clients
Apr30 16:53:01 [DEBUG]         [clients__2]: cluster = clients
Apr30 16:54:05 [DEBUG]         [clients__2]: cluster = clients
Apr30 16:54:19 [DEBUG]         [clients__2]: cluster = clients
Apr30 16:56:12 [DEBUG]         [clients__2]: cluster = clients
Apr30 16:56:25 [DEBUG]         [clients__2]: cluster = clients
Apr30 17:18:32 [DEBUG]         [clients__2]: cluster = clients
Apr30 17:18:45 [DEBUG]         [clients__2]: cluster = clients
Apr30 17:18:45 [DEBUG]         [clients__2]: running SSH command:

     echo '10.0.0.35
     10.0.0.35
     10.0.0.31
     10.0.0.11
     10.0.0.38
     10.0.0.16
     10.0.0.45
     10.0.0.37
     10.0.0.44
     ' > /opt/hosts;#!/bin/sh
     #########  YCSB WORKLOAD PARAMS  ########
     target=3333
     offset=2666
     period=120
     threads=200
     
     echo "
     period=$period
     target=$target
     offset=$offset
     recordcount=1000
     workload=com.yahoo.ycsb.workloads.CoreWorkload
     sinusoidal=true
     readallfields=true
     
     readproportion=1
     updateproportion=0
     scanproportion=0
     insertproportion=0
     
     requestdistribution=uniform
     hostsFile=/opt/hosts
     maxexecutiontime=1000000000
     " > my_workload
     
     /etc/YCSB/bin/ycsb run cassandra-cql -P my_workload -threads $threads  -s &> /root/ycsb_run.log &
     
     
     


Apr30 17:18:45 [DEBUG]         [clients__2]: Connecting to SSH
Apr30 17:18:45 [DEBUG]         [clients__2]: connected in 0 sec. Running SSH command
Apr30 17:18:45 [DEBUG]         [clients__2]: SSH command took 0 sec
Apr30 17:18:45 [DEBUG]         [clients__2]: command returned:

 	$:  


Apr30 17:23:47 [ INFO]         [clients__2]: running kill script
Apr30 17:23:47 [DEBUG]         [clients__2]: running SSH command:

     #!/bin/sh
     CAS_PID=$(jps | grep CassandraDaemon | awk  '{print $1}')
     echo "CTOOL: Killing CassandraDaemon ($CAS_PID)"
     kill -9 $CAS_PID &>/dev/null
     ## maybe problematic
     killall java
     
     
     
     ################ debug #################3
     echo "Removing cassandra files and logs" &>>ctool.log
     #cleaning cassandra files
     rm -rf /var/lib/cassandra/* &>>ctool.log
     rm /var/log/cassandra/system.log &>>ctool.log
     #cleaning ctool rrds
     echo "Removing ganglia rrds" &>>ctool.log
     rm -rf /var/lib/ganglia/rrds/* &>>ctool.log
     
     
     
     
     
     echo '
     
     ############  KILLED  ##############' >> ycsb_run.log
     
     #report not alive
     gmetric -n alive -v 0 -t int32 -u nodes -d 10000
     


Apr30 17:23:47 [DEBUG]         [clients__2]: Connecting to SSH
Apr30 17:23:47 [DEBUG]         [clients__2]: connected in 0 sec. Running SSH command
Apr30 17:23:49 [DEBUG]         [clients__2]: SSH command took 1 sec
Apr30 17:23:49 [DEBUG]         [clients__2]: command returned:

 	$:  CTOOL: Killing CassandraDaemon ()
	$:  


Apr30 17:33:44 [DEBUG]         [clients__2]: cluster = clients
Apr30 17:33:58 [DEBUG]         [clients__2]: cluster = clients
Apr30 17:33:58 [DEBUG]         [clients__2]: running SSH command:

     echo '10.0.0.35
     10.0.0.35
     10.0.0.31
     10.0.0.11
     10.0.0.38
     10.0.0.16
     10.0.0.45
     10.0.0.37
     10.0.0.44
     ' > /opt/hosts;#!/bin/sh
     #########  YCSB WORKLOAD PARAMS  ########
     target=3333
     offset=2666
     period=120
     threads=200
     
     echo "
     period=$period
     target=$target
     offset=$offset
     recordcount=1000
     workload=com.yahoo.ycsb.workloads.CoreWorkload
     sinusoidal=true
     readallfields=true
     
     readproportion=1
     updateproportion=0
     scanproportion=0
     insertproportion=0
     
     requestdistribution=uniform
     hostsFile=/opt/hosts
     maxexecutiontime=1000000000
     " > my_workload
     
     /etc/YCSB/bin/ycsb run cassandra-cql -P my_workload -threads $threads  -s &> /root/ycsb_run.log &
     
     
     


Apr30 17:33:58 [DEBUG]         [clients__2]: Connecting to SSH
Apr30 17:33:58 [DEBUG]         [clients__2]: connected in 0 sec. Running SSH command
Apr30 17:33:58 [DEBUG]         [clients__2]: SSH command took 0 sec
Apr30 17:33:58 [DEBUG]         [clients__2]: command returned:

 	$:  


Apr30 17:34:55 [DEBUG]         [clients__2]: cluster = clients
Apr30 17:35:08 [DEBUG]         [clients__2]: cluster = clients
Apr30 17:35:09 [DEBUG]         [clients__2]: running SSH command:

     echo '10.0.0.35
     10.0.0.35
     10.0.0.31
     10.0.0.11
     10.0.0.38
     10.0.0.16
     10.0.0.45
     10.0.0.37
     10.0.0.44
     ' > /opt/hosts;#!/bin/sh
     #########  YCSB WORKLOAD PARAMS  ########
     target=3333
     offset=2666
     period=120
     threads=200
     
     echo "
     period=$period
     target=$target
     offset=$offset
     recordcount=1000
     workload=com.yahoo.ycsb.workloads.CoreWorkload
     sinusoidal=true
     readallfields=true
     
     readproportion=1
     updateproportion=0
     scanproportion=0
     insertproportion=0
     
     requestdistribution=uniform
     hostsFile=/opt/hosts
     maxexecutiontime=1000000000
     " > my_workload
     
     /etc/YCSB/bin/ycsb run cassandra-cql -P my_workload -threads $threads  -s &> /root/ycsb_run.log &
     
     
     


Apr30 17:35:09 [DEBUG]         [clients__2]: Connecting to SSH
Apr30 17:35:09 [DEBUG]         [clients__2]: connected in 0 sec. Running SSH command
Apr30 17:35:09 [DEBUG]         [clients__2]: SSH command took 0 sec
Apr30 17:35:09 [DEBUG]         [clients__2]: command returned:

 	$:  


Apr30 17:40:11 [ INFO]         [clients__2]: running kill script
Apr30 17:40:11 [DEBUG]         [clients__2]: running SSH command:

     #!/bin/sh
     CAS_PID=$(jps | grep CassandraDaemon | awk  '{print $1}')
     echo "CTOOL: Killing CassandraDaemon ($CAS_PID)"
     kill -9 $CAS_PID &>/dev/null
     ## maybe problematic
     killall java
     
     
     
     ################ debug #################3
     echo "Removing cassandra files and logs" &>>ctool.log
     #cleaning cassandra files
     rm -rf /var/lib/cassandra/* &>>ctool.log
     rm /var/log/cassandra/system.log &>>ctool.log
     #cleaning ctool rrds
     echo "Removing ganglia rrds" &>>ctool.log
     rm -rf /var/lib/ganglia/rrds/* &>>ctool.log
     
     
     
     
     
     echo '
     
     ############  KILLED  ##############' >> ycsb_run.log
     
     #report not alive
     gmetric -n alive -v 0 -t int32 -u nodes -d 10000
     


Apr30 17:40:11 [DEBUG]         [clients__2]: Connecting to SSH
Apr30 17:40:11 [DEBUG]         [clients__2]: connected in 0 sec. Running SSH command
Apr30 17:40:13 [DEBUG]         [clients__2]: SSH command took 2 sec
Apr30 17:40:13 [DEBUG]         [clients__2]: command returned:

 	$:  CTOOL: Killing CassandraDaemon ()
	$:  


Apr30 17:50:26 [DEBUG]         [clients__2]: cluster = clients
Apr30 17:50:39 [DEBUG]         [clients__2]: cluster = clients
Apr30 17:50:39 [DEBUG]         [clients__2]: running SSH command:

     echo '10.0.0.35
     10.0.0.35
     10.0.0.31
     10.0.0.11
     10.0.0.38
     10.0.0.16
     10.0.0.45
     10.0.0.37
     10.0.0.44
     ' > /opt/hosts;#!/bin/sh
     #########  YCSB WORKLOAD PARAMS  ########
     target=3333
     offset=2666
     period=120
     threads=200
     
     echo "
     period=$period
     target=$target
     offset=$offset
     recordcount=1000
     workload=com.yahoo.ycsb.workloads.CoreWorkload
     sinusoidal=true
     readallfields=true
     
     readproportion=1
     updateproportion=0
     scanproportion=0
     insertproportion=0
     
     requestdistribution=uniform
     hostsFile=/opt/hosts
     maxexecutiontime=1000000000
     " > my_workload
     
     /etc/YCSB/bin/ycsb run cassandra-cql -P my_workload -threads $threads  -s &> /root/ycsb_run.log &
     
     
     


Apr30 17:50:39 [DEBUG]         [clients__2]: Connecting to SSH
Apr30 17:50:39 [DEBUG]         [clients__2]: connected in 0 sec. Running SSH command
Apr30 17:50:39 [DEBUG]         [clients__2]: SSH command took 0 sec
Apr30 17:50:39 [DEBUG]         [clients__2]: command returned:

 	$:  


Apr30 17:52:33 [DEBUG]         [clients__2]: cluster = clients
Apr30 17:52:46 [DEBUG]         [clients__2]: cluster = clients
Apr30 17:52:47 [DEBUG]         [clients__2]: running SSH command:

     echo '10.0.0.35
     10.0.0.35
     10.0.0.31
     10.0.0.11
     10.0.0.38
     10.0.0.16
     10.0.0.45
     10.0.0.37
     10.0.0.44
     ' > /opt/hosts;#!/bin/sh
     #########  YCSB WORKLOAD PARAMS  ########
     target=3333
     offset=2666
     period=120
     threads=200
     
     echo "
     period=$period
     target=$target
     offset=$offset
     recordcount=1000
     workload=com.yahoo.ycsb.workloads.CoreWorkload
     sinusoidal=true
     readallfields=true
     
     readproportion=1
     updateproportion=0
     scanproportion=0
     insertproportion=0
     
     requestdistribution=uniform
     hostsFile=/opt/hosts
     maxexecutiontime=1000000000
     " > my_workload
     
     /etc/YCSB/bin/ycsb run cassandra-cql -P my_workload -threads $threads  -s &> /root/ycsb_run.log &
     
     
     


Apr30 17:52:47 [DEBUG]         [clients__2]: Connecting to SSH
Apr30 17:52:47 [DEBUG]         [clients__2]: connected in 0 sec. Running SSH command
Apr30 17:52:47 [DEBUG]         [clients__2]: SSH command took 0 sec
Apr30 17:52:47 [DEBUG]         [clients__2]: command returned:

 	$:  


Apr30 17:53:50 [ INFO]         [clients__2]: running kill script
Apr30 17:53:50 [DEBUG]         [clients__2]: running SSH command:

     #!/bin/sh
     CAS_PID=$(jps | grep CassandraDaemon | awk  '{print $1}')
     echo "CTOOL: Killing CassandraDaemon ($CAS_PID)"
     kill -9 $CAS_PID &>/dev/null
     ## maybe problematic
     killall java
     
     
     
     ################ debug #################3
     echo "Removing cassandra files and logs" &>>ctool.log
     #cleaning cassandra files
     rm -rf /var/lib/cassandra/* &>>ctool.log
     rm /var/log/cassandra/system.log &>>ctool.log
     #cleaning ctool rrds
     echo "Removing ganglia rrds" &>>ctool.log
     rm -rf /var/lib/ganglia/rrds/* &>>ctool.log
     
     
     
     
     
     echo '
     
     ############  KILLED  ##############' >> ycsb_run.log
     
     #report not alive
     gmetric -n alive -v 0 -t int32 -u nodes -d 10000
     


Apr30 17:53:50 [DEBUG]         [clients__2]: Connecting to SSH
Apr30 17:53:50 [DEBUG]         [clients__2]: connected in 0 sec. Running SSH command
Apr30 17:53:51 [DEBUG]         [clients__2]: SSH command took 0 sec
Apr30 17:53:51 [DEBUG]         [clients__2]: command returned:

 	$:  CTOOL: Killing CassandraDaemon ()
	$:  


Apr30 18:01:05 [DEBUG]         [clients__2]: cluster = clients
Apr30 18:01:18 [DEBUG]         [clients__2]: cluster = clients
Apr30 18:01:19 [DEBUG]         [clients__2]: running SSH command:

     echo '10.0.0.35
     10.0.0.35
     10.0.0.31
     10.0.0.11
     10.0.0.38
     10.0.0.16
     10.0.0.45
     10.0.0.37
     10.0.0.44
     ' > /opt/hosts;#!/bin/sh
     #########  YCSB WORKLOAD PARAMS  ########
     target=3333
     offset=2666
     period=120
     threads=200
     
     echo "
     period=$period
     target=$target
     offset=$offset
     recordcount=1000
     workload=com.yahoo.ycsb.workloads.CoreWorkload
     sinusoidal=true
     readallfields=true
     
     readproportion=1
     updateproportion=0
     scanproportion=0
     insertproportion=0
     
     requestdistribution=uniform
     hostsFile=/opt/hosts
     maxexecutiontime=1000000000
     " > my_workload
     
     /etc/YCSB/bin/ycsb run cassandra-cql -P my_workload -threads $threads  -s &> /root/ycsb_run.log &
     
     
     


Apr30 18:01:19 [DEBUG]         [clients__2]: Connecting to SSH
Apr30 18:01:19 [DEBUG]         [clients__2]: connected in 0 sec. Running SSH command
Apr30 18:01:19 [DEBUG]         [clients__2]: SSH command took 0 sec
Apr30 18:01:19 [DEBUG]         [clients__2]: command returned:

 	$:  


Apr30 18:02:20 [ INFO]         [clients__2]: running kill script
Apr30 18:02:20 [DEBUG]         [clients__2]: running SSH command:

     #!/bin/sh
     CAS_PID=$(jps | grep CassandraDaemon | awk  '{print $1}')
     echo "CTOOL: Killing CassandraDaemon ($CAS_PID)"
     kill -9 $CAS_PID &>/dev/null
     ## maybe problematic
     killall java
     
     
     
     ################ debug #################3
     echo "Removing cassandra files and logs" &>>ctool.log
     #cleaning cassandra files
     rm -rf /var/lib/cassandra/* &>>ctool.log
     rm /var/log/cassandra/system.log &>>ctool.log
     #cleaning ctool rrds
     echo "Removing ganglia rrds" &>>ctool.log
     rm -rf /var/lib/ganglia/rrds/* &>>ctool.log
     
     
     
     
     
     echo '
     
     ############  KILLED  ##############' >> ycsb_run.log
     
     #report not alive
     gmetric -n alive -v 0 -t int32 -u nodes -d 10000
     


Apr30 18:02:20 [DEBUG]         [clients__2]: Connecting to SSH
Apr30 18:02:20 [DEBUG]         [clients__2]: connected in 0 sec. Running SSH command
Apr30 18:02:21 [DEBUG]         [clients__2]: SSH command took 1 sec
Apr30 18:02:21 [DEBUG]         [clients__2]: command returned:

 	$:  CTOOL: Killing CassandraDaemon ()
	$:  


Apr30 18:08:37 [DEBUG]         [clients__2]: cluster = clients
Apr30 18:09:13 [DEBUG]         [clients__2]: cluster = clients
Apr30 18:09:13 [DEBUG]         [clients__2]: cluster = clients
Apr30 18:09:14 [ INFO]         [clients__2]: running kill script
Apr30 18:09:14 [DEBUG]         [clients__2]: running SSH command:

     #!/bin/sh
     CAS_PID=$(jps | grep CassandraDaemon | awk  '{print $1}')
     echo "CTOOL: Killing CassandraDaemon ($CAS_PID)"
     kill -9 $CAS_PID &>/dev/null
     ## maybe problematic
     killall java
     
     
     
     ################ debug #################3
     echo "Removing cassandra files and logs" &>>ctool.log
     #cleaning cassandra files
     rm -rf /var/lib/cassandra/* &>>ctool.log
     rm /var/log/cassandra/system.log &>>ctool.log
     #cleaning ctool rrds
     echo "Removing ganglia rrds" &>>ctool.log
     rm -rf /var/lib/ganglia/rrds/* &>>ctool.log
     
     
     
     
     
     echo '
     
     ############  KILLED  ##############' >> ycsb_run.log
     
     #report not alive
     gmetric -n alive -v 0 -t int32 -u nodes -d 10000
     


Apr30 18:09:14 [DEBUG]         [clients__2]: Connecting to SSH
Apr30 18:09:14 [DEBUG]         [clients__2]: connected in 0 sec. Running SSH command
Apr30 18:09:15 [DEBUG]         [clients__2]: SSH command took 0 sec
Apr30 18:09:15 [DEBUG]         [clients__2]: command returned:

 	$:  CTOOL: Killing CassandraDaemon ()
	$:  java: no process found
	$:  


Apr30 18:16:41 [DEBUG]         [clients__2]: cluster = clients
Apr30 18:16:54 [DEBUG]         [clients__2]: cluster = clients
Apr30 18:16:54 [DEBUG]         [clients__2]: running SSH command:

     echo '10.0.0.35
     10.0.0.35
     10.0.0.31
     10.0.0.11
     10.0.0.38
     10.0.0.16
     10.0.0.45
     10.0.0.37
     10.0.0.44
     ' > /opt/hosts;#!/bin/sh
     ### RUN THIS FROM PYTHON ONLY, SPECIFYING THE FOLLOWING PARAMS
     count=10000000
     step=3333333
     start=3333333
     
     /etc/YCSB/bin/ycsb load cassandra-cql \
     -P /etc/YCSB/workloads/workloada -p port=9042 \
     -threads 20 -s \
     -p hostsFile=/opt/hosts \
     -p recordcount=$count -p insertcount=$step -p insertstart=$start \
     &> /root/ycsb_load.log
     
     
     


Apr30 18:16:54 [DEBUG]         [clients__2]: Connecting to SSH
Apr30 18:16:54 [DEBUG]         [clients__2]: connected in 0 sec. Running SSH command
Apr30 18:51:43 [DEBUG]         [clients__2]: SSH command took 2088 sec
Apr30 18:51:43 [DEBUG]         [clients__2]: command returned:

 	$:  


Apr30 18:53:19 [DEBUG]         [clients__2]: cluster = clients
Apr30 18:53:32 [DEBUG]         [clients__2]: cluster = clients
Apr30 18:53:32 [DEBUG]         [clients__2]: running SSH command:

     echo '10.0.0.35
     10.0.0.35
     10.0.0.31
     10.0.0.11
     10.0.0.38
     10.0.0.16
     10.0.0.45
     10.0.0.37
     10.0.0.44
     ' > /opt/hosts;#!/bin/sh
     #########  YCSB WORKLOAD PARAMS  ########
     target=3333
     offset=2666
     period=120
     threads=200
     
     echo "
     period=$period
     target=$target
     offset=$offset
     recordcount=1000
     workload=com.yahoo.ycsb.workloads.CoreWorkload
     sinusoidal=true
     readallfields=true
     
     readproportion=1
     updateproportion=0
     scanproportion=0
     insertproportion=0
     
     requestdistribution=uniform
     hostsFile=/opt/hosts
     maxexecutiontime=1000000000
     " > my_workload
     
     /etc/YCSB/bin/ycsb run cassandra-cql -P my_workload -threads $threads  -s &> /root/ycsb_run.log &
     
     
     


Apr30 18:53:32 [DEBUG]         [clients__2]: Connecting to SSH
Apr30 18:53:32 [DEBUG]         [clients__2]: connected in 0 sec. Running SSH command
Apr30 18:53:32 [DEBUG]         [clients__2]: SSH command took 0 sec
Apr30 18:53:32 [DEBUG]         [clients__2]: command returned:

 	$:  


May01 15:33:24 [DEBUG]         [clients__2]: cluster = clients
May01 15:33:27 [ INFO]         [clients__2]: running kill script
May01 15:33:27 [DEBUG]         [clients__2]: running SSH command:

     #!/bin/sh
     CAS_PID=$(jps | grep CassandraDaemon | awk  '{print $1}')
     echo "CTOOL: Killing CassandraDaemon ($CAS_PID)"
     kill -9 $CAS_PID &>/dev/null
     ## maybe problematic
     killall java
     
     
     
     ################ debug #################3
     echo "Removing cassandra files and logs" &>>ctool.log
     #cleaning cassandra files
     rm -rf /var/lib/cassandra/* &>>ctool.log
     rm /var/log/cassandra/system.log &>>ctool.log
     #cleaning ctool rrds
     echo "Removing ganglia rrds" &>>ctool.log
     rm -rf /var/lib/ganglia/rrds/* &>>ctool.log
     
     
     
     
     
     echo '
     
     ############  KILLED  ##############' >> ycsb_run.log
     
     #report not alive
     gmetric -n alive -v 0 -t int32 -u nodes -d 10000
     


May01 15:33:27 [DEBUG]         [clients__2]: Connecting to SSH
May01 15:33:28 [DEBUG]         [clients__2]: connected in 0 sec. Running SSH command
May01 15:33:29 [DEBUG]         [clients__2]: SSH command took 1 sec
May01 15:33:29 [DEBUG]         [clients__2]: command returned:

 	$:  CTOOL: Killing CassandraDaemon ()
	$:  


May01 15:36:18 [DEBUG]         [clients__2]: cluster = clients
May01 15:37:01 [DEBUG]         [clients__2]: cluster = clients
May01 15:37:40 [DEBUG]         [clients__2]: cluster = clients
May01 15:37:40 [DEBUG]         [clients__2]: cluster = clients
May01 15:37:41 [ INFO]         [clients__2]: running kill script
May01 15:37:41 [DEBUG]         [clients__2]: running SSH command:

     #!/bin/sh
     CAS_PID=$(jps | grep CassandraDaemon | awk  '{print $1}')
     echo "CTOOL: Killing CassandraDaemon ($CAS_PID)"
     kill -9 $CAS_PID &>/dev/null
     ## maybe problematic
     killall java
     
     
     
     ################ debug #################3
     echo "Removing cassandra files and logs" &>>ctool.log
     #cleaning cassandra files
     rm -rf /var/lib/cassandra/* &>>ctool.log
     rm /var/log/cassandra/system.log &>>ctool.log
     #cleaning ctool rrds
     echo "Removing ganglia rrds" &>>ctool.log
     rm -rf /var/lib/ganglia/rrds/* &>>ctool.log
     
     
     
     
     
     echo '
     
     ############  KILLED  ##############' >> ycsb_run.log
     
     #report not alive
     gmetric -n alive -v 0 -t int32 -u nodes -d 10000
     


May01 15:37:41 [DEBUG]         [clients__2]: Connecting to SSH
May01 15:37:41 [DEBUG]         [clients__2]: connected in 0 sec. Running SSH command
May01 15:37:42 [DEBUG]         [clients__2]: SSH command took 0 sec
May01 15:37:42 [DEBUG]         [clients__2]: command returned:

 	$:  CTOOL: Killing CassandraDaemon ()
	$:  java: no process found
	$:  


May01 15:45:28 [DEBUG]         [clients__2]: cluster = clients
May01 15:45:41 [DEBUG]         [clients__2]: cluster = clients
May01 15:45:41 [DEBUG]         [clients__2]: running SSH command:

     echo '10.0.0.35
     10.0.0.35
     10.0.0.31
     10.0.0.11
     10.0.0.38
     10.0.0.16
     10.0.0.45
     10.0.0.37
     10.0.0.44
     ' > /opt/hosts;#!/bin/sh
     ### RUN THIS FROM PYTHON ONLY, SPECIFYING THE FOLLOWING PARAMS
     count=10000000
     step=3333333
     start=3333333
     
     /etc/YCSB/bin/ycsb load cassandra-cql \
     -P /etc/YCSB/workloads/workloada -p port=9042 \
     -threads 20 -s \
     -p hostsFile=/opt/hosts \
     -p recordcount=$count -p insertcount=$step -p insertstart=$start \
     &> /root/ycsb_load.log
     
     
     


May01 15:45:41 [DEBUG]         [clients__2]: Connecting to SSH
May01 15:45:41 [DEBUG]         [clients__2]: connected in 0 sec. Running SSH command
May01 16:20:59 [DEBUG]         [clients__2]: SSH command took 2118 sec
May01 16:20:59 [DEBUG]         [clients__2]: command returned:

 	$:  


May01 16:57:56 [DEBUG]         [clients__2]: cluster = clients
May01 16:58:10 [DEBUG]         [clients__2]: cluster = clients
May01 16:58:10 [DEBUG]         [clients__2]: running SSH command:

     echo '10.0.0.35
     10.0.0.35
     10.0.0.31
     10.0.0.11
     10.0.0.38
     10.0.0.16
     10.0.0.45
     10.0.0.37
     10.0.0.44
     ' > /opt/hosts;#!/bin/sh
     #########  YCSB WORKLOAD PARAMS  ########
     target=3333
     offset=2666
     period=120
     threads=200
     
     echo "
     period=$period
     target=$target
     offset=$offset
     recordcount=1000
     workload=com.yahoo.ycsb.workloads.CoreWorkload
     sinusoidal=true
     readallfields=true
     
     readproportion=1
     updateproportion=0
     scanproportion=0
     insertproportion=0
     
     requestdistribution=uniform
     hostsFile=/opt/hosts
     maxexecutiontime=1000000000
     " > my_workload
     
     /etc/YCSB/bin/ycsb run cassandra-cql -P my_workload -threads $threads  -s &> /root/ycsb_run.log &
     
     
     


May01 16:58:10 [DEBUG]         [clients__2]: Connecting to SSH
May01 16:58:10 [DEBUG]         [clients__2]: connected in 0 sec. Running SSH command
May01 16:58:10 [DEBUG]         [clients__2]: SSH command took 0 sec
May01 16:58:10 [DEBUG]         [clients__2]: command returned:

 	$:  


May01 17:05:59 [DEBUG]         [clients__2]: cluster = clients
May01 17:06:13 [DEBUG]         [clients__2]: cluster = clients
May01 17:06:13 [DEBUG]         [clients__2]: running SSH command:

     echo '10.0.0.35
     10.0.0.35
     10.0.0.31
     10.0.0.11
     10.0.0.38
     10.0.0.16
     10.0.0.45
     10.0.0.37
     10.0.0.44
     ' > /opt/hosts;#!/bin/sh
     #########  YCSB WORKLOAD PARAMS  ########
     target=3333
     offset=2666
     period=7200
     threads=200
     
     echo "
     period=$period
     target=$target
     offset=$offset
     recordcount=1000
     workload=com.yahoo.ycsb.workloads.CoreWorkload
     sinusoidal=true
     readallfields=true
     
     readproportion=1
     updateproportion=0
     scanproportion=0
     insertproportion=0
     
     requestdistribution=uniform
     hostsFile=/opt/hosts
     maxexecutiontime=1000000000
     " > my_workload
     
     /etc/YCSB/bin/ycsb run cassandra-cql -P my_workload -threads $threads  -s &> /root/ycsb_run.log &
     
     
     


May01 17:06:13 [DEBUG]         [clients__2]: Connecting to SSH
May01 17:06:13 [DEBUG]         [clients__2]: connected in 0 sec. Running SSH command
May01 17:06:13 [DEBUG]         [clients__2]: SSH command took 0 sec
May01 17:06:13 [DEBUG]         [clients__2]: command returned:

 	$:  


May01 17:17:09 [DEBUG]         [clients__2]: cluster = clients
May01 17:17:12 [ INFO]         [clients__2]: running kill script
May01 17:17:12 [DEBUG]         [clients__2]: running SSH command:

     #!/bin/sh
     CAS_PID=$(jps | grep CassandraDaemon | awk  '{print $1}')
     echo "CTOOL: Killing CassandraDaemon ($CAS_PID)"
     kill -9 $CAS_PID &>/dev/null
     ## maybe problematic
     killall java
     
     
     
     ################ debug #################3
     echo "Removing cassandra files and logs" &>>ctool.log
     #cleaning cassandra files
     rm -rf /var/lib/cassandra/* &>>ctool.log
     rm /var/log/cassandra/system.log &>>ctool.log
     #cleaning ctool rrds
     echo "Removing ganglia rrds" &>>ctool.log
     rm -rf /var/lib/ganglia/rrds/* &>>ctool.log
     
     
     
     
     
     echo '
     
     ############  KILLED  ##############' >> ycsb_run.log
     
     #report not alive
     gmetric -n alive -v 0 -t int32 -u nodes -d 10000
     


May01 17:17:12 [DEBUG]         [clients__2]: Connecting to SSH
May01 17:17:13 [DEBUG]         [clients__2]: connected in 0 sec. Running SSH command
May01 17:17:17 [DEBUG]         [clients__2]: SSH command took 4 sec
May01 17:17:17 [DEBUG]         [clients__2]: command returned:

 	$:  CTOOL: Killing CassandraDaemon ()
	$:  


May01 17:18:07 [DEBUG]         [clients__2]: cluster = clients
May01 17:18:21 [DEBUG]         [clients__2]: cluster = clients
May01 17:20:17 [DEBUG]         [clients__2]: cluster = clients
May01 17:20:31 [DEBUG]         [clients__2]: cluster = clients
May01 17:21:06 [DEBUG]         [clients__2]: cluster = clients
May01 17:21:20 [DEBUG]         [clients__2]: cluster = clients
May01 17:21:20 [DEBUG]         [clients__2]: running SSH command:

     echo '10.0.0.35
     10.0.0.35
     10.0.0.31
     10.0.0.11
     10.0.0.38
     10.0.0.16
     10.0.0.45
     10.0.0.37
     10.0.0.44
     ' > /opt/hosts;#!/bin/sh
     #########  YCSB WORKLOAD PARAMS  ########
     target=3333
     offset=2666
     period=7200
     threads=200
     
     echo "
     period=$period
     target=$target
     offset=$offset
     recordcount=1000
     workload=com.yahoo.ycsb.workloads.CoreWorkload
     sinusoidal=true
     readallfields=true
     
     readproportion=1
     updateproportion=0
     scanproportion=0
     insertproportion=0
     
     requestdistribution=uniform
     hostsFile=/opt/hosts
     maxexecutiontime=1000000000
     " > my_workload
     
     /etc/YCSB/bin/ycsb run cassandra-cql -P my_workload -threads $threads  -s &> /root/ycsb_run.log &
     
     
     


May01 17:21:20 [DEBUG]         [clients__2]: Connecting to SSH
May01 17:21:20 [DEBUG]         [clients__2]: connected in 0 sec. Running SSH command
May01 17:21:20 [DEBUG]         [clients__2]: SSH command took 0 sec
May01 17:21:20 [DEBUG]         [clients__2]: command returned:

 	$:  


May01 21:01:44 [DEBUG]         [clients__2]: cluster = clients
May01 21:01:47 [ INFO]         [clients__2]: running kill script
May01 21:01:47 [DEBUG]         [clients__2]: running SSH command:

     #!/bin/sh
     CAS_PID=$(jps | grep CassandraDaemon | awk  '{print $1}')
     echo "CTOOL: Killing CassandraDaemon ($CAS_PID)"
     kill -9 $CAS_PID &>/dev/null
     ## maybe problematic
     killall java
     
     
     
     ################ debug #################3
     echo "Removing cassandra files and logs" &>>ctool.log
     #cleaning cassandra files
     rm -rf /var/lib/cassandra/* &>>ctool.log
     rm /var/log/cassandra/system.log &>>ctool.log
     #cleaning ctool rrds
     echo "Removing ganglia rrds" &>>ctool.log
     rm -rf /var/lib/ganglia/rrds/* &>>ctool.log
     
     
     
     
     
     echo '
     
     ############  KILLED  ##############' >> ycsb_run.log
     
     #report not alive
     gmetric -n alive -v 0 -t int32 -u nodes -d 10000
     


May01 21:01:47 [DEBUG]         [clients__2]: Connecting to SSH
May01 21:01:47 [DEBUG]         [clients__2]: connected in 0 sec. Running SSH command
May01 21:01:49 [DEBUG]         [clients__2]: SSH command took 2 sec
May01 21:01:49 [DEBUG]         [clients__2]: command returned:

 	$:  CTOOL: Killing CassandraDaemon ()
	$:  


May01 21:02:24 [DEBUG]         [clients__2]: cluster = clients
May01 21:02:37 [DEBUG]         [clients__2]: cluster = clients
May01 21:02:38 [DEBUG]         [clients__2]: running SSH command:

     echo '10.0.0.35
     10.0.0.35
     10.0.0.31
     10.0.0.11
     10.0.0.38
     10.0.0.16
     10.0.0.45
     10.0.0.37
     10.0.0.44
     ' > /opt/hosts;#!/bin/sh
     #########  YCSB WORKLOAD PARAMS  ########
     target=3333
     offset=2666
     period=7200
     threads=200
     
     echo "
     period=$period
     target=$target
     offset=$offset
     recordcount=1000
     workload=com.yahoo.ycsb.workloads.CoreWorkload
     sinusoidal=true
     readallfields=true
     
     readproportion=1
     updateproportion=0
     scanproportion=0
     insertproportion=0
     
     requestdistribution=uniform
     hostsFile=/opt/hosts
     maxexecutiontime=1000000000
     " > my_workload
     
     /etc/YCSB/bin/ycsb run cassandra-cql -P my_workload -threads $threads  -s &> /root/ycsb_run.log &
     
     
     


May01 21:02:38 [DEBUG]         [clients__2]: Connecting to SSH
May01 21:02:38 [DEBUG]         [clients__2]: connected in 0 sec. Running SSH command
May01 21:02:38 [DEBUG]         [clients__2]: SSH command took 0 sec
May01 21:02:38 [DEBUG]         [clients__2]: command returned:

 	$:  


May02 12:03:26 [DEBUG]         [clients__2]: cluster = clients
May02 12:03:39 [DEBUG]         [clients__2]: cluster = clients
May02 12:03:42 [DEBUG]         [clients__2]: running SSH command:

     echo '10.0.0.35
     10.0.0.35
     10.0.0.31
     10.0.0.11
     10.0.0.38
     10.0.0.16
     10.0.0.45
     10.0.0.37
     10.0.0.44
     ' > /opt/hosts;#!/bin/sh
     #########  YCSB WORKLOAD PARAMS  ########
     target=3333
     offset=2666
     period=7200
     threads=200
     
     echo "
     period=$period
     target=$target
     offset=$offset
     recordcount=1000
     workload=com.yahoo.ycsb.workloads.CoreWorkload
     sinusoidal=true
     readallfields=true
     
     readproportion=1
     updateproportion=0
     scanproportion=0
     insertproportion=0
     
     requestdistribution=uniform
     hostsFile=/opt/hosts
     maxexecutiontime=1000000000
     " > my_workload
     
     /etc/YCSB/bin/ycsb run cassandra-cql -P my_workload -threads $threads  -s &> /root/ycsb_run.log &
     
     
     


May02 12:03:42 [DEBUG]         [clients__2]: Connecting to SSH
May02 12:03:42 [DEBUG]         [clients__2]: connected in 0 sec. Running SSH command
May02 12:03:45 [DEBUG]         [clients__2]: SSH command took 2 sec
May02 12:03:45 [DEBUG]         [clients__2]: command returned:

 	$:  


May02 12:34:04 [DEBUG]         [clients__2]: cluster = clients
May02 12:34:18 [DEBUG]         [clients__2]: cluster = clients
May02 12:34:18 [DEBUG]         [clients__2]: cluster = clients
May02 12:34:21 [ INFO]         [clients__2]: running kill script
May02 12:34:21 [DEBUG]         [clients__2]: running SSH command:

     #!/bin/sh
     CAS_PID=$(jps | grep CassandraDaemon | awk  '{print $1}')
     echo "CTOOL: Killing CassandraDaemon ($CAS_PID)"
     kill -9 $CAS_PID &>/dev/null
     ## maybe problematic
     killall java
     
     
     
     ################ debug #################3
     echo "Removing cassandra files and logs" &>>ctool.log
     #cleaning cassandra files
     rm -rf /var/lib/cassandra/* &>>ctool.log
     rm /var/log/cassandra/system.log &>>ctool.log
     #cleaning ctool rrds
     echo "Removing ganglia rrds" &>>ctool.log
     rm -rf /var/lib/ganglia/rrds/* &>>ctool.log
     
     
     
     
     
     echo '
     
     ############  KILLED  ##############' >> ycsb_run.log
     
     #report not alive
     gmetric -n alive -v 0 -t int32 -u nodes -d 10000
     


May02 12:34:21 [DEBUG]         [clients__2]: Connecting to SSH
May02 12:34:21 [DEBUG]         [clients__2]: connected in 0 sec. Running SSH command
May02 12:34:24 [DEBUG]         [clients__2]: SSH command took 2 sec
May02 12:34:24 [DEBUG]         [clients__2]: command returned:

 	$:  CTOOL: Killing CassandraDaemon ()
	$:  


May02 12:36:07 [DEBUG]         [clients__2]: cluster = clients
May02 12:36:50 [DEBUG]         [clients__2]: cluster = clients
May02 12:37:05 [DEBUG]         [clients__2]: cluster = clients
May02 12:37:06 [DEBUG]         [clients__2]: cluster = clients
May02 12:37:06 [ INFO]         [clients__2]: running kill script
May02 12:37:06 [DEBUG]         [clients__2]: running SSH command:

     #!/bin/sh
     CAS_PID=$(jps | grep CassandraDaemon | awk  '{print $1}')
     echo "CTOOL: Killing CassandraDaemon ($CAS_PID)"
     kill -9 $CAS_PID &>/dev/null
     ## maybe problematic
     killall java
     
     
     
     ################ debug #################3
     echo "Removing cassandra files and logs" &>>ctool.log
     #cleaning cassandra files
     rm -rf /var/lib/cassandra/* &>>ctool.log
     rm /var/log/cassandra/system.log &>>ctool.log
     #cleaning ctool rrds
     echo "Removing ganglia rrds" &>>ctool.log
     rm -rf /var/lib/ganglia/rrds/* &>>ctool.log
     
     
     
     
     
     echo '
     
     ############  KILLED  ##############' >> ycsb_run.log
     
     #report not alive
     gmetric -n alive -v 0 -t int32 -u nodes -d 10000
     


May02 12:37:06 [DEBUG]         [clients__2]: Connecting to SSH
May02 12:37:06 [DEBUG]         [clients__2]: connected in 0 sec. Running SSH command
May02 12:37:07 [DEBUG]         [clients__2]: SSH command took 0 sec
May02 12:37:07 [DEBUG]         [clients__2]: command returned:

 	$:  CTOOL: Killing CassandraDaemon ()
	$:  java: no process found
	$:  


May02 12:44:31 [DEBUG]         [clients__2]: cluster = clients
May02 12:44:44 [DEBUG]         [clients__2]: cluster = clients
May02 12:44:44 [DEBUG]         [clients__2]: running SSH command:

     echo '10.0.0.35
     10.0.0.35
     10.0.0.31
     10.0.0.11
     10.0.0.38
     10.0.0.16
     10.0.0.45
     10.0.0.37
     10.0.0.44
     ' > /opt/hosts;#!/bin/sh
     ### RUN THIS FROM PYTHON ONLY, SPECIFYING THE FOLLOWING PARAMS
     count=10000000
     step=3333333
     start=3333333
     
     /etc/YCSB/bin/ycsb load cassandra-cql \
     -P /etc/YCSB/workloads/workloada -p port=9042 \
     -threads 20 -s \
     -p hostsFile=/opt/hosts \
     -p recordcount=$count -p insertcount=$step -p insertstart=$start \
     &> /root/ycsb_load.log
     
     
     


May02 12:44:44 [DEBUG]         [clients__2]: Connecting to SSH
May02 12:44:44 [DEBUG]         [clients__2]: connected in 0 sec. Running SSH command
May02 13:19:29 [DEBUG]         [clients__2]: SSH command took 2084 sec
May02 13:19:29 [DEBUG]         [clients__2]: command returned:

 	$:  


May02 13:32:17 [DEBUG]         [clients__2]: cluster = clients
May02 13:32:31 [DEBUG]         [clients__2]: cluster = clients
May02 13:32:31 [DEBUG]         [clients__2]: running SSH command:

     echo '10.0.0.35
     10.0.0.35
     10.0.0.31
     10.0.0.11
     10.0.0.38
     10.0.0.16
     10.0.0.45
     10.0.0.37
     10.0.0.44
     ' > /opt/hosts;#!/bin/sh
     #########  YCSB WORKLOAD PARAMS  ########
     target=3333
     offset=2666
     period=7200
     threads=200
     
     echo "
     period=$period
     target=$target
     offset=$offset
     recordcount=1000
     workload=com.yahoo.ycsb.workloads.CoreWorkload
     sinusoidal=true
     readallfields=true
     
     readproportion=1
     updateproportion=0
     scanproportion=0
     insertproportion=0
     
     requestdistribution=uniform
     hostsFile=/opt/hosts
     maxexecutiontime=1000000000
     " > my_workload
     
     /etc/YCSB/bin/ycsb run cassandra-cql -P my_workload -threads $threads  -s &> /root/ycsb_run.log &
     
     
     


May02 13:32:31 [DEBUG]         [clients__2]: Connecting to SSH
May02 13:32:31 [DEBUG]         [clients__2]: connected in 0 sec. Running SSH command
May02 13:32:31 [DEBUG]         [clients__2]: SSH command took 0 sec
May02 13:32:31 [DEBUG]         [clients__2]: command returned:

 	$:  


May02 15:16:37 [DEBUG]         [clients__2]: cluster = clients
May02 15:16:53 [DEBUG]         [clients__2]: cluster = clients
May02 15:16:55 [ INFO]         [clients__2]: running kill script
May02 15:16:55 [DEBUG]         [clients__2]: running SSH command:

     #!/bin/sh
     CAS_PID=$(jps | grep CassandraDaemon | awk  '{print $1}')
     echo "CTOOL: Killing CassandraDaemon ($CAS_PID)"
     kill -9 $CAS_PID &>/dev/null
     ## maybe problematic
     killall java
     
     
     
     ################ debug #################3
     echo "Removing cassandra files and logs" &>>ctool.log
     #cleaning cassandra files
     rm -rf /var/lib/cassandra/* &>>ctool.log
     rm /var/log/cassandra/system.log &>>ctool.log
     #cleaning ctool rrds
     echo "Removing ganglia rrds" &>>ctool.log
     rm -rf /var/lib/ganglia/rrds/* &>>ctool.log
     
     
     
     
     
     echo '
     
     ############  KILLED  ##############' >> ycsb_run.log
     
     #report not alive
     gmetric -n alive -v 0 -t int32 -u nodes -d 10000
     


May02 15:16:55 [DEBUG]         [clients__2]: Connecting to SSH
May02 15:16:55 [DEBUG]         [clients__2]: connected in 0 sec. Running SSH command
May02 15:16:57 [DEBUG]         [clients__2]: SSH command took 1 sec
May02 15:16:57 [DEBUG]         [clients__2]: command returned:

 	$:  CTOOL: Killing CassandraDaemon ()
	$:  


May02 15:17:14 [DEBUG]         [clients__2]: cluster = clients
May02 15:18:35 [DEBUG]         [clients__2]: cluster = clients
May02 15:18:50 [DEBUG]         [clients__2]: cluster = clients
May02 15:18:51 [ INFO]         [clients__2]: running kill script
May02 15:18:51 [DEBUG]         [clients__2]: running SSH command:

     #!/bin/sh
     CAS_PID=$(jps | grep CassandraDaemon | awk  '{print $1}')
     echo "CTOOL: Killing CassandraDaemon ($CAS_PID)"
     kill -9 $CAS_PID &>/dev/null
     ## maybe problematic
     killall java
     
     
     
     ################ debug #################3
     echo "Removing cassandra files and logs" &>>ctool.log
     #cleaning cassandra files
     rm -rf /var/lib/cassandra/* &>>ctool.log
     rm /var/log/cassandra/system.log &>>ctool.log
     #cleaning ctool rrds
     echo "Removing ganglia rrds" &>>ctool.log
     rm -rf /var/lib/ganglia/rrds/* &>>ctool.log
     
     
     
     
     
     echo '
     
     ############  KILLED  ##############' >> ycsb_run.log
     
     #report not alive
     gmetric -n alive -v 0 -t int32 -u nodes -d 10000
     


May02 15:18:51 [DEBUG]         [clients__2]: Connecting to SSH
May02 15:18:51 [DEBUG]         [clients__2]: connected in 0 sec. Running SSH command
May02 15:18:52 [DEBUG]         [clients__2]: SSH command took 0 sec
May02 15:18:52 [DEBUG]         [clients__2]: command returned:

 	$:  CTOOL: Killing CassandraDaemon ()
	$:  java: no process found
	$:  


May02 15:19:06 [DEBUG]         [clients__2]: cluster = clients
May02 15:26:26 [DEBUG]         [clients__2]: cluster = clients
May02 15:26:41 [DEBUG]         [clients__2]: cluster = clients
May02 15:26:41 [DEBUG]         [clients__2]: running SSH command:

     echo '10.0.0.35
     10.0.0.35
     10.0.0.31
     10.0.0.11
     10.0.0.38
     10.0.0.16
     10.0.0.45
     10.0.0.37
     10.0.0.44
     ' > /opt/hosts;#!/bin/sh
     ### RUN THIS FROM PYTHON ONLY, SPECIFYING THE FOLLOWING PARAMS
     count=10000
     step=3333
     start=3333
     
     /etc/YCSB/bin/ycsb load cassandra-cql \
     -P /etc/YCSB/workloads/workloada -p port=9042 \
     -threads 20 -s \
     -p hostsFile=/opt/hosts \
     -p recordcount=$count -p insertcount=$step -p insertstart=$start \
     &> /root/ycsb_load.log
     
     
     


May02 15:26:41 [DEBUG]         [clients__2]: Connecting to SSH
May02 15:26:41 [DEBUG]         [clients__2]: connected in 0 sec. Running SSH command
May02 15:26:52 [DEBUG]         [clients__2]: SSH command took 10 sec
May02 15:26:52 [DEBUG]         [clients__2]: command returned:

 	$:  


May02 15:27:07 [DEBUG]         [clients__2]: cluster = clients
May02 15:27:24 [DEBUG]         [clients__2]: cluster = clients
May02 15:27:25 [DEBUG]         [clients__2]: running SSH command:

     echo '10.0.0.35
     10.0.0.35
     10.0.0.31
     10.0.0.11
     10.0.0.38
     10.0.0.16
     10.0.0.45
     10.0.0.37
     10.0.0.44
     ' > /opt/hosts;#!/bin/sh
     #########  YCSB WORKLOAD PARAMS  ########
     target=3333
     offset=2666
     period=3600
     threads=200
     
     echo "
     period=$period
     target=$target
     offset=$offset
     recordcount=1000
     workload=com.yahoo.ycsb.workloads.CoreWorkload
     sinusoidal=true
     readallfields=true
     
     readproportion=1
     updateproportion=0
     scanproportion=0
     insertproportion=0
     
     requestdistribution=uniform
     hostsFile=/opt/hosts
     maxexecutiontime=1000000000
     " > my_workload
     
     /etc/YCSB/bin/ycsb run cassandra-cql -P my_workload -threads $threads  -s &> /root/ycsb_run.log &
     
     
     


May02 15:27:25 [DEBUG]         [clients__2]: Connecting to SSH
May02 15:27:25 [DEBUG]         [clients__2]: connected in 0 sec. Running SSH command
May02 15:27:25 [DEBUG]         [clients__2]: SSH command took 0 sec
May02 15:27:25 [DEBUG]         [clients__2]: command returned:

 	$:  


May02 16:20:19 [DEBUG]         [clients__2]: cluster = clients
May02 16:20:36 [DEBUG]         [clients__2]: cluster = clients
May02 16:20:38 [ INFO]         [clients__2]: running kill script
May02 16:20:38 [DEBUG]         [clients__2]: running SSH command:

     #!/bin/sh
     CAS_PID=$(jps | grep CassandraDaemon | awk  '{print $1}')
     echo "CTOOL: Killing CassandraDaemon ($CAS_PID)"
     kill -9 $CAS_PID &>/dev/null
     ## maybe problematic
     killall java
     
     
     
     ################ debug #################3
     echo "Removing cassandra files and logs" &>>ctool.log
     #cleaning cassandra files
     rm -rf /var/lib/cassandra/* &>>ctool.log
     rm /var/log/cassandra/system.log &>>ctool.log
     #cleaning ctool rrds
     echo "Removing ganglia rrds" &>>ctool.log
     rm -rf /var/lib/ganglia/rrds/* &>>ctool.log
     
     
     
     
     
     echo '
     
     ############  KILLED  ##############' >> ycsb_run.log
     
     #report not alive
     gmetric -n alive -v 0 -t int32 -u nodes -d 10000
     


May02 16:20:38 [DEBUG]         [clients__2]: Connecting to SSH
May02 16:20:39 [DEBUG]         [clients__2]: connected in 0 sec. Running SSH command
May02 16:20:41 [DEBUG]         [clients__2]: SSH command took 2 sec
May02 16:20:41 [DEBUG]         [clients__2]: command returned:

 	$:  CTOOL: Killing CassandraDaemon ()
	$:  


May02 16:21:00 [DEBUG]         [clients__2]: cluster = clients
May02 16:28:24 [DEBUG]         [clients__2]: cluster = clients
May02 16:28:39 [DEBUG]         [clients__2]: cluster = clients
May02 16:28:39 [DEBUG]         [clients__2]: running SSH command:

     echo '10.0.0.35
     10.0.0.35
     10.0.0.31
     10.0.0.11
     10.0.0.38
     10.0.0.16
     10.0.0.45
     10.0.0.37
     10.0.0.44
     ' > /opt/hosts;#!/bin/sh
     ### RUN THIS FROM PYTHON ONLY, SPECIFYING THE FOLLOWING PARAMS
     count=10000
     step=3333
     start=3333
     
     /etc/YCSB/bin/ycsb load cassandra-cql \
     -P /etc/YCSB/workloads/workloada -p port=9042 \
     -threads 20 -s \
     -p hostsFile=/opt/hosts \
     -p recordcount=$count -p insertcount=$step -p insertstart=$start \
     &> /root/ycsb_load.log
     
     
     


May02 16:28:39 [DEBUG]         [clients__2]: Connecting to SSH
May02 16:28:39 [DEBUG]         [clients__2]: connected in 0 sec. Running SSH command
May02 16:28:50 [DEBUG]         [clients__2]: SSH command took 11 sec
May02 16:28:50 [DEBUG]         [clients__2]: command returned:

 	$:  


May02 16:29:05 [DEBUG]         [clients__2]: cluster = clients
May02 16:29:19 [DEBUG]         [clients__2]: cluster = clients
May02 16:29:20 [DEBUG]         [clients__2]: running SSH command:

     echo '10.0.0.35
     10.0.0.35
     10.0.0.31
     10.0.0.11
     10.0.0.38
     10.0.0.16
     10.0.0.45
     10.0.0.37
     10.0.0.44
     ' > /opt/hosts;#!/bin/sh
     #########  YCSB WORKLOAD PARAMS  ########
     target=26666
     offset=2000
     period=3600
     threads=200
     
     echo "
     period=$period
     target=$target
     offset=$offset
     recordcount=1000
     workload=com.yahoo.ycsb.workloads.CoreWorkload
     sinusoidal=true
     readallfields=true
     
     readproportion=1
     updateproportion=0
     scanproportion=0
     insertproportion=0
     
     requestdistribution=uniform
     hostsFile=/opt/hosts
     maxexecutiontime=1000000000
     " > my_workload
     
     /etc/YCSB/bin/ycsb run cassandra-cql -P my_workload -threads $threads  -s &> /root/ycsb_run.log &
     
     
     


May02 16:29:20 [DEBUG]         [clients__2]: Connecting to SSH
May02 16:29:20 [DEBUG]         [clients__2]: connected in 0 sec. Running SSH command
May02 16:29:20 [DEBUG]         [clients__2]: SSH command took 0 sec
May02 16:29:20 [DEBUG]         [clients__2]: command returned:

 	$:  


May02 16:52:21 [DEBUG]         [clients__2]: cluster = clients
May02 16:52:22 [ INFO]         [clients__2]: running kill script
May02 16:52:22 [DEBUG]         [clients__2]: running SSH command:

     #!/bin/sh
     CAS_PID=$(jps | grep CassandraDaemon | awk  '{print $1}')
     echo "CTOOL: Killing CassandraDaemon ($CAS_PID)"
     kill -9 $CAS_PID &>/dev/null
     ## maybe problematic
     killall java
     
     
     
     ################ debug #################3
     echo "Removing cassandra files and logs" &>>ctool.log
     #cleaning cassandra files
     rm -rf /var/lib/cassandra/* &>>ctool.log
     rm /var/log/cassandra/system.log &>>ctool.log
     #cleaning ctool rrds
     echo "Removing ganglia rrds" &>>ctool.log
     rm -rf /var/lib/ganglia/rrds/* &>>ctool.log
     
     
     
     
     
     echo '
     
     ############  KILLED  ##############' >> ycsb_run.log
     
     #report not alive
     gmetric -n alive -v 0 -t int32 -u nodes -d 10000
     


May02 16:52:22 [DEBUG]         [clients__2]: Connecting to SSH
May02 16:52:22 [DEBUG]         [clients__2]: connected in 0 sec. Running SSH command
May02 16:52:24 [DEBUG]         [clients__2]: SSH command took 1 sec
May02 16:52:24 [DEBUG]         [clients__2]: command returned:

 	$:  CTOOL: Killing CassandraDaemon ()
	$:  


May02 16:52:40 [DEBUG]         [clients__2]: cluster = clients
May02 16:52:54 [DEBUG]         [clients__2]: cluster = clients
May02 16:52:54 [DEBUG]         [clients__2]: running SSH command:

     echo '10.0.0.35
     10.0.0.35
     10.0.0.31
     10.0.0.11
     10.0.0.38
     10.0.0.16
     10.0.0.45
     10.0.0.37
     10.0.0.44
     ' > /opt/hosts;#!/bin/sh
     #########  YCSB WORKLOAD PARAMS  ########
     target=26666
     offset=2000
     period=3600
     threads=200
     
     echo "
     period=$period
     target=$target
     offset=$offset
     recordcount=1000
     workload=com.yahoo.ycsb.workloads.CoreWorkload
     sinusoidal=true
     readallfields=true
     
     readproportion=1
     updateproportion=0
     scanproportion=0
     insertproportion=0
     
     requestdistribution=uniform
     hostsFile=/opt/hosts
     maxexecutiontime=1000000000
     " > my_workload
     
     /etc/YCSB/bin/ycsb run cassandra-cql -P my_workload -threads $threads  -s &> /root/ycsb_run.log &
     
     
     


May02 16:52:54 [DEBUG]         [clients__2]: Connecting to SSH
May02 16:52:54 [DEBUG]         [clients__2]: connected in 0 sec. Running SSH command
May02 16:52:54 [DEBUG]         [clients__2]: SSH command took 0 sec
May02 16:52:54 [DEBUG]         [clients__2]: command returned:

 	$:  


May02 17:14:26 [DEBUG]         [clients__2]: cluster = clients
May02 17:14:27 [ INFO]         [clients__2]: running kill script
May02 17:14:27 [DEBUG]         [clients__2]: running SSH command:

     #!/bin/sh
     CAS_PID=$(jps | grep CassandraDaemon | awk  '{print $1}')
     echo "CTOOL: Killing CassandraDaemon ($CAS_PID)"
     kill -9 $CAS_PID &>/dev/null
     ## maybe problematic
     killall java
     
     
     
     ################ debug #################3
     echo "Removing cassandra files and logs" &>>ctool.log
     #cleaning cassandra files
     rm -rf /var/lib/cassandra/* &>>ctool.log
     rm /var/log/cassandra/system.log &>>ctool.log
     #cleaning ctool rrds
     echo "Removing ganglia rrds" &>>ctool.log
     rm -rf /var/lib/ganglia/rrds/* &>>ctool.log
     
     
     
     
     
     echo '
     
     ############  KILLED  ##############' >> ycsb_run.log
     
     #report not alive
     gmetric -n alive -v 0 -t int32 -u nodes -d 10000
     


May02 17:14:27 [DEBUG]         [clients__2]: Connecting to SSH
May02 17:14:27 [DEBUG]         [clients__2]: connected in 0 sec. Running SSH command
May02 17:14:29 [DEBUG]         [clients__2]: SSH command took 1 sec
May02 17:14:29 [DEBUG]         [clients__2]: command returned:

 	$:  CTOOL: Killing CassandraDaemon ()
	$:  


May02 17:14:45 [DEBUG]         [clients__2]: cluster = clients
May02 17:14:59 [DEBUG]         [clients__2]: cluster = clients
May02 17:14:59 [DEBUG]         [clients__2]: running SSH command:

     echo '10.0.0.35
     10.0.0.35
     10.0.0.31
     10.0.0.11
     10.0.0.38
     10.0.0.16
     10.0.0.45
     10.0.0.37
     10.0.0.44
     ' > /opt/hosts;#!/bin/sh
     #########  YCSB WORKLOAD PARAMS  ########
     target=26666
     offset=2000
     period=3600
     threads=200
     
     echo "
     period=$period
     target=$target
     offset=$offset
     recordcount=1000
     workload=com.yahoo.ycsb.workloads.CoreWorkload
     sinusoidal=true
     readallfields=true
     
     readproportion=1
     updateproportion=0
     scanproportion=0
     insertproportion=0
     
     requestdistribution=uniform
     hostsFile=/opt/hosts
     maxexecutiontime=1000000000
     " > my_workload
     
     /etc/YCSB/bin/ycsb run cassandra-cql -P my_workload -threads $threads  -s &> /root/ycsb_run.log &
     
     
     


May02 17:14:59 [DEBUG]         [clients__2]: Connecting to SSH
May02 17:14:59 [DEBUG]         [clients__2]: connected in 0 sec. Running SSH command
May02 17:14:59 [DEBUG]         [clients__2]: SSH command took 0 sec
May02 17:14:59 [DEBUG]         [clients__2]: command returned:

 	$:  


