Apr30 16:45:33 [DEBUG]         [clients__3]: cluster = clients
Apr30 16:45:46 [DEBUG]         [clients__3]: cluster = clients
Apr30 16:49:19 [DEBUG]         [clients__3]: cluster = clients
Apr30 16:49:33 [DEBUG]         [clients__3]: cluster = clients
Apr30 16:51:20 [DEBUG]         [clients__3]: cluster = clients
Apr30 16:51:34 [DEBUG]         [clients__3]: cluster = clients
Apr30 16:52:06 [DEBUG]         [clients__3]: cluster = clients
Apr30 16:52:20 [DEBUG]         [clients__3]: cluster = clients
Apr30 16:52:48 [DEBUG]         [clients__3]: cluster = clients
Apr30 16:53:01 [DEBUG]         [clients__3]: cluster = clients
Apr30 16:54:05 [DEBUG]         [clients__3]: cluster = clients
Apr30 16:54:19 [DEBUG]         [clients__3]: cluster = clients
Apr30 16:56:12 [DEBUG]         [clients__3]: cluster = clients
Apr30 16:56:25 [DEBUG]         [clients__3]: cluster = clients
Apr30 17:18:32 [DEBUG]         [clients__3]: cluster = clients
Apr30 17:18:45 [DEBUG]         [clients__3]: cluster = clients
Apr30 17:18:45 [DEBUG]         [clients__3]: running SSH command:

     echo '10.0.0.35
     10.0.0.35
     10.0.0.31
     10.0.0.11
     10.0.0.38
     10.0.0.16
     10.0.0.45
     10.0.0.37
     10.0.0.44
     ' > /opt/hosts;#!/bin/sh
     #########  YCSB WORKLOAD PARAMS  ########
     target=3333
     offset=2666
     period=120
     threads=200
     
     echo "
     period=$period
     target=$target
     offset=$offset
     recordcount=1000
     workload=com.yahoo.ycsb.workloads.CoreWorkload
     sinusoidal=true
     readallfields=true
     
     readproportion=1
     updateproportion=0
     scanproportion=0
     insertproportion=0
     
     requestdistribution=uniform
     hostsFile=/opt/hosts
     maxexecutiontime=1000000000
     " > my_workload
     
     /etc/YCSB/bin/ycsb run cassandra-cql -P my_workload -threads $threads  -s &> /root/ycsb_run.log &
     
     
     


Apr30 17:18:45 [DEBUG]         [clients__3]: Connecting to SSH
Apr30 17:18:46 [DEBUG]         [clients__3]: connected in 0 sec. Running SSH command
Apr30 17:18:46 [DEBUG]         [clients__3]: SSH command took 0 sec
Apr30 17:18:46 [DEBUG]         [clients__3]: command returned:

 	$:  


Apr30 17:23:49 [ INFO]         [clients__3]: running kill script
Apr30 17:23:49 [DEBUG]         [clients__3]: running SSH command:

     #!/bin/sh
     CAS_PID=$(jps | grep CassandraDaemon | awk  '{print $1}')
     echo "CTOOL: Killing CassandraDaemon ($CAS_PID)"
     kill -9 $CAS_PID &>/dev/null
     ## maybe problematic
     killall java
     
     
     
     ################ debug #################3
     echo "Removing cassandra files and logs" &>>ctool.log
     #cleaning cassandra files
     rm -rf /var/lib/cassandra/* &>>ctool.log
     rm /var/log/cassandra/system.log &>>ctool.log
     #cleaning ctool rrds
     echo "Removing ganglia rrds" &>>ctool.log
     rm -rf /var/lib/ganglia/rrds/* &>>ctool.log
     
     
     
     
     
     echo '
     
     ############  KILLED  ##############' >> ycsb_run.log
     
     #report not alive
     gmetric -n alive -v 0 -t int32 -u nodes -d 10000
     


Apr30 17:23:49 [DEBUG]         [clients__3]: Connecting to SSH
Apr30 17:23:49 [DEBUG]         [clients__3]: connected in 0 sec. Running SSH command
Apr30 17:23:50 [DEBUG]         [clients__3]: SSH command took 1 sec
Apr30 17:23:50 [DEBUG]         [clients__3]: command returned:

 	$:  CTOOL: Killing CassandraDaemon ()
	$:  


Apr30 17:33:44 [DEBUG]         [clients__3]: cluster = clients
Apr30 17:33:58 [DEBUG]         [clients__3]: cluster = clients
Apr30 17:33:58 [DEBUG]         [clients__3]: running SSH command:

     echo '10.0.0.35
     10.0.0.35
     10.0.0.31
     10.0.0.11
     10.0.0.38
     10.0.0.16
     10.0.0.45
     10.0.0.37
     10.0.0.44
     ' > /opt/hosts;#!/bin/sh
     #########  YCSB WORKLOAD PARAMS  ########
     target=3333
     offset=2666
     period=120
     threads=200
     
     echo "
     period=$period
     target=$target
     offset=$offset
     recordcount=1000
     workload=com.yahoo.ycsb.workloads.CoreWorkload
     sinusoidal=true
     readallfields=true
     
     readproportion=1
     updateproportion=0
     scanproportion=0
     insertproportion=0
     
     requestdistribution=uniform
     hostsFile=/opt/hosts
     maxexecutiontime=1000000000
     " > my_workload
     
     /etc/YCSB/bin/ycsb run cassandra-cql -P my_workload -threads $threads  -s &> /root/ycsb_run.log &
     
     
     


Apr30 17:33:58 [DEBUG]         [clients__3]: Connecting to SSH
Apr30 17:33:58 [DEBUG]         [clients__3]: connected in 0 sec. Running SSH command
Apr30 17:33:58 [DEBUG]         [clients__3]: SSH command took 0 sec
Apr30 17:33:58 [DEBUG]         [clients__3]: command returned:

 	$:  


Apr30 17:34:55 [DEBUG]         [clients__3]: cluster = clients
Apr30 17:35:08 [DEBUG]         [clients__3]: cluster = clients
Apr30 17:35:09 [DEBUG]         [clients__3]: running SSH command:

     echo '10.0.0.35
     10.0.0.35
     10.0.0.31
     10.0.0.11
     10.0.0.38
     10.0.0.16
     10.0.0.45
     10.0.0.37
     10.0.0.44
     ' > /opt/hosts;#!/bin/sh
     #########  YCSB WORKLOAD PARAMS  ########
     target=3333
     offset=2666
     period=120
     threads=200
     
     echo "
     period=$period
     target=$target
     offset=$offset
     recordcount=1000
     workload=com.yahoo.ycsb.workloads.CoreWorkload
     sinusoidal=true
     readallfields=true
     
     readproportion=1
     updateproportion=0
     scanproportion=0
     insertproportion=0
     
     requestdistribution=uniform
     hostsFile=/opt/hosts
     maxexecutiontime=1000000000
     " > my_workload
     
     /etc/YCSB/bin/ycsb run cassandra-cql -P my_workload -threads $threads  -s &> /root/ycsb_run.log &
     
     
     


Apr30 17:35:09 [DEBUG]         [clients__3]: Connecting to SSH
Apr30 17:35:09 [DEBUG]         [clients__3]: connected in 0 sec. Running SSH command
Apr30 17:35:09 [DEBUG]         [clients__3]: SSH command took 0 sec
Apr30 17:35:09 [DEBUG]         [clients__3]: command returned:

 	$:  


Apr30 17:40:13 [ INFO]         [clients__3]: running kill script
Apr30 17:40:13 [DEBUG]         [clients__3]: running SSH command:

     #!/bin/sh
     CAS_PID=$(jps | grep CassandraDaemon | awk  '{print $1}')
     echo "CTOOL: Killing CassandraDaemon ($CAS_PID)"
     kill -9 $CAS_PID &>/dev/null
     ## maybe problematic
     killall java
     
     
     
     ################ debug #################3
     echo "Removing cassandra files and logs" &>>ctool.log
     #cleaning cassandra files
     rm -rf /var/lib/cassandra/* &>>ctool.log
     rm /var/log/cassandra/system.log &>>ctool.log
     #cleaning ctool rrds
     echo "Removing ganglia rrds" &>>ctool.log
     rm -rf /var/lib/ganglia/rrds/* &>>ctool.log
     
     
     
     
     
     echo '
     
     ############  KILLED  ##############' >> ycsb_run.log
     
     #report not alive
     gmetric -n alive -v 0 -t int32 -u nodes -d 10000
     


Apr30 17:40:13 [DEBUG]         [clients__3]: Connecting to SSH
Apr30 17:40:14 [DEBUG]         [clients__3]: connected in 0 sec. Running SSH command
Apr30 17:40:17 [DEBUG]         [clients__3]: SSH command took 3 sec
Apr30 17:40:17 [DEBUG]         [clients__3]: command returned:

 	$:  CTOOL: Killing CassandraDaemon ()
	$:  


Apr30 17:50:26 [DEBUG]         [clients__3]: cluster = clients
Apr30 17:50:39 [DEBUG]         [clients__3]: cluster = clients
Apr30 17:50:39 [DEBUG]         [clients__3]: running SSH command:

     echo '10.0.0.35
     10.0.0.35
     10.0.0.31
     10.0.0.11
     10.0.0.38
     10.0.0.16
     10.0.0.45
     10.0.0.37
     10.0.0.44
     ' > /opt/hosts;#!/bin/sh
     #########  YCSB WORKLOAD PARAMS  ########
     target=3333
     offset=2666
     period=120
     threads=200
     
     echo "
     period=$period
     target=$target
     offset=$offset
     recordcount=1000
     workload=com.yahoo.ycsb.workloads.CoreWorkload
     sinusoidal=true
     readallfields=true
     
     readproportion=1
     updateproportion=0
     scanproportion=0
     insertproportion=0
     
     requestdistribution=uniform
     hostsFile=/opt/hosts
     maxexecutiontime=1000000000
     " > my_workload
     
     /etc/YCSB/bin/ycsb run cassandra-cql -P my_workload -threads $threads  -s &> /root/ycsb_run.log &
     
     
     


Apr30 17:50:39 [DEBUG]         [clients__3]: Connecting to SSH
Apr30 17:50:39 [DEBUG]         [clients__3]: connected in 0 sec. Running SSH command
Apr30 17:50:40 [DEBUG]         [clients__3]: SSH command took 0 sec
Apr30 17:50:40 [DEBUG]         [clients__3]: command returned:

 	$:  


Apr30 17:52:33 [DEBUG]         [clients__3]: cluster = clients
Apr30 17:52:46 [DEBUG]         [clients__3]: cluster = clients
Apr30 17:52:47 [DEBUG]         [clients__3]: running SSH command:

     echo '10.0.0.35
     10.0.0.35
     10.0.0.31
     10.0.0.11
     10.0.0.38
     10.0.0.16
     10.0.0.45
     10.0.0.37
     10.0.0.44
     ' > /opt/hosts;#!/bin/sh
     #########  YCSB WORKLOAD PARAMS  ########
     target=3333
     offset=2666
     period=120
     threads=200
     
     echo "
     period=$period
     target=$target
     offset=$offset
     recordcount=1000
     workload=com.yahoo.ycsb.workloads.CoreWorkload
     sinusoidal=true
     readallfields=true
     
     readproportion=1
     updateproportion=0
     scanproportion=0
     insertproportion=0
     
     requestdistribution=uniform
     hostsFile=/opt/hosts
     maxexecutiontime=1000000000
     " > my_workload
     
     /etc/YCSB/bin/ycsb run cassandra-cql -P my_workload -threads $threads  -s &> /root/ycsb_run.log &
     
     
     


Apr30 17:52:47 [DEBUG]         [clients__3]: Connecting to SSH
Apr30 17:52:48 [DEBUG]         [clients__3]: connected in 0 sec. Running SSH command
Apr30 17:52:48 [DEBUG]         [clients__3]: SSH command took 0 sec
Apr30 17:52:48 [DEBUG]         [clients__3]: command returned:

 	$:  


Apr30 17:53:51 [ INFO]         [clients__3]: running kill script
Apr30 17:53:51 [DEBUG]         [clients__3]: running SSH command:

     #!/bin/sh
     CAS_PID=$(jps | grep CassandraDaemon | awk  '{print $1}')
     echo "CTOOL: Killing CassandraDaemon ($CAS_PID)"
     kill -9 $CAS_PID &>/dev/null
     ## maybe problematic
     killall java
     
     
     
     ################ debug #################3
     echo "Removing cassandra files and logs" &>>ctool.log
     #cleaning cassandra files
     rm -rf /var/lib/cassandra/* &>>ctool.log
     rm /var/log/cassandra/system.log &>>ctool.log
     #cleaning ctool rrds
     echo "Removing ganglia rrds" &>>ctool.log
     rm -rf /var/lib/ganglia/rrds/* &>>ctool.log
     
     
     
     
     
     echo '
     
     ############  KILLED  ##############' >> ycsb_run.log
     
     #report not alive
     gmetric -n alive -v 0 -t int32 -u nodes -d 10000
     


Apr30 17:53:51 [DEBUG]         [clients__3]: Connecting to SSH
Apr30 17:53:51 [DEBUG]         [clients__3]: connected in 0 sec. Running SSH command
Apr30 17:53:53 [DEBUG]         [clients__3]: SSH command took 1 sec
Apr30 17:53:53 [DEBUG]         [clients__3]: command returned:

 	$:  CTOOL: Killing CassandraDaemon ()
	$:  


Apr30 18:01:05 [DEBUG]         [clients__3]: cluster = clients
Apr30 18:01:18 [DEBUG]         [clients__3]: cluster = clients
Apr30 18:01:19 [DEBUG]         [clients__3]: running SSH command:

     echo '10.0.0.35
     10.0.0.35
     10.0.0.31
     10.0.0.11
     10.0.0.38
     10.0.0.16
     10.0.0.45
     10.0.0.37
     10.0.0.44
     ' > /opt/hosts;#!/bin/sh
     #########  YCSB WORKLOAD PARAMS  ########
     target=3333
     offset=2666
     period=120
     threads=200
     
     echo "
     period=$period
     target=$target
     offset=$offset
     recordcount=1000
     workload=com.yahoo.ycsb.workloads.CoreWorkload
     sinusoidal=true
     readallfields=true
     
     readproportion=1
     updateproportion=0
     scanproportion=0
     insertproportion=0
     
     requestdistribution=uniform
     hostsFile=/opt/hosts
     maxexecutiontime=1000000000
     " > my_workload
     
     /etc/YCSB/bin/ycsb run cassandra-cql -P my_workload -threads $threads  -s &> /root/ycsb_run.log &
     
     
     


Apr30 18:01:19 [DEBUG]         [clients__3]: Connecting to SSH
Apr30 18:01:19 [DEBUG]         [clients__3]: connected in 0 sec. Running SSH command
Apr30 18:01:19 [DEBUG]         [clients__3]: SSH command took 0 sec
Apr30 18:01:19 [DEBUG]         [clients__3]: command returned:

 	$:  


Apr30 18:02:21 [ INFO]         [clients__3]: running kill script
Apr30 18:02:21 [DEBUG]         [clients__3]: running SSH command:

     #!/bin/sh
     CAS_PID=$(jps | grep CassandraDaemon | awk  '{print $1}')
     echo "CTOOL: Killing CassandraDaemon ($CAS_PID)"
     kill -9 $CAS_PID &>/dev/null
     ## maybe problematic
     killall java
     
     
     
     ################ debug #################3
     echo "Removing cassandra files and logs" &>>ctool.log
     #cleaning cassandra files
     rm -rf /var/lib/cassandra/* &>>ctool.log
     rm /var/log/cassandra/system.log &>>ctool.log
     #cleaning ctool rrds
     echo "Removing ganglia rrds" &>>ctool.log
     rm -rf /var/lib/ganglia/rrds/* &>>ctool.log
     
     
     
     
     
     echo '
     
     ############  KILLED  ##############' >> ycsb_run.log
     
     #report not alive
     gmetric -n alive -v 0 -t int32 -u nodes -d 10000
     


Apr30 18:02:21 [DEBUG]         [clients__3]: Connecting to SSH
Apr30 18:02:21 [DEBUG]         [clients__3]: connected in 0 sec. Running SSH command
Apr30 18:02:23 [DEBUG]         [clients__3]: SSH command took 1 sec
Apr30 18:02:23 [DEBUG]         [clients__3]: command returned:

 	$:  CTOOL: Killing CassandraDaemon ()
	$:  


Apr30 18:08:37 [DEBUG]         [clients__3]: cluster = clients
Apr30 18:09:13 [DEBUG]         [clients__3]: cluster = clients
Apr30 18:09:13 [DEBUG]         [clients__3]: cluster = clients
Apr30 18:09:15 [ INFO]         [clients__3]: running kill script
Apr30 18:09:15 [DEBUG]         [clients__3]: running SSH command:

     #!/bin/sh
     CAS_PID=$(jps | grep CassandraDaemon | awk  '{print $1}')
     echo "CTOOL: Killing CassandraDaemon ($CAS_PID)"
     kill -9 $CAS_PID &>/dev/null
     ## maybe problematic
     killall java
     
     
     
     ################ debug #################3
     echo "Removing cassandra files and logs" &>>ctool.log
     #cleaning cassandra files
     rm -rf /var/lib/cassandra/* &>>ctool.log
     rm /var/log/cassandra/system.log &>>ctool.log
     #cleaning ctool rrds
     echo "Removing ganglia rrds" &>>ctool.log
     rm -rf /var/lib/ganglia/rrds/* &>>ctool.log
     
     
     
     
     
     echo '
     
     ############  KILLED  ##############' >> ycsb_run.log
     
     #report not alive
     gmetric -n alive -v 0 -t int32 -u nodes -d 10000
     


Apr30 18:09:15 [DEBUG]         [clients__3]: Connecting to SSH
Apr30 18:09:15 [DEBUG]         [clients__3]: connected in 0 sec. Running SSH command
Apr30 18:09:15 [DEBUG]         [clients__3]: SSH command took 0 sec
Apr30 18:09:15 [DEBUG]         [clients__3]: command returned:

 	$:  CTOOL: Killing CassandraDaemon ()
	$:  java: no process found
	$:  


Apr30 18:16:41 [DEBUG]         [clients__3]: cluster = clients
Apr30 18:16:54 [DEBUG]         [clients__3]: cluster = clients
Apr30 18:16:54 [DEBUG]         [clients__3]: running SSH command:

     echo '10.0.0.35
     10.0.0.35
     10.0.0.31
     10.0.0.11
     10.0.0.38
     10.0.0.16
     10.0.0.45
     10.0.0.37
     10.0.0.44
     ' > /opt/hosts;#!/bin/sh
     ### RUN THIS FROM PYTHON ONLY, SPECIFYING THE FOLLOWING PARAMS
     count=10000000
     step=3333333
     start=6666666
     
     /etc/YCSB/bin/ycsb load cassandra-cql \
     -P /etc/YCSB/workloads/workloada -p port=9042 \
     -threads 20 -s \
     -p hostsFile=/opt/hosts \
     -p recordcount=$count -p insertcount=$step -p insertstart=$start \
     &> /root/ycsb_load.log
     
     
     


Apr30 18:16:54 [DEBUG]         [clients__3]: Connecting to SSH
Apr30 18:16:54 [DEBUG]         [clients__3]: connected in 0 sec. Running SSH command
Apr30 18:52:26 [DEBUG]         [clients__3]: SSH command took 2131 sec
Apr30 18:52:26 [DEBUG]         [clients__3]: command returned:

 	$:  


Apr30 18:53:19 [DEBUG]         [clients__3]: cluster = clients
Apr30 18:53:32 [DEBUG]         [clients__3]: cluster = clients
Apr30 18:53:32 [DEBUG]         [clients__3]: running SSH command:

     echo '10.0.0.35
     10.0.0.35
     10.0.0.31
     10.0.0.11
     10.0.0.38
     10.0.0.16
     10.0.0.45
     10.0.0.37
     10.0.0.44
     ' > /opt/hosts;#!/bin/sh
     #########  YCSB WORKLOAD PARAMS  ########
     target=3333
     offset=2666
     period=120
     threads=200
     
     echo "
     period=$period
     target=$target
     offset=$offset
     recordcount=1000
     workload=com.yahoo.ycsb.workloads.CoreWorkload
     sinusoidal=true
     readallfields=true
     
     readproportion=1
     updateproportion=0
     scanproportion=0
     insertproportion=0
     
     requestdistribution=uniform
     hostsFile=/opt/hosts
     maxexecutiontime=1000000000
     " > my_workload
     
     /etc/YCSB/bin/ycsb run cassandra-cql -P my_workload -threads $threads  -s &> /root/ycsb_run.log &
     
     
     


Apr30 18:53:32 [DEBUG]         [clients__3]: Connecting to SSH
Apr30 18:53:32 [DEBUG]         [clients__3]: connected in 0 sec. Running SSH command
Apr30 18:53:32 [DEBUG]         [clients__3]: SSH command took 0 sec
Apr30 18:53:32 [DEBUG]         [clients__3]: command returned:

 	$:  


May01 15:33:24 [DEBUG]         [clients__3]: cluster = clients
May01 15:33:29 [ INFO]         [clients__3]: running kill script
May01 15:33:29 [DEBUG]         [clients__3]: running SSH command:

     #!/bin/sh
     CAS_PID=$(jps | grep CassandraDaemon | awk  '{print $1}')
     echo "CTOOL: Killing CassandraDaemon ($CAS_PID)"
     kill -9 $CAS_PID &>/dev/null
     ## maybe problematic
     killall java
     
     
     
     ################ debug #################3
     echo "Removing cassandra files and logs" &>>ctool.log
     #cleaning cassandra files
     rm -rf /var/lib/cassandra/* &>>ctool.log
     rm /var/log/cassandra/system.log &>>ctool.log
     #cleaning ctool rrds
     echo "Removing ganglia rrds" &>>ctool.log
     rm -rf /var/lib/ganglia/rrds/* &>>ctool.log
     
     
     
     
     
     echo '
     
     ############  KILLED  ##############' >> ycsb_run.log
     
     #report not alive
     gmetric -n alive -v 0 -t int32 -u nodes -d 10000
     


May01 15:33:29 [DEBUG]         [clients__3]: Connecting to SSH
May01 15:33:30 [DEBUG]         [clients__3]: connected in 0 sec. Running SSH command
May01 15:33:32 [DEBUG]         [clients__3]: SSH command took 2 sec
May01 15:33:32 [DEBUG]         [clients__3]: command returned:

 	$:  CTOOL: Killing CassandraDaemon ()
	$:  


May01 15:36:18 [DEBUG]         [clients__3]: cluster = clients
May01 15:37:01 [DEBUG]         [clients__3]: cluster = clients
May01 15:37:40 [DEBUG]         [clients__3]: cluster = clients
May01 15:37:40 [DEBUG]         [clients__3]: cluster = clients
May01 15:37:42 [ INFO]         [clients__3]: running kill script
May01 15:37:42 [DEBUG]         [clients__3]: running SSH command:

     #!/bin/sh
     CAS_PID=$(jps | grep CassandraDaemon | awk  '{print $1}')
     echo "CTOOL: Killing CassandraDaemon ($CAS_PID)"
     kill -9 $CAS_PID &>/dev/null
     ## maybe problematic
     killall java
     
     
     
     ################ debug #################3
     echo "Removing cassandra files and logs" &>>ctool.log
     #cleaning cassandra files
     rm -rf /var/lib/cassandra/* &>>ctool.log
     rm /var/log/cassandra/system.log &>>ctool.log
     #cleaning ctool rrds
     echo "Removing ganglia rrds" &>>ctool.log
     rm -rf /var/lib/ganglia/rrds/* &>>ctool.log
     
     
     
     
     
     echo '
     
     ############  KILLED  ##############' >> ycsb_run.log
     
     #report not alive
     gmetric -n alive -v 0 -t int32 -u nodes -d 10000
     


May01 15:37:42 [DEBUG]         [clients__3]: Connecting to SSH
May01 15:37:42 [DEBUG]         [clients__3]: connected in 0 sec. Running SSH command
May01 15:37:42 [DEBUG]         [clients__3]: SSH command took 0 sec
May01 15:37:42 [DEBUG]         [clients__3]: command returned:

 	$:  CTOOL: Killing CassandraDaemon ()
	$:  java: no process found
	$:  


May01 15:45:28 [DEBUG]         [clients__3]: cluster = clients
May01 15:45:41 [DEBUG]         [clients__3]: cluster = clients
May01 15:45:41 [DEBUG]         [clients__3]: running SSH command:

     echo '10.0.0.35
     10.0.0.35
     10.0.0.31
     10.0.0.11
     10.0.0.38
     10.0.0.16
     10.0.0.45
     10.0.0.37
     10.0.0.44
     ' > /opt/hosts;#!/bin/sh
     ### RUN THIS FROM PYTHON ONLY, SPECIFYING THE FOLLOWING PARAMS
     count=10000000
     step=3333333
     start=6666666
     
     /etc/YCSB/bin/ycsb load cassandra-cql \
     -P /etc/YCSB/workloads/workloada -p port=9042 \
     -threads 20 -s \
     -p hostsFile=/opt/hosts \
     -p recordcount=$count -p insertcount=$step -p insertstart=$start \
     &> /root/ycsb_load.log
     
     
     


May01 15:45:41 [DEBUG]         [clients__3]: Connecting to SSH
May01 15:45:41 [DEBUG]         [clients__3]: connected in 0 sec. Running SSH command
May01 16:21:38 [DEBUG]         [clients__3]: SSH command took 2156 sec
May01 16:21:38 [DEBUG]         [clients__3]: command returned:

 	$:  


May01 16:57:56 [DEBUG]         [clients__3]: cluster = clients
May01 16:58:10 [DEBUG]         [clients__3]: cluster = clients
May01 16:58:10 [DEBUG]         [clients__3]: running SSH command:

     echo '10.0.0.35
     10.0.0.35
     10.0.0.31
     10.0.0.11
     10.0.0.38
     10.0.0.16
     10.0.0.45
     10.0.0.37
     10.0.0.44
     ' > /opt/hosts;#!/bin/sh
     #########  YCSB WORKLOAD PARAMS  ########
     target=3333
     offset=2666
     period=120
     threads=200
     
     echo "
     period=$period
     target=$target
     offset=$offset
     recordcount=1000
     workload=com.yahoo.ycsb.workloads.CoreWorkload
     sinusoidal=true
     readallfields=true
     
     readproportion=1
     updateproportion=0
     scanproportion=0
     insertproportion=0
     
     requestdistribution=uniform
     hostsFile=/opt/hosts
     maxexecutiontime=1000000000
     " > my_workload
     
     /etc/YCSB/bin/ycsb run cassandra-cql -P my_workload -threads $threads  -s &> /root/ycsb_run.log &
     
     
     


May01 16:58:10 [DEBUG]         [clients__3]: Connecting to SSH
May01 16:58:11 [DEBUG]         [clients__3]: connected in 0 sec. Running SSH command
May01 16:58:11 [DEBUG]         [clients__3]: SSH command took 0 sec
May01 16:58:11 [DEBUG]         [clients__3]: command returned:

 	$:  


May01 17:05:59 [DEBUG]         [clients__3]: cluster = clients
May01 17:06:13 [DEBUG]         [clients__3]: cluster = clients
May01 17:06:13 [DEBUG]         [clients__3]: running SSH command:

     echo '10.0.0.35
     10.0.0.35
     10.0.0.31
     10.0.0.11
     10.0.0.38
     10.0.0.16
     10.0.0.45
     10.0.0.37
     10.0.0.44
     ' > /opt/hosts;#!/bin/sh
     #########  YCSB WORKLOAD PARAMS  ########
     target=3333
     offset=2666
     period=7200
     threads=200
     
     echo "
     period=$period
     target=$target
     offset=$offset
     recordcount=1000
     workload=com.yahoo.ycsb.workloads.CoreWorkload
     sinusoidal=true
     readallfields=true
     
     readproportion=1
     updateproportion=0
     scanproportion=0
     insertproportion=0
     
     requestdistribution=uniform
     hostsFile=/opt/hosts
     maxexecutiontime=1000000000
     " > my_workload
     
     /etc/YCSB/bin/ycsb run cassandra-cql -P my_workload -threads $threads  -s &> /root/ycsb_run.log &
     
     
     


May01 17:06:13 [DEBUG]         [clients__3]: Connecting to SSH
May01 17:06:14 [DEBUG]         [clients__3]: connected in 0 sec. Running SSH command
May01 17:06:14 [DEBUG]         [clients__3]: SSH command took 0 sec
May01 17:06:14 [DEBUG]         [clients__3]: command returned:

 	$:  


May01 17:17:09 [DEBUG]         [clients__3]: cluster = clients
May01 17:17:17 [ INFO]         [clients__3]: running kill script
May01 17:17:17 [DEBUG]         [clients__3]: running SSH command:

     #!/bin/sh
     CAS_PID=$(jps | grep CassandraDaemon | awk  '{print $1}')
     echo "CTOOL: Killing CassandraDaemon ($CAS_PID)"
     kill -9 $CAS_PID &>/dev/null
     ## maybe problematic
     killall java
     
     
     
     ################ debug #################3
     echo "Removing cassandra files and logs" &>>ctool.log
     #cleaning cassandra files
     rm -rf /var/lib/cassandra/* &>>ctool.log
     rm /var/log/cassandra/system.log &>>ctool.log
     #cleaning ctool rrds
     echo "Removing ganglia rrds" &>>ctool.log
     rm -rf /var/lib/ganglia/rrds/* &>>ctool.log
     
     
     
     
     
     echo '
     
     ############  KILLED  ##############' >> ycsb_run.log
     
     #report not alive
     gmetric -n alive -v 0 -t int32 -u nodes -d 10000
     


May01 17:17:17 [DEBUG]         [clients__3]: Connecting to SSH
May01 17:17:17 [DEBUG]         [clients__3]: connected in 0 sec. Running SSH command
May01 17:17:21 [DEBUG]         [clients__3]: SSH command took 4 sec
May01 17:17:21 [DEBUG]         [clients__3]: command returned:

 	$:  CTOOL: Killing CassandraDaemon ()
	$:  


May01 17:18:07 [DEBUG]         [clients__3]: cluster = clients
May01 17:18:21 [DEBUG]         [clients__3]: cluster = clients
May01 17:20:17 [DEBUG]         [clients__3]: cluster = clients
May01 17:20:31 [DEBUG]         [clients__3]: cluster = clients
May01 17:21:06 [DEBUG]         [clients__3]: cluster = clients
May01 17:21:20 [DEBUG]         [clients__3]: cluster = clients
May01 17:21:20 [DEBUG]         [clients__3]: running SSH command:

     echo '10.0.0.35
     10.0.0.35
     10.0.0.31
     10.0.0.11
     10.0.0.38
     10.0.0.16
     10.0.0.45
     10.0.0.37
     10.0.0.44
     ' > /opt/hosts;#!/bin/sh
     #########  YCSB WORKLOAD PARAMS  ########
     target=3333
     offset=2666
     period=7200
     threads=200
     
     echo "
     period=$period
     target=$target
     offset=$offset
     recordcount=1000
     workload=com.yahoo.ycsb.workloads.CoreWorkload
     sinusoidal=true
     readallfields=true
     
     readproportion=1
     updateproportion=0
     scanproportion=0
     insertproportion=0
     
     requestdistribution=uniform
     hostsFile=/opt/hosts
     maxexecutiontime=1000000000
     " > my_workload
     
     /etc/YCSB/bin/ycsb run cassandra-cql -P my_workload -threads $threads  -s &> /root/ycsb_run.log &
     
     
     


May01 17:21:20 [DEBUG]         [clients__3]: Connecting to SSH
May01 17:21:20 [DEBUG]         [clients__3]: connected in 0 sec. Running SSH command
May01 17:21:20 [DEBUG]         [clients__3]: SSH command took 0 sec
May01 17:21:20 [DEBUG]         [clients__3]: command returned:

 	$:  


May01 21:01:44 [DEBUG]         [clients__3]: cluster = clients
May01 21:01:49 [ INFO]         [clients__3]: running kill script
May01 21:01:49 [DEBUG]         [clients__3]: running SSH command:

     #!/bin/sh
     CAS_PID=$(jps | grep CassandraDaemon | awk  '{print $1}')
     echo "CTOOL: Killing CassandraDaemon ($CAS_PID)"
     kill -9 $CAS_PID &>/dev/null
     ## maybe problematic
     killall java
     
     
     
     ################ debug #################3
     echo "Removing cassandra files and logs" &>>ctool.log
     #cleaning cassandra files
     rm -rf /var/lib/cassandra/* &>>ctool.log
     rm /var/log/cassandra/system.log &>>ctool.log
     #cleaning ctool rrds
     echo "Removing ganglia rrds" &>>ctool.log
     rm -rf /var/lib/ganglia/rrds/* &>>ctool.log
     
     
     
     
     
     echo '
     
     ############  KILLED  ##############' >> ycsb_run.log
     
     #report not alive
     gmetric -n alive -v 0 -t int32 -u nodes -d 10000
     


May01 21:01:49 [DEBUG]         [clients__3]: Connecting to SSH
May01 21:01:49 [DEBUG]         [clients__3]: connected in 0 sec. Running SSH command
May01 21:01:53 [DEBUG]         [clients__3]: SSH command took 3 sec
May01 21:01:53 [DEBUG]         [clients__3]: command returned:

 	$:  CTOOL: Killing CassandraDaemon ()
	$:  


May01 21:02:24 [DEBUG]         [clients__3]: cluster = clients
May01 21:02:37 [DEBUG]         [clients__3]: cluster = clients
May01 21:02:38 [DEBUG]         [clients__3]: running SSH command:

     echo '10.0.0.35
     10.0.0.35
     10.0.0.31
     10.0.0.11
     10.0.0.38
     10.0.0.16
     10.0.0.45
     10.0.0.37
     10.0.0.44
     ' > /opt/hosts;#!/bin/sh
     #########  YCSB WORKLOAD PARAMS  ########
     target=3333
     offset=2666
     period=7200
     threads=200
     
     echo "
     period=$period
     target=$target
     offset=$offset
     recordcount=1000
     workload=com.yahoo.ycsb.workloads.CoreWorkload
     sinusoidal=true
     readallfields=true
     
     readproportion=1
     updateproportion=0
     scanproportion=0
     insertproportion=0
     
     requestdistribution=uniform
     hostsFile=/opt/hosts
     maxexecutiontime=1000000000
     " > my_workload
     
     /etc/YCSB/bin/ycsb run cassandra-cql -P my_workload -threads $threads  -s &> /root/ycsb_run.log &
     
     
     


May01 21:02:38 [DEBUG]         [clients__3]: Connecting to SSH
May01 21:02:39 [DEBUG]         [clients__3]: connected in 0 sec. Running SSH command
May01 21:02:39 [DEBUG]         [clients__3]: SSH command took 0 sec
May01 21:02:39 [DEBUG]         [clients__3]: command returned:

 	$:  


May02 12:03:26 [DEBUG]         [clients__3]: cluster = clients
May02 12:03:39 [DEBUG]         [clients__3]: cluster = clients
May02 12:03:45 [DEBUG]         [clients__3]: running SSH command:

     echo '10.0.0.35
     10.0.0.35
     10.0.0.31
     10.0.0.11
     10.0.0.38
     10.0.0.16
     10.0.0.45
     10.0.0.37
     10.0.0.44
     ' > /opt/hosts;#!/bin/sh
     #########  YCSB WORKLOAD PARAMS  ########
     target=3333
     offset=2666
     period=7200
     threads=200
     
     echo "
     period=$period
     target=$target
     offset=$offset
     recordcount=1000
     workload=com.yahoo.ycsb.workloads.CoreWorkload
     sinusoidal=true
     readallfields=true
     
     readproportion=1
     updateproportion=0
     scanproportion=0
     insertproportion=0
     
     requestdistribution=uniform
     hostsFile=/opt/hosts
     maxexecutiontime=1000000000
     " > my_workload
     
     /etc/YCSB/bin/ycsb run cassandra-cql -P my_workload -threads $threads  -s &> /root/ycsb_run.log &
     
     
     


May02 12:03:45 [DEBUG]         [clients__3]: Connecting to SSH
May02 12:03:45 [DEBUG]         [clients__3]: connected in 0 sec. Running SSH command
May02 12:03:49 [DEBUG]         [clients__3]: SSH command took 4 sec
May02 12:03:49 [DEBUG]         [clients__3]: command returned:

 	$:  


May02 12:34:04 [DEBUG]         [clients__3]: cluster = clients
May02 12:34:18 [DEBUG]         [clients__3]: cluster = clients
May02 12:34:18 [DEBUG]         [clients__3]: cluster = clients
May02 12:34:24 [ INFO]         [clients__3]: running kill script
May02 12:34:24 [DEBUG]         [clients__3]: running SSH command:

     #!/bin/sh
     CAS_PID=$(jps | grep CassandraDaemon | awk  '{print $1}')
     echo "CTOOL: Killing CassandraDaemon ($CAS_PID)"
     kill -9 $CAS_PID &>/dev/null
     ## maybe problematic
     killall java
     
     
     
     ################ debug #################3
     echo "Removing cassandra files and logs" &>>ctool.log
     #cleaning cassandra files
     rm -rf /var/lib/cassandra/* &>>ctool.log
     rm /var/log/cassandra/system.log &>>ctool.log
     #cleaning ctool rrds
     echo "Removing ganglia rrds" &>>ctool.log
     rm -rf /var/lib/ganglia/rrds/* &>>ctool.log
     
     
     
     
     
     echo '
     
     ############  KILLED  ##############' >> ycsb_run.log
     
     #report not alive
     gmetric -n alive -v 0 -t int32 -u nodes -d 10000
     


May02 12:34:24 [DEBUG]         [clients__3]: Connecting to SSH
May02 12:34:24 [DEBUG]         [clients__3]: connected in 0 sec. Running SSH command
May02 12:34:30 [DEBUG]         [clients__3]: SSH command took 6 sec
May02 12:34:30 [DEBUG]         [clients__3]: command returned:

 	$:  CTOOL: Killing CassandraDaemon ()
	$:  


May02 12:36:07 [DEBUG]         [clients__3]: cluster = clients
May02 12:36:50 [DEBUG]         [clients__3]: cluster = clients
May02 12:37:05 [DEBUG]         [clients__3]: cluster = clients
May02 12:37:06 [DEBUG]         [clients__3]: cluster = clients
May02 12:37:07 [ INFO]         [clients__3]: running kill script
May02 12:37:07 [DEBUG]         [clients__3]: running SSH command:

     #!/bin/sh
     CAS_PID=$(jps | grep CassandraDaemon | awk  '{print $1}')
     echo "CTOOL: Killing CassandraDaemon ($CAS_PID)"
     kill -9 $CAS_PID &>/dev/null
     ## maybe problematic
     killall java
     
     
     
     ################ debug #################3
     echo "Removing cassandra files and logs" &>>ctool.log
     #cleaning cassandra files
     rm -rf /var/lib/cassandra/* &>>ctool.log
     rm /var/log/cassandra/system.log &>>ctool.log
     #cleaning ctool rrds
     echo "Removing ganglia rrds" &>>ctool.log
     rm -rf /var/lib/ganglia/rrds/* &>>ctool.log
     
     
     
     
     
     echo '
     
     ############  KILLED  ##############' >> ycsb_run.log
     
     #report not alive
     gmetric -n alive -v 0 -t int32 -u nodes -d 10000
     


May02 12:37:07 [DEBUG]         [clients__3]: Connecting to SSH
May02 12:37:07 [DEBUG]         [clients__3]: connected in 0 sec. Running SSH command
May02 12:37:07 [DEBUG]         [clients__3]: SSH command took 0 sec
May02 12:37:07 [DEBUG]         [clients__3]: command returned:

 	$:  CTOOL: Killing CassandraDaemon ()
	$:  java: no process found
	$:  


May02 12:44:31 [DEBUG]         [clients__3]: cluster = clients
May02 12:44:44 [DEBUG]         [clients__3]: cluster = clients
May02 12:44:44 [DEBUG]         [clients__3]: running SSH command:

     echo '10.0.0.35
     10.0.0.35
     10.0.0.31
     10.0.0.11
     10.0.0.38
     10.0.0.16
     10.0.0.45
     10.0.0.37
     10.0.0.44
     ' > /opt/hosts;#!/bin/sh
     ### RUN THIS FROM PYTHON ONLY, SPECIFYING THE FOLLOWING PARAMS
     count=10000000
     step=3333333
     start=6666666
     
     /etc/YCSB/bin/ycsb load cassandra-cql \
     -P /etc/YCSB/workloads/workloada -p port=9042 \
     -threads 20 -s \
     -p hostsFile=/opt/hosts \
     -p recordcount=$count -p insertcount=$step -p insertstart=$start \
     &> /root/ycsb_load.log
     
     
     


May02 12:44:44 [DEBUG]         [clients__3]: Connecting to SSH
May02 12:44:44 [DEBUG]         [clients__3]: connected in 0 sec. Running SSH command
May02 13:20:04 [DEBUG]         [clients__3]: SSH command took 2120 sec
May02 13:20:04 [DEBUG]         [clients__3]: command returned:

 	$:  


May02 13:32:17 [DEBUG]         [clients__3]: cluster = clients
May02 13:32:31 [DEBUG]         [clients__3]: cluster = clients
May02 13:32:31 [DEBUG]         [clients__3]: running SSH command:

     echo '10.0.0.35
     10.0.0.35
     10.0.0.31
     10.0.0.11
     10.0.0.38
     10.0.0.16
     10.0.0.45
     10.0.0.37
     10.0.0.44
     ' > /opt/hosts;#!/bin/sh
     #########  YCSB WORKLOAD PARAMS  ########
     target=3333
     offset=2666
     period=7200
     threads=200
     
     echo "
     period=$period
     target=$target
     offset=$offset
     recordcount=1000
     workload=com.yahoo.ycsb.workloads.CoreWorkload
     sinusoidal=true
     readallfields=true
     
     readproportion=1
     updateproportion=0
     scanproportion=0
     insertproportion=0
     
     requestdistribution=uniform
     hostsFile=/opt/hosts
     maxexecutiontime=1000000000
     " > my_workload
     
     /etc/YCSB/bin/ycsb run cassandra-cql -P my_workload -threads $threads  -s &> /root/ycsb_run.log &
     
     
     


May02 13:32:31 [DEBUG]         [clients__3]: Connecting to SSH
May02 13:32:31 [DEBUG]         [clients__3]: connected in 0 sec. Running SSH command
May02 13:32:32 [DEBUG]         [clients__3]: SSH command took 0 sec
May02 13:32:32 [DEBUG]         [clients__3]: command returned:

 	$:  


May02 15:16:37 [DEBUG]         [clients__3]: cluster = clients
May02 15:16:53 [DEBUG]         [clients__3]: cluster = clients
May02 15:16:57 [ INFO]         [clients__3]: running kill script
May02 15:16:57 [DEBUG]         [clients__3]: running SSH command:

     #!/bin/sh
     CAS_PID=$(jps | grep CassandraDaemon | awk  '{print $1}')
     echo "CTOOL: Killing CassandraDaemon ($CAS_PID)"
     kill -9 $CAS_PID &>/dev/null
     ## maybe problematic
     killall java
     
     
     
     ################ debug #################3
     echo "Removing cassandra files and logs" &>>ctool.log
     #cleaning cassandra files
     rm -rf /var/lib/cassandra/* &>>ctool.log
     rm /var/log/cassandra/system.log &>>ctool.log
     #cleaning ctool rrds
     echo "Removing ganglia rrds" &>>ctool.log
     rm -rf /var/lib/ganglia/rrds/* &>>ctool.log
     
     
     
     
     
     echo '
     
     ############  KILLED  ##############' >> ycsb_run.log
     
     #report not alive
     gmetric -n alive -v 0 -t int32 -u nodes -d 10000
     


May02 15:16:57 [DEBUG]         [clients__3]: Connecting to SSH
May02 15:16:57 [DEBUG]         [clients__3]: connected in 0 sec. Running SSH command
May02 15:16:59 [DEBUG]         [clients__3]: SSH command took 1 sec
May02 15:16:59 [DEBUG]         [clients__3]: command returned:

 	$:  CTOOL: Killing CassandraDaemon ()
	$:  


May02 15:17:14 [DEBUG]         [clients__3]: cluster = clients
May02 15:18:35 [DEBUG]         [clients__3]: cluster = clients
May02 15:18:50 [DEBUG]         [clients__3]: cluster = clients
May02 15:18:52 [ INFO]         [clients__3]: running kill script
May02 15:18:52 [DEBUG]         [clients__3]: running SSH command:

     #!/bin/sh
     CAS_PID=$(jps | grep CassandraDaemon | awk  '{print $1}')
     echo "CTOOL: Killing CassandraDaemon ($CAS_PID)"
     kill -9 $CAS_PID &>/dev/null
     ## maybe problematic
     killall java
     
     
     
     ################ debug #################3
     echo "Removing cassandra files and logs" &>>ctool.log
     #cleaning cassandra files
     rm -rf /var/lib/cassandra/* &>>ctool.log
     rm /var/log/cassandra/system.log &>>ctool.log
     #cleaning ctool rrds
     echo "Removing ganglia rrds" &>>ctool.log
     rm -rf /var/lib/ganglia/rrds/* &>>ctool.log
     
     
     
     
     
     echo '
     
     ############  KILLED  ##############' >> ycsb_run.log
     
     #report not alive
     gmetric -n alive -v 0 -t int32 -u nodes -d 10000
     


May02 15:18:52 [DEBUG]         [clients__3]: Connecting to SSH
May02 15:18:52 [DEBUG]         [clients__3]: connected in 0 sec. Running SSH command
May02 15:18:52 [DEBUG]         [clients__3]: SSH command took 0 sec
May02 15:18:52 [DEBUG]         [clients__3]: command returned:

 	$:  CTOOL: Killing CassandraDaemon ()
	$:  java: no process found
	$:  


May02 15:19:06 [DEBUG]         [clients__3]: cluster = clients
May02 15:26:26 [DEBUG]         [clients__3]: cluster = clients
May02 15:26:41 [DEBUG]         [clients__3]: cluster = clients
May02 15:26:41 [DEBUG]         [clients__3]: running SSH command:

     echo '10.0.0.35
     10.0.0.35
     10.0.0.31
     10.0.0.11
     10.0.0.38
     10.0.0.16
     10.0.0.45
     10.0.0.37
     10.0.0.44
     ' > /opt/hosts;#!/bin/sh
     ### RUN THIS FROM PYTHON ONLY, SPECIFYING THE FOLLOWING PARAMS
     count=10000
     step=3333
     start=6666
     
     /etc/YCSB/bin/ycsb load cassandra-cql \
     -P /etc/YCSB/workloads/workloada -p port=9042 \
     -threads 20 -s \
     -p hostsFile=/opt/hosts \
     -p recordcount=$count -p insertcount=$step -p insertstart=$start \
     &> /root/ycsb_load.log
     
     
     


May02 15:26:41 [DEBUG]         [clients__3]: Connecting to SSH
May02 15:26:41 [DEBUG]         [clients__3]: connected in 0 sec. Running SSH command
May02 15:26:52 [DEBUG]         [clients__3]: SSH command took 10 sec
May02 15:26:52 [DEBUG]         [clients__3]: command returned:

 	$:  


May02 15:27:07 [DEBUG]         [clients__3]: cluster = clients
May02 15:27:24 [DEBUG]         [clients__3]: cluster = clients
May02 15:27:25 [DEBUG]         [clients__3]: running SSH command:

     echo '10.0.0.35
     10.0.0.35
     10.0.0.31
     10.0.0.11
     10.0.0.38
     10.0.0.16
     10.0.0.45
     10.0.0.37
     10.0.0.44
     ' > /opt/hosts;#!/bin/sh
     #########  YCSB WORKLOAD PARAMS  ########
     target=3333
     offset=2666
     period=3600
     threads=200
     
     echo "
     period=$period
     target=$target
     offset=$offset
     recordcount=1000
     workload=com.yahoo.ycsb.workloads.CoreWorkload
     sinusoidal=true
     readallfields=true
     
     readproportion=1
     updateproportion=0
     scanproportion=0
     insertproportion=0
     
     requestdistribution=uniform
     hostsFile=/opt/hosts
     maxexecutiontime=1000000000
     " > my_workload
     
     /etc/YCSB/bin/ycsb run cassandra-cql -P my_workload -threads $threads  -s &> /root/ycsb_run.log &
     
     
     


May02 15:27:25 [DEBUG]         [clients__3]: Connecting to SSH
May02 15:27:25 [DEBUG]         [clients__3]: connected in 0 sec. Running SSH command
May02 15:27:25 [DEBUG]         [clients__3]: SSH command took 0 sec
May02 15:27:25 [DEBUG]         [clients__3]: command returned:

 	$:  


May02 16:20:19 [DEBUG]         [clients__3]: cluster = clients
May02 16:20:36 [DEBUG]         [clients__3]: cluster = clients
May02 16:20:41 [ INFO]         [clients__3]: running kill script
May02 16:20:41 [DEBUG]         [clients__3]: running SSH command:

     #!/bin/sh
     CAS_PID=$(jps | grep CassandraDaemon | awk  '{print $1}')
     echo "CTOOL: Killing CassandraDaemon ($CAS_PID)"
     kill -9 $CAS_PID &>/dev/null
     ## maybe problematic
     killall java
     
     
     
     ################ debug #################3
     echo "Removing cassandra files and logs" &>>ctool.log
     #cleaning cassandra files
     rm -rf /var/lib/cassandra/* &>>ctool.log
     rm /var/log/cassandra/system.log &>>ctool.log
     #cleaning ctool rrds
     echo "Removing ganglia rrds" &>>ctool.log
     rm -rf /var/lib/ganglia/rrds/* &>>ctool.log
     
     
     
     
     
     echo '
     
     ############  KILLED  ##############' >> ycsb_run.log
     
     #report not alive
     gmetric -n alive -v 0 -t int32 -u nodes -d 10000
     


May02 16:20:41 [DEBUG]         [clients__3]: Connecting to SSH
May02 16:20:41 [DEBUG]         [clients__3]: connected in 0 sec. Running SSH command
May02 16:20:44 [DEBUG]         [clients__3]: SSH command took 2 sec
May02 16:20:44 [DEBUG]         [clients__3]: command returned:

 	$:  CTOOL: Killing CassandraDaemon ()
	$:  


May02 16:21:00 [DEBUG]         [clients__3]: cluster = clients
May02 16:28:24 [DEBUG]         [clients__3]: cluster = clients
May02 16:28:39 [DEBUG]         [clients__3]: cluster = clients
May02 16:28:39 [DEBUG]         [clients__3]: running SSH command:

     echo '10.0.0.35
     10.0.0.35
     10.0.0.31
     10.0.0.11
     10.0.0.38
     10.0.0.16
     10.0.0.45
     10.0.0.37
     10.0.0.44
     ' > /opt/hosts;#!/bin/sh
     ### RUN THIS FROM PYTHON ONLY, SPECIFYING THE FOLLOWING PARAMS
     count=10000
     step=3333
     start=6666
     
     /etc/YCSB/bin/ycsb load cassandra-cql \
     -P /etc/YCSB/workloads/workloada -p port=9042 \
     -threads 20 -s \
     -p hostsFile=/opt/hosts \
     -p recordcount=$count -p insertcount=$step -p insertstart=$start \
     &> /root/ycsb_load.log
     
     
     


May02 16:28:39 [DEBUG]         [clients__3]: Connecting to SSH
May02 16:28:39 [DEBUG]         [clients__3]: connected in 0 sec. Running SSH command
May02 16:28:50 [DEBUG]         [clients__3]: SSH command took 11 sec
May02 16:28:50 [DEBUG]         [clients__3]: command returned:

 	$:  


May02 16:29:05 [DEBUG]         [clients__3]: cluster = clients
May02 16:29:19 [DEBUG]         [clients__3]: cluster = clients
May02 16:29:20 [DEBUG]         [clients__3]: running SSH command:

     echo '10.0.0.35
     10.0.0.35
     10.0.0.31
     10.0.0.11
     10.0.0.38
     10.0.0.16
     10.0.0.45
     10.0.0.37
     10.0.0.44
     ' > /opt/hosts;#!/bin/sh
     #########  YCSB WORKLOAD PARAMS  ########
     target=26666
     offset=2000
     period=3600
     threads=200
     
     echo "
     period=$period
     target=$target
     offset=$offset
     recordcount=1000
     workload=com.yahoo.ycsb.workloads.CoreWorkload
     sinusoidal=true
     readallfields=true
     
     readproportion=1
     updateproportion=0
     scanproportion=0
     insertproportion=0
     
     requestdistribution=uniform
     hostsFile=/opt/hosts
     maxexecutiontime=1000000000
     " > my_workload
     
     /etc/YCSB/bin/ycsb run cassandra-cql -P my_workload -threads $threads  -s &> /root/ycsb_run.log &
     
     
     


May02 16:29:20 [DEBUG]         [clients__3]: Connecting to SSH
May02 16:29:20 [DEBUG]         [clients__3]: connected in 0 sec. Running SSH command
May02 16:29:20 [DEBUG]         [clients__3]: SSH command took 0 sec
May02 16:29:20 [DEBUG]         [clients__3]: command returned:

 	$:  


May02 16:52:21 [DEBUG]         [clients__3]: cluster = clients
May02 16:52:24 [ INFO]         [clients__3]: running kill script
May02 16:52:24 [DEBUG]         [clients__3]: running SSH command:

     #!/bin/sh
     CAS_PID=$(jps | grep CassandraDaemon | awk  '{print $1}')
     echo "CTOOL: Killing CassandraDaemon ($CAS_PID)"
     kill -9 $CAS_PID &>/dev/null
     ## maybe problematic
     killall java
     
     
     
     ################ debug #################3
     echo "Removing cassandra files and logs" &>>ctool.log
     #cleaning cassandra files
     rm -rf /var/lib/cassandra/* &>>ctool.log
     rm /var/log/cassandra/system.log &>>ctool.log
     #cleaning ctool rrds
     echo "Removing ganglia rrds" &>>ctool.log
     rm -rf /var/lib/ganglia/rrds/* &>>ctool.log
     
     
     
     
     
     echo '
     
     ############  KILLED  ##############' >> ycsb_run.log
     
     #report not alive
     gmetric -n alive -v 0 -t int32 -u nodes -d 10000
     


May02 16:52:24 [DEBUG]         [clients__3]: Connecting to SSH
May02 16:52:24 [DEBUG]         [clients__3]: connected in 0 sec. Running SSH command
May02 16:52:25 [DEBUG]         [clients__3]: SSH command took 1 sec
May02 16:52:25 [DEBUG]         [clients__3]: command returned:

 	$:  CTOOL: Killing CassandraDaemon ()
	$:  


May02 16:52:40 [DEBUG]         [clients__3]: cluster = clients
May02 16:52:54 [DEBUG]         [clients__3]: cluster = clients
May02 16:52:54 [DEBUG]         [clients__3]: running SSH command:

     echo '10.0.0.35
     10.0.0.35
     10.0.0.31
     10.0.0.11
     10.0.0.38
     10.0.0.16
     10.0.0.45
     10.0.0.37
     10.0.0.44
     ' > /opt/hosts;#!/bin/sh
     #########  YCSB WORKLOAD PARAMS  ########
     target=26666
     offset=2000
     period=3600
     threads=200
     
     echo "
     period=$period
     target=$target
     offset=$offset
     recordcount=1000
     workload=com.yahoo.ycsb.workloads.CoreWorkload
     sinusoidal=true
     readallfields=true
     
     readproportion=1
     updateproportion=0
     scanproportion=0
     insertproportion=0
     
     requestdistribution=uniform
     hostsFile=/opt/hosts
     maxexecutiontime=1000000000
     " > my_workload
     
     /etc/YCSB/bin/ycsb run cassandra-cql -P my_workload -threads $threads  -s &> /root/ycsb_run.log &
     
     
     


May02 16:52:54 [DEBUG]         [clients__3]: Connecting to SSH
May02 16:52:54 [DEBUG]         [clients__3]: connected in 0 sec. Running SSH command
May02 16:52:54 [DEBUG]         [clients__3]: SSH command took 0 sec
May02 16:52:54 [DEBUG]         [clients__3]: command returned:

 	$:  


May02 17:14:26 [DEBUG]         [clients__3]: cluster = clients
May02 17:14:29 [ INFO]         [clients__3]: running kill script
May02 17:14:29 [DEBUG]         [clients__3]: running SSH command:

     #!/bin/sh
     CAS_PID=$(jps | grep CassandraDaemon | awk  '{print $1}')
     echo "CTOOL: Killing CassandraDaemon ($CAS_PID)"
     kill -9 $CAS_PID &>/dev/null
     ## maybe problematic
     killall java
     
     
     
     ################ debug #################3
     echo "Removing cassandra files and logs" &>>ctool.log
     #cleaning cassandra files
     rm -rf /var/lib/cassandra/* &>>ctool.log
     rm /var/log/cassandra/system.log &>>ctool.log
     #cleaning ctool rrds
     echo "Removing ganglia rrds" &>>ctool.log
     rm -rf /var/lib/ganglia/rrds/* &>>ctool.log
     
     
     
     
     
     echo '
     
     ############  KILLED  ##############' >> ycsb_run.log
     
     #report not alive
     gmetric -n alive -v 0 -t int32 -u nodes -d 10000
     


May02 17:14:29 [DEBUG]         [clients__3]: Connecting to SSH
May02 17:14:29 [DEBUG]         [clients__3]: connected in 0 sec. Running SSH command
May02 17:14:31 [DEBUG]         [clients__3]: SSH command took 1 sec
May02 17:14:31 [DEBUG]         [clients__3]: command returned:

 	$:  CTOOL: Killing CassandraDaemon ()
	$:  


May02 17:14:45 [DEBUG]         [clients__3]: cluster = clients
May02 17:14:59 [DEBUG]         [clients__3]: cluster = clients
May02 17:14:59 [DEBUG]         [clients__3]: running SSH command:

     echo '10.0.0.35
     10.0.0.35
     10.0.0.31
     10.0.0.11
     10.0.0.38
     10.0.0.16
     10.0.0.45
     10.0.0.37
     10.0.0.44
     ' > /opt/hosts;#!/bin/sh
     #########  YCSB WORKLOAD PARAMS  ########
     target=26666
     offset=2000
     period=3600
     threads=200
     
     echo "
     period=$period
     target=$target
     offset=$offset
     recordcount=1000
     workload=com.yahoo.ycsb.workloads.CoreWorkload
     sinusoidal=true
     readallfields=true
     
     readproportion=1
     updateproportion=0
     scanproportion=0
     insertproportion=0
     
     requestdistribution=uniform
     hostsFile=/opt/hosts
     maxexecutiontime=1000000000
     " > my_workload
     
     /etc/YCSB/bin/ycsb run cassandra-cql -P my_workload -threads $threads  -s &> /root/ycsb_run.log &
     
     
     


May02 17:14:59 [DEBUG]         [clients__3]: Connecting to SSH
May02 17:14:59 [DEBUG]         [clients__3]: connected in 0 sec. Running SSH command
May02 17:14:59 [DEBUG]         [clients__3]: SSH command took 0 sec
May02 17:14:59 [DEBUG]         [clients__3]: command returned:

 	$:  


May02 18:46:30 [DEBUG]         [clients__3]: cluster = clients
May02 18:46:44 [DEBUG]         [clients__3]: cluster = clients
May02 18:46:44 [DEBUG]         [clients__3]: running SSH command:

     echo '10.0.0.35
     10.0.0.35
     10.0.0.31
     10.0.0.11
     10.0.0.38
     10.0.0.16
     10.0.0.45
     10.0.0.37
     10.0.0.44
     ' > /opt/hosts;#!/bin/sh
     #########  YCSB WORKLOAD PARAMS  ########
     target=2666
     offset=2000
     period=3600
     threads=200
     
     echo "
     period=$period
     target=$target
     offset=$offset
     recordcount=1000
     workload=com.yahoo.ycsb.workloads.CoreWorkload
     sinusoidal=true
     readallfields=true
     
     readproportion=1
     updateproportion=0
     scanproportion=0
     insertproportion=0
     
     requestdistribution=uniform
     hostsFile=/opt/hosts
     maxexecutiontime=1000000000
     " > my_workload
     
     /etc/YCSB/bin/ycsb run cassandra-cql -P my_workload -threads $threads  -s &> /root/ycsb_run.log &
     
     
     


May02 18:46:44 [DEBUG]         [clients__3]: Connecting to SSH
May02 18:46:44 [DEBUG]         [clients__3]: connected in 0 sec. Running SSH command
May02 18:46:44 [DEBUG]         [clients__3]: SSH command took 0 sec
May02 18:46:44 [DEBUG]         [clients__3]: command returned:

 	$:  


May02 18:47:17 [DEBUG]         [clients__3]: cluster = clients
May02 18:47:21 [ INFO]         [clients__3]: running kill script
May02 18:47:21 [DEBUG]         [clients__3]: running SSH command:

     #!/bin/sh
     CAS_PID=$(jps | grep CassandraDaemon | awk  '{print $1}')
     echo "CTOOL: Killing CassandraDaemon ($CAS_PID)"
     kill -9 $CAS_PID &>/dev/null
     ## maybe problematic
     killall java
     
     
     
     ################ debug #################3
     echo "Removing cassandra files and logs" &>>ctool.log
     #cleaning cassandra files
     rm -rf /var/lib/cassandra/* &>>ctool.log
     rm /var/log/cassandra/system.log &>>ctool.log
     #cleaning ctool rrds
     echo "Removing ganglia rrds" &>>ctool.log
     rm -rf /var/lib/ganglia/rrds/* &>>ctool.log
     
     
     
     
     
     echo '
     
     ############  KILLED  ##############' >> ycsb_run.log
     
     #report not alive
     gmetric -n alive -v 0 -t int32 -u nodes -d 10000
     


May02 18:47:21 [DEBUG]         [clients__3]: Connecting to SSH
May02 18:47:22 [DEBUG]         [clients__3]: connected in 0 sec. Running SSH command
May02 18:47:24 [DEBUG]         [clients__3]: SSH command took 1 sec
May02 18:47:24 [DEBUG]         [clients__3]: command returned:

 	$:  CTOOL: Killing CassandraDaemon ()
	$:  


May02 18:47:39 [DEBUG]         [clients__3]: cluster = clients
May02 18:47:52 [DEBUG]         [clients__3]: cluster = clients
May02 18:47:53 [DEBUG]         [clients__3]: running SSH command:

     echo '10.0.0.35
     10.0.0.35
     10.0.0.31
     10.0.0.11
     10.0.0.38
     10.0.0.16
     10.0.0.45
     10.0.0.37
     10.0.0.44
     ' > /opt/hosts;#!/bin/sh
     #########  YCSB WORKLOAD PARAMS  ########
     target=2666
     offset=2000
     period=60
     threads=200
     
     echo "
     period=$period
     target=$target
     offset=$offset
     recordcount=1000
     workload=com.yahoo.ycsb.workloads.CoreWorkload
     sinusoidal=true
     readallfields=true
     
     readproportion=1
     updateproportion=0
     scanproportion=0
     insertproportion=0
     
     requestdistribution=uniform
     hostsFile=/opt/hosts
     maxexecutiontime=1000000000
     " > my_workload
     
     /etc/YCSB/bin/ycsb run cassandra-cql -P my_workload -threads $threads  -s &> /root/ycsb_run.log &
     
     
     


May02 18:47:53 [DEBUG]         [clients__3]: Connecting to SSH
May02 18:47:53 [DEBUG]         [clients__3]: connected in 0 sec. Running SSH command
May02 18:47:53 [DEBUG]         [clients__3]: SSH command took 0 sec
May02 18:47:53 [DEBUG]         [clients__3]: command returned:

 	$:  


May02 18:48:58 [ INFO]         [clients__3]: running kill script
May02 18:48:58 [DEBUG]         [clients__3]: running SSH command:

     #!/bin/sh
     CAS_PID=$(jps | grep CassandraDaemon | awk  '{print $1}')
     echo "CTOOL: Killing CassandraDaemon ($CAS_PID)"
     kill -9 $CAS_PID &>/dev/null
     ## maybe problematic
     killall java
     
     
     
     ################ debug #################3
     echo "Removing cassandra files and logs" &>>ctool.log
     #cleaning cassandra files
     rm -rf /var/lib/cassandra/* &>>ctool.log
     rm /var/log/cassandra/system.log &>>ctool.log
     #cleaning ctool rrds
     echo "Removing ganglia rrds" &>>ctool.log
     rm -rf /var/lib/ganglia/rrds/* &>>ctool.log
     
     
     
     
     
     echo '
     
     ############  KILLED  ##############' >> ycsb_run.log
     
     #report not alive
     gmetric -n alive -v 0 -t int32 -u nodes -d 10000
     


May02 18:48:58 [DEBUG]         [clients__3]: Connecting to SSH
May02 18:48:59 [DEBUG]         [clients__3]: connected in 0 sec. Running SSH command
May02 18:49:02 [DEBUG]         [clients__3]: SSH command took 2 sec
May02 18:49:02 [DEBUG]         [clients__3]: command returned:

 	$:  CTOOL: Killing CassandraDaemon ()
	$:  


May02 18:49:02 [DEBUG]         [clients__3]: running SSH command:

     echo '10.0.0.35
     10.0.0.35
     10.0.0.31
     10.0.0.11
     10.0.0.38
     10.0.0.16
     10.0.0.45
     10.0.0.37
     10.0.0.44
     ' > /opt/hosts;#!/bin/sh
     #########  YCSB WORKLOAD PARAMS  ########
     target=2666
     offset=2000
     period=60
     threads=200
     
     echo "
     period=$period
     target=$target
     offset=$offset
     recordcount=1000
     workload=com.yahoo.ycsb.workloads.CoreWorkload
     sinusoidal=true
     readallfields=true
     
     readproportion=1
     updateproportion=0
     scanproportion=0
     insertproportion=0
     
     requestdistribution=uniform
     hostsFile=/opt/hosts
     maxexecutiontime=1000000000
     " > my_workload
     
     /etc/YCSB/bin/ycsb run cassandra-cql -P my_workload -threads $threads  -s &> /root/ycsb_run.log &
     
     
     


May02 18:49:02 [DEBUG]         [clients__3]: Connecting to SSH
May02 18:49:02 [DEBUG]         [clients__3]: connected in 0 sec. Running SSH command
May02 18:49:02 [DEBUG]         [clients__3]: SSH command took 0 sec
May02 18:49:02 [DEBUG]         [clients__3]: command returned:

 	$:  


May02 18:50:07 [ INFO]         [clients__3]: running kill script
May02 18:50:07 [DEBUG]         [clients__3]: running SSH command:

     #!/bin/sh
     CAS_PID=$(jps | grep CassandraDaemon | awk  '{print $1}')
     echo "CTOOL: Killing CassandraDaemon ($CAS_PID)"
     kill -9 $CAS_PID &>/dev/null
     ## maybe problematic
     killall java
     
     
     
     ################ debug #################3
     echo "Removing cassandra files and logs" &>>ctool.log
     #cleaning cassandra files
     rm -rf /var/lib/cassandra/* &>>ctool.log
     rm /var/log/cassandra/system.log &>>ctool.log
     #cleaning ctool rrds
     echo "Removing ganglia rrds" &>>ctool.log
     rm -rf /var/lib/ganglia/rrds/* &>>ctool.log
     
     
     
     
     
     echo '
     
     ############  KILLED  ##############' >> ycsb_run.log
     
     #report not alive
     gmetric -n alive -v 0 -t int32 -u nodes -d 10000
     


May02 18:50:07 [DEBUG]         [clients__3]: Connecting to SSH
May02 18:50:07 [DEBUG]         [clients__3]: connected in 0 sec. Running SSH command
May02 18:50:10 [DEBUG]         [clients__3]: SSH command took 2 sec
May02 18:50:10 [DEBUG]         [clients__3]: command returned:

 	$:  CTOOL: Killing CassandraDaemon ()
	$:  


May02 18:54:15 [DEBUG]         [clients__3]: cluster = clients
May02 18:54:16 [ INFO]         [clients__3]: running kill script
May02 18:54:16 [DEBUG]         [clients__3]: running SSH command:

     #!/bin/sh
     CAS_PID=$(jps | grep CassandraDaemon | awk  '{print $1}')
     echo "CTOOL: Killing CassandraDaemon ($CAS_PID)"
     kill -9 $CAS_PID &>/dev/null
     ## maybe problematic
     killall java
     
     
     
     ################ debug #################3
     echo "Removing cassandra files and logs" &>>ctool.log
     #cleaning cassandra files
     rm -rf /var/lib/cassandra/* &>>ctool.log
     rm /var/log/cassandra/system.log &>>ctool.log
     #cleaning ctool rrds
     echo "Removing ganglia rrds" &>>ctool.log
     rm -rf /var/lib/ganglia/rrds/* &>>ctool.log
     
     
     
     
     
     echo '
     
     ############  KILLED  ##############' >> ycsb_run.log
     
     #report not alive
     gmetric -n alive -v 0 -t int32 -u nodes -d 10000
     


May02 18:54:16 [DEBUG]         [clients__3]: Connecting to SSH
May02 18:54:16 [DEBUG]         [clients__3]: connected in 0 sec. Running SSH command
May02 18:54:17 [DEBUG]         [clients__3]: SSH command took 0 sec
May02 18:54:17 [DEBUG]         [clients__3]: command returned:

 	$:  CTOOL: Killing CassandraDaemon ()
	$:  java: no process found
	$:  


May02 18:54:30 [DEBUG]         [clients__3]: cluster = clients
May02 18:54:43 [DEBUG]         [clients__3]: cluster = clients
May02 18:54:44 [DEBUG]         [clients__3]: running SSH command:

     echo '10.0.0.35
     10.0.0.35
     10.0.0.31
     10.0.0.11
     10.0.0.38
     10.0.0.16
     10.0.0.45
     10.0.0.37
     10.0.0.44
     ' > /opt/hosts;#!/bin/sh
     #########  YCSB WORKLOAD PARAMS  ########
     target=2666
     offset=2000
     period=60
     threads=200
     
     echo "
     period=$period
     target=$target
     offset=$offset
     recordcount=1000
     workload=com.yahoo.ycsb.workloads.CoreWorkload
     sinusoidal=true
     readallfields=true
     
     readproportion=1
     updateproportion=0
     scanproportion=0
     insertproportion=0
     
     requestdistribution=uniform
     hostsFile=/opt/hosts
     maxexecutiontime=1000000000
     " > my_workload
     
     /etc/YCSB/bin/ycsb run cassandra-cql -P my_workload -threads $threads  -s &> /root/ycsb_run.log &
     
     
     


May02 18:54:44 [DEBUG]         [clients__3]: Connecting to SSH
May02 18:54:44 [DEBUG]         [clients__3]: connected in 0 sec. Running SSH command
May02 18:54:44 [DEBUG]         [clients__3]: SSH command took 0 sec
May02 18:54:44 [DEBUG]         [clients__3]: command returned:

 	$:  


May02 18:55:50 [ INFO]         [clients__3]: running kill script
May02 18:55:50 [DEBUG]         [clients__3]: running SSH command:

     #!/bin/sh
     CAS_PID=$(jps | grep CassandraDaemon | awk  '{print $1}')
     echo "CTOOL: Killing CassandraDaemon ($CAS_PID)"
     kill -9 $CAS_PID &>/dev/null
     ## maybe problematic
     killall java
     
     
     
     ################ debug #################3
     echo "Removing cassandra files and logs" &>>ctool.log
     #cleaning cassandra files
     rm -rf /var/lib/cassandra/* &>>ctool.log
     rm /var/log/cassandra/system.log &>>ctool.log
     #cleaning ctool rrds
     echo "Removing ganglia rrds" &>>ctool.log
     rm -rf /var/lib/ganglia/rrds/* &>>ctool.log
     
     
     
     
     
     echo '
     
     ############  KILLED  ##############' >> ycsb_run.log
     
     #report not alive
     gmetric -n alive -v 0 -t int32 -u nodes -d 10000
     


May02 18:55:50 [DEBUG]         [clients__3]: Connecting to SSH
May02 18:55:50 [DEBUG]         [clients__3]: connected in 0 sec. Running SSH command
May02 18:55:53 [DEBUG]         [clients__3]: SSH command took 2 sec
May02 18:55:53 [DEBUG]         [clients__3]: command returned:

 	$:  CTOOL: Killing CassandraDaemon ()
	$:  


May02 18:55:53 [DEBUG]         [clients__3]: running SSH command:

     echo '10.0.0.35
     10.0.0.35
     10.0.0.31
     10.0.0.11
     10.0.0.38
     10.0.0.16
     10.0.0.45
     10.0.0.37
     10.0.0.44
     ' > /opt/hosts;#!/bin/sh
     #########  YCSB WORKLOAD PARAMS  ########
     target=2666
     offset=2000
     period=60
     threads=200
     
     echo "
     period=$period
     target=$target
     offset=$offset
     recordcount=1000
     workload=com.yahoo.ycsb.workloads.CoreWorkload
     sinusoidal=true
     readallfields=true
     
     readproportion=1
     updateproportion=0
     scanproportion=0
     insertproportion=0
     
     requestdistribution=uniform
     hostsFile=/opt/hosts
     maxexecutiontime=1000000000
     " > my_workload
     
     /etc/YCSB/bin/ycsb run cassandra-cql -P my_workload -threads $threads  -s &> /root/ycsb_run.log &
     
     
     


May02 18:55:53 [DEBUG]         [clients__3]: Connecting to SSH
May02 18:55:53 [DEBUG]         [clients__3]: connected in 0 sec. Running SSH command
May02 18:55:53 [DEBUG]         [clients__3]: SSH command took 0 sec
May02 18:55:53 [DEBUG]         [clients__3]: command returned:

 	$:  


May02 18:57:37 [ INFO]         [clients__3]: running kill script
May02 18:57:37 [DEBUG]         [clients__3]: running SSH command:

     #!/bin/sh
     CAS_PID=$(jps | grep CassandraDaemon | awk  '{print $1}')
     echo "CTOOL: Killing CassandraDaemon ($CAS_PID)"
     kill -9 $CAS_PID &>/dev/null
     ## maybe problematic
     killall java
     
     
     
     ################ debug #################3
     echo "Removing cassandra files and logs" &>>ctool.log
     #cleaning cassandra files
     rm -rf /var/lib/cassandra/* &>>ctool.log
     rm /var/log/cassandra/system.log &>>ctool.log
     #cleaning ctool rrds
     echo "Removing ganglia rrds" &>>ctool.log
     rm -rf /var/lib/ganglia/rrds/* &>>ctool.log
     
     
     
     
     
     echo '
     
     ############  KILLED  ##############' >> ycsb_run.log
     
     #report not alive
     gmetric -n alive -v 0 -t int32 -u nodes -d 10000
     


May02 18:57:37 [DEBUG]         [clients__3]: Connecting to SSH
May02 18:57:37 [DEBUG]         [clients__3]: connected in 0 sec. Running SSH command
May02 18:57:39 [DEBUG]         [clients__3]: SSH command took 1 sec
May02 18:57:39 [DEBUG]         [clients__3]: command returned:

 	$:  CTOOL: Killing CassandraDaemon ()
	$:  


May02 19:00:09 [DEBUG]         [clients__3]: cluster = clients
May02 19:00:10 [ INFO]         [clients__3]: running kill script
May02 19:00:10 [DEBUG]         [clients__3]: running SSH command:

     #!/bin/sh
     CAS_PID=$(jps | grep CassandraDaemon | awk  '{print $1}')
     echo "CTOOL: Killing CassandraDaemon ($CAS_PID)"
     kill -9 $CAS_PID &>/dev/null
     ## maybe problematic
     killall java
     
     
     
     ################ debug #################3
     echo "Removing cassandra files and logs" &>>ctool.log
     #cleaning cassandra files
     rm -rf /var/lib/cassandra/* &>>ctool.log
     rm /var/log/cassandra/system.log &>>ctool.log
     #cleaning ctool rrds
     echo "Removing ganglia rrds" &>>ctool.log
     rm -rf /var/lib/ganglia/rrds/* &>>ctool.log
     
     
     
     
     
     echo '
     
     ############  KILLED  ##############' >> ycsb_run.log
     
     #report not alive
     gmetric -n alive -v 0 -t int32 -u nodes -d 10000
     


May02 19:00:10 [DEBUG]         [clients__3]: Connecting to SSH
May02 19:00:11 [DEBUG]         [clients__3]: connected in 0 sec. Running SSH command
May02 19:00:11 [DEBUG]         [clients__3]: SSH command took 0 sec
May02 19:00:11 [DEBUG]         [clients__3]: command returned:

 	$:  CTOOL: Killing CassandraDaemon ()
	$:  java: no process found
	$:  


May02 19:00:25 [DEBUG]         [clients__3]: cluster = clients
May02 19:00:38 [DEBUG]         [clients__3]: cluster = clients
May02 19:00:39 [DEBUG]         [clients__3]: running SSH command:

     echo '10.0.0.35
     10.0.0.35
     10.0.0.13
     10.0.0.31
     10.0.0.11
     10.0.0.38
     10.0.0.16
     10.0.0.45
     10.0.0.37
     10.0.0.44
     ' > /opt/hosts;#!/bin/sh
     #########  YCSB WORKLOAD PARAMS  ########
     target=2666
     offset=2000
     period=60
     threads=200
     
     echo "
     period=$period
     target=$target
     offset=$offset
     recordcount=1000
     workload=com.yahoo.ycsb.workloads.CoreWorkload
     sinusoidal=true
     readallfields=true
     
     readproportion=1
     updateproportion=0
     scanproportion=0
     insertproportion=0
     
     requestdistribution=uniform
     hostsFile=/opt/hosts
     maxexecutiontime=1000000000
     " > my_workload
     
     /etc/YCSB/bin/ycsb run cassandra-cql -P my_workload -threads $threads  -s &> /root/ycsb_run.log &
     
     
     


May02 19:00:39 [DEBUG]         [clients__3]: Connecting to SSH
May02 19:00:39 [DEBUG]         [clients__3]: connected in 0 sec. Running SSH command
May02 19:00:39 [DEBUG]         [clients__3]: SSH command took 0 sec
May02 19:00:39 [DEBUG]         [clients__3]: command returned:

 	$:  


May02 19:01:44 [ INFO]         [clients__3]: running kill script
May02 19:01:44 [DEBUG]         [clients__3]: running SSH command:

     #!/bin/sh
     CAS_PID=$(jps | grep CassandraDaemon | awk  '{print $1}')
     echo "CTOOL: Killing CassandraDaemon ($CAS_PID)"
     kill -9 $CAS_PID &>/dev/null
     ## maybe problematic
     killall java
     
     
     
     ################ debug #################3
     echo "Removing cassandra files and logs" &>>ctool.log
     #cleaning cassandra files
     rm -rf /var/lib/cassandra/* &>>ctool.log
     rm /var/log/cassandra/system.log &>>ctool.log
     #cleaning ctool rrds
     echo "Removing ganglia rrds" &>>ctool.log
     rm -rf /var/lib/ganglia/rrds/* &>>ctool.log
     
     
     
     
     
     echo '
     
     ############  KILLED  ##############' >> ycsb_run.log
     
     #report not alive
     gmetric -n alive -v 0 -t int32 -u nodes -d 10000
     


May02 19:01:44 [DEBUG]         [clients__3]: Connecting to SSH
May02 19:01:45 [DEBUG]         [clients__3]: connected in 0 sec. Running SSH command
May02 19:01:48 [DEBUG]         [clients__3]: SSH command took 2 sec
May02 19:01:48 [DEBUG]         [clients__3]: command returned:

 	$:  CTOOL: Killing CassandraDaemon ()
	$:  


May02 19:01:48 [DEBUG]         [clients__3]: running SSH command:

     echo '10.0.0.35
     10.0.0.35
     10.0.0.13
     10.0.0.31
     10.0.0.11
     10.0.0.38
     10.0.0.16
     10.0.0.45
     10.0.0.37
     10.0.0.44
     ' > /opt/hosts;#!/bin/sh
     #########  YCSB WORKLOAD PARAMS  ########
     target=2666
     offset=2000
     period=60
     threads=200
     
     echo "
     period=$period
     target=$target
     offset=$offset
     recordcount=1000
     workload=com.yahoo.ycsb.workloads.CoreWorkload
     sinusoidal=true
     readallfields=true
     
     readproportion=1
     updateproportion=0
     scanproportion=0
     insertproportion=0
     
     requestdistribution=uniform
     hostsFile=/opt/hosts
     maxexecutiontime=1000000000
     " > my_workload
     
     /etc/YCSB/bin/ycsb run cassandra-cql -P my_workload -threads $threads  -s &> /root/ycsb_run.log &
     
     
     


May02 19:01:48 [DEBUG]         [clients__3]: Connecting to SSH
May02 19:01:48 [DEBUG]         [clients__3]: connected in 0 sec. Running SSH command
May02 19:01:48 [DEBUG]         [clients__3]: SSH command took 0 sec
May02 19:01:48 [DEBUG]         [clients__3]: command returned:

 	$:  


May02 19:03:26 [ INFO]         [clients__3]: running kill script
May02 19:03:26 [DEBUG]         [clients__3]: running SSH command:

     #!/bin/sh
     CAS_PID=$(jps | grep CassandraDaemon | awk  '{print $1}')
     echo "CTOOL: Killing CassandraDaemon ($CAS_PID)"
     kill -9 $CAS_PID &>/dev/null
     ## maybe problematic
     killall java
     
     
     
     ################ debug #################3
     echo "Removing cassandra files and logs" &>>ctool.log
     #cleaning cassandra files
     rm -rf /var/lib/cassandra/* &>>ctool.log
     rm /var/log/cassandra/system.log &>>ctool.log
     #cleaning ctool rrds
     echo "Removing ganglia rrds" &>>ctool.log
     rm -rf /var/lib/ganglia/rrds/* &>>ctool.log
     
     
     
     
     
     echo '
     
     ############  KILLED  ##############' >> ycsb_run.log
     
     #report not alive
     gmetric -n alive -v 0 -t int32 -u nodes -d 10000
     


May02 19:03:26 [DEBUG]         [clients__3]: Connecting to SSH
May02 19:03:27 [DEBUG]         [clients__3]: connected in 0 sec. Running SSH command
May02 19:03:28 [DEBUG]         [clients__3]: SSH command took 1 sec
May02 19:03:28 [DEBUG]         [clients__3]: command returned:

 	$:  CTOOL: Killing CassandraDaemon ()
	$:  


May02 19:06:54 [DEBUG]         [clients__3]: cluster = clients
May02 19:06:55 [ INFO]         [clients__3]: running kill script
May02 19:06:55 [DEBUG]         [clients__3]: running SSH command:

     #!/bin/sh
     CAS_PID=$(jps | grep CassandraDaemon | awk  '{print $1}')
     echo "CTOOL: Killing CassandraDaemon ($CAS_PID)"
     kill -9 $CAS_PID &>/dev/null
     ## maybe problematic
     killall java
     
     
     
     ################ debug #################3
     echo "Removing cassandra files and logs" &>>ctool.log
     #cleaning cassandra files
     rm -rf /var/lib/cassandra/* &>>ctool.log
     rm /var/log/cassandra/system.log &>>ctool.log
     #cleaning ctool rrds
     echo "Removing ganglia rrds" &>>ctool.log
     rm -rf /var/lib/ganglia/rrds/* &>>ctool.log
     
     
     
     
     
     echo '
     
     ############  KILLED  ##############' >> ycsb_run.log
     
     #report not alive
     gmetric -n alive -v 0 -t int32 -u nodes -d 10000
     


May02 19:06:55 [DEBUG]         [clients__3]: Connecting to SSH
May02 19:07:01 [DEBUG]         [clients__3]: connected in 5 sec. Running SSH command
May02 19:07:01 [DEBUG]         [clients__3]: SSH command took 0 sec
May02 19:07:01 [DEBUG]         [clients__3]: command returned:

 	$:  CTOOL: Killing CassandraDaemon ()
	$:  java: no process found
	$:  


May02 19:07:14 [DEBUG]         [clients__3]: cluster = clients
May02 19:07:28 [DEBUG]         [clients__3]: cluster = clients
May02 19:07:28 [DEBUG]         [clients__3]: running SSH command:

     echo '10.0.0.35
     10.0.0.35
     10.0.0.17
     10.0.0.13
     10.0.0.31
     10.0.0.11
     10.0.0.38
     10.0.0.16
     10.0.0.45
     10.0.0.37
     10.0.0.44
     ' > /opt/hosts;#!/bin/sh
     #########  YCSB WORKLOAD PARAMS  ########
     target=2666
     offset=2000
     period=60
     threads=200
     
     echo "
     period=$period
     target=$target
     offset=$offset
     recordcount=1000
     workload=com.yahoo.ycsb.workloads.CoreWorkload
     sinusoidal=true
     readallfields=true
     
     readproportion=1
     updateproportion=0
     scanproportion=0
     insertproportion=0
     
     requestdistribution=uniform
     hostsFile=/opt/hosts
     maxexecutiontime=1000000000
     " > my_workload
     
     /etc/YCSB/bin/ycsb run cassandra-cql -P my_workload -threads $threads  -s &> /root/ycsb_run.log &
     
     
     


May02 19:07:28 [DEBUG]         [clients__3]: Connecting to SSH
May02 19:07:28 [DEBUG]         [clients__3]: connected in 0 sec. Running SSH command
May02 19:07:28 [DEBUG]         [clients__3]: SSH command took 0 sec
May02 19:07:28 [DEBUG]         [clients__3]: command returned:

 	$:  


May02 19:08:33 [ INFO]         [clients__3]: running kill script
May02 19:08:33 [DEBUG]         [clients__3]: running SSH command:

     #!/bin/sh
     CAS_PID=$(jps | grep CassandraDaemon | awk  '{print $1}')
     echo "CTOOL: Killing CassandraDaemon ($CAS_PID)"
     kill -9 $CAS_PID &>/dev/null
     ## maybe problematic
     killall java
     
     
     
     ################ debug #################3
     echo "Removing cassandra files and logs" &>>ctool.log
     #cleaning cassandra files
     rm -rf /var/lib/cassandra/* &>>ctool.log
     rm /var/log/cassandra/system.log &>>ctool.log
     #cleaning ctool rrds
     echo "Removing ganglia rrds" &>>ctool.log
     rm -rf /var/lib/ganglia/rrds/* &>>ctool.log
     
     
     
     
     
     echo '
     
     ############  KILLED  ##############' >> ycsb_run.log
     
     #report not alive
     gmetric -n alive -v 0 -t int32 -u nodes -d 10000
     


May02 19:08:33 [DEBUG]         [clients__3]: Connecting to SSH
May02 19:08:33 [DEBUG]         [clients__3]: connected in 0 sec. Running SSH command
May02 19:08:35 [DEBUG]         [clients__3]: SSH command took 1 sec
May02 19:08:35 [DEBUG]         [clients__3]: command returned:

 	$:  CTOOL: Killing CassandraDaemon ()
	$:  


May02 19:08:35 [DEBUG]         [clients__3]: running SSH command:

     echo '10.0.0.35
     10.0.0.35
     10.0.0.17
     10.0.0.13
     10.0.0.31
     10.0.0.11
     10.0.0.38
     10.0.0.16
     10.0.0.45
     10.0.0.37
     10.0.0.44
     ' > /opt/hosts;#!/bin/sh
     #########  YCSB WORKLOAD PARAMS  ########
     target=2666
     offset=2000
     period=60
     threads=200
     
     echo "
     period=$period
     target=$target
     offset=$offset
     recordcount=1000
     workload=com.yahoo.ycsb.workloads.CoreWorkload
     sinusoidal=true
     readallfields=true
     
     readproportion=1
     updateproportion=0
     scanproportion=0
     insertproportion=0
     
     requestdistribution=uniform
     hostsFile=/opt/hosts
     maxexecutiontime=1000000000
     " > my_workload
     
     /etc/YCSB/bin/ycsb run cassandra-cql -P my_workload -threads $threads  -s &> /root/ycsb_run.log &
     
     
     


May02 19:08:35 [DEBUG]         [clients__3]: Connecting to SSH
May02 19:08:36 [DEBUG]         [clients__3]: connected in 0 sec. Running SSH command
May02 19:08:36 [DEBUG]         [clients__3]: SSH command took 0 sec
May02 19:08:36 [DEBUG]         [clients__3]: command returned:

 	$:  


May02 19:09:40 [ INFO]         [clients__3]: running kill script
May02 19:09:40 [DEBUG]         [clients__3]: running SSH command:

     #!/bin/sh
     CAS_PID=$(jps | grep CassandraDaemon | awk  '{print $1}')
     echo "CTOOL: Killing CassandraDaemon ($CAS_PID)"
     kill -9 $CAS_PID &>/dev/null
     ## maybe problematic
     killall java
     
     
     
     ################ debug #################3
     echo "Removing cassandra files and logs" &>>ctool.log
     #cleaning cassandra files
     rm -rf /var/lib/cassandra/* &>>ctool.log
     rm /var/log/cassandra/system.log &>>ctool.log
     #cleaning ctool rrds
     echo "Removing ganglia rrds" &>>ctool.log
     rm -rf /var/lib/ganglia/rrds/* &>>ctool.log
     
     
     
     
     
     echo '
     
     ############  KILLED  ##############' >> ycsb_run.log
     
     #report not alive
     gmetric -n alive -v 0 -t int32 -u nodes -d 10000
     


May02 19:09:40 [DEBUG]         [clients__3]: Connecting to SSH
May02 19:09:40 [DEBUG]         [clients__3]: connected in 0 sec. Running SSH command
May02 19:09:42 [DEBUG]         [clients__3]: SSH command took 2 sec
May02 19:09:42 [DEBUG]         [clients__3]: command returned:

 	$:  CTOOL: Killing CassandraDaemon ()
	$:  


May02 19:12:31 [DEBUG]         [clients__3]: cluster = clients
May02 19:12:32 [ INFO]         [clients__3]: running kill script
May02 19:12:32 [DEBUG]         [clients__3]: running SSH command:

     #!/bin/sh
     CAS_PID=$(jps | grep CassandraDaemon | awk  '{print $1}')
     echo "CTOOL: Killing CassandraDaemon ($CAS_PID)"
     kill -9 $CAS_PID &>/dev/null
     ## maybe problematic
     killall java
     
     
     
     ################ debug #################3
     echo "Removing cassandra files and logs" &>>ctool.log
     #cleaning cassandra files
     rm -rf /var/lib/cassandra/* &>>ctool.log
     rm /var/log/cassandra/system.log &>>ctool.log
     #cleaning ctool rrds
     echo "Removing ganglia rrds" &>>ctool.log
     rm -rf /var/lib/ganglia/rrds/* &>>ctool.log
     
     
     
     
     
     echo '
     
     ############  KILLED  ##############' >> ycsb_run.log
     
     #report not alive
     gmetric -n alive -v 0 -t int32 -u nodes -d 10000
     


May02 19:12:32 [DEBUG]         [clients__3]: Connecting to SSH
May02 19:12:32 [DEBUG]         [clients__3]: connected in 0 sec. Running SSH command
May02 19:12:33 [DEBUG]         [clients__3]: SSH command took 0 sec
May02 19:12:33 [DEBUG]         [clients__3]: command returned:

 	$:  CTOOL: Killing CassandraDaemon ()
	$:  java: no process found
	$:  


May02 19:12:47 [DEBUG]         [clients__3]: cluster = clients
May02 19:13:00 [DEBUG]         [clients__3]: cluster = clients
May02 19:13:33 [DEBUG]         [clients__3]: cluster = clients
May02 19:13:34 [ INFO]         [clients__3]: running kill script
May02 19:13:34 [DEBUG]         [clients__3]: running SSH command:

     #!/bin/sh
     CAS_PID=$(jps | grep CassandraDaemon | awk  '{print $1}')
     echo "CTOOL: Killing CassandraDaemon ($CAS_PID)"
     kill -9 $CAS_PID &>/dev/null
     ## maybe problematic
     killall java
     
     
     
     ################ debug #################3
     echo "Removing cassandra files and logs" &>>ctool.log
     #cleaning cassandra files
     rm -rf /var/lib/cassandra/* &>>ctool.log
     rm /var/log/cassandra/system.log &>>ctool.log
     #cleaning ctool rrds
     echo "Removing ganglia rrds" &>>ctool.log
     rm -rf /var/lib/ganglia/rrds/* &>>ctool.log
     
     
     
     
     
     echo '
     
     ############  KILLED  ##############' >> ycsb_run.log
     
     #report not alive
     gmetric -n alive -v 0 -t int32 -u nodes -d 10000
     


May02 19:13:34 [DEBUG]         [clients__3]: Connecting to SSH
May02 19:13:34 [DEBUG]         [clients__3]: connected in 0 sec. Running SSH command
May02 19:13:35 [DEBUG]         [clients__3]: SSH command took 0 sec
May02 19:13:35 [DEBUG]         [clients__3]: command returned:

 	$:  CTOOL: Killing CassandraDaemon ()
	$:  java: no process found
	$:  


May02 19:13:49 [DEBUG]         [clients__3]: cluster = clients
May02 19:14:02 [DEBUG]         [clients__3]: cluster = clients
May02 19:14:03 [DEBUG]         [clients__3]: running SSH command:

     echo '10.0.0.35
     10.0.0.35
     10.0.0.17
     10.0.0.13
     10.0.0.31
     10.0.0.11
     10.0.0.38
     10.0.0.16
     10.0.0.45
     10.0.0.37
     10.0.0.44
     ' > /opt/hosts;#!/bin/sh
     #########  YCSB WORKLOAD PARAMS  ########
     target=2666
     offset=2000
     period=60
     threads=200
     
     echo "
     period=$period
     target=$target
     offset=$offset
     recordcount=1000
     workload=com.yahoo.ycsb.workloads.CoreWorkload
     sinusoidal=true
     readallfields=true
     
     readproportion=1
     updateproportion=0
     scanproportion=0
     insertproportion=0
     
     requestdistribution=uniform
     hostsFile=/opt/hosts
     maxexecutiontime=1000000000
     " > my_workload
     
     /etc/YCSB/bin/ycsb run cassandra-cql -P my_workload -threads $threads  -s &> /root/ycsb_run.log &
     
     
     


May02 19:14:03 [DEBUG]         [clients__3]: Connecting to SSH
May02 19:14:03 [DEBUG]         [clients__3]: connected in 0 sec. Running SSH command
May02 19:14:03 [DEBUG]         [clients__3]: SSH command took 0 sec
May02 19:14:03 [DEBUG]         [clients__3]: command returned:

 	$:  


May02 19:15:07 [ INFO]         [clients__3]: running kill script
May02 19:15:07 [DEBUG]         [clients__3]: running SSH command:

     #!/bin/sh
     CAS_PID=$(jps | grep CassandraDaemon | awk  '{print $1}')
     echo "CTOOL: Killing CassandraDaemon ($CAS_PID)"
     kill -9 $CAS_PID &>/dev/null
     ## maybe problematic
     killall java
     
     
     
     ################ debug #################3
     echo "Removing cassandra files and logs" &>>ctool.log
     #cleaning cassandra files
     rm -rf /var/lib/cassandra/* &>>ctool.log
     rm /var/log/cassandra/system.log &>>ctool.log
     #cleaning ctool rrds
     echo "Removing ganglia rrds" &>>ctool.log
     rm -rf /var/lib/ganglia/rrds/* &>>ctool.log
     
     
     
     
     
     echo '
     
     ############  KILLED  ##############' >> ycsb_run.log
     
     #report not alive
     gmetric -n alive -v 0 -t int32 -u nodes -d 10000
     


May02 19:15:07 [DEBUG]         [clients__3]: Connecting to SSH
May02 19:15:07 [DEBUG]         [clients__3]: connected in 0 sec. Running SSH command
May02 19:15:09 [DEBUG]         [clients__3]: SSH command took 2 sec
May02 19:15:09 [DEBUG]         [clients__3]: command returned:

 	$:  CTOOL: Killing CassandraDaemon ()
	$:  


May02 19:15:10 [DEBUG]         [clients__3]: running SSH command:

     echo '10.0.0.35
     10.0.0.35
     10.0.0.17
     10.0.0.13
     10.0.0.31
     10.0.0.11
     10.0.0.38
     10.0.0.16
     10.0.0.45
     10.0.0.37
     10.0.0.44
     ' > /opt/hosts;#!/bin/sh
     #########  YCSB WORKLOAD PARAMS  ########
     target=2666
     offset=2000
     period=60
     threads=200
     
     echo "
     period=$period
     target=$target
     offset=$offset
     recordcount=1000
     workload=com.yahoo.ycsb.workloads.CoreWorkload
     sinusoidal=true
     readallfields=true
     
     readproportion=1
     updateproportion=0
     scanproportion=0
     insertproportion=0
     
     requestdistribution=uniform
     hostsFile=/opt/hosts
     maxexecutiontime=1000000000
     " > my_workload
     
     /etc/YCSB/bin/ycsb run cassandra-cql -P my_workload -threads $threads  -s &> /root/ycsb_run.log &
     
     
     


May02 19:15:10 [DEBUG]         [clients__3]: Connecting to SSH
May02 19:15:10 [DEBUG]         [clients__3]: connected in 0 sec. Running SSH command
May02 19:15:10 [DEBUG]         [clients__3]: SSH command took 0 sec
May02 19:15:10 [DEBUG]         [clients__3]: command returned:

 	$:  


May02 19:15:51 [DEBUG]         [clients__3]: cluster = clients
May02 19:15:53 [ INFO]         [clients__3]: running kill script
May02 19:15:53 [DEBUG]         [clients__3]: running SSH command:

     #!/bin/sh
     CAS_PID=$(jps | grep CassandraDaemon | awk  '{print $1}')
     echo "CTOOL: Killing CassandraDaemon ($CAS_PID)"
     kill -9 $CAS_PID &>/dev/null
     ## maybe problematic
     killall java
     
     
     
     ################ debug #################3
     echo "Removing cassandra files and logs" &>>ctool.log
     #cleaning cassandra files
     rm -rf /var/lib/cassandra/* &>>ctool.log
     rm /var/log/cassandra/system.log &>>ctool.log
     #cleaning ctool rrds
     echo "Removing ganglia rrds" &>>ctool.log
     rm -rf /var/lib/ganglia/rrds/* &>>ctool.log
     
     
     
     
     
     echo '
     
     ############  KILLED  ##############' >> ycsb_run.log
     
     #report not alive
     gmetric -n alive -v 0 -t int32 -u nodes -d 10000
     


May02 19:15:53 [DEBUG]         [clients__3]: Connecting to SSH
May02 19:15:54 [DEBUG]         [clients__3]: connected in 0 sec. Running SSH command
May02 19:15:55 [DEBUG]         [clients__3]: SSH command took 1 sec
May02 19:15:55 [DEBUG]         [clients__3]: command returned:

 	$:  CTOOL: Killing CassandraDaemon ()
	$:  


May02 19:16:09 [DEBUG]         [clients__3]: cluster = clients
May02 19:16:23 [DEBUG]         [clients__3]: cluster = clients
May02 19:16:24 [DEBUG]         [clients__3]: running SSH command:

     echo '10.0.0.35
     10.0.0.35
     10.0.0.17
     10.0.0.13
     10.0.0.31
     10.0.0.11
     10.0.0.38
     10.0.0.16
     10.0.0.45
     10.0.0.37
     10.0.0.44
     ' > /opt/hosts;#!/bin/sh
     #########  YCSB WORKLOAD PARAMS  ########
     target=2666
     offset=2000
     period=60
     threads=200
     
     echo "
     period=$period
     target=$target
     offset=$offset
     recordcount=1000
     workload=com.yahoo.ycsb.workloads.CoreWorkload
     sinusoidal=true
     readallfields=true
     
     readproportion=1
     updateproportion=0
     scanproportion=0
     insertproportion=0
     
     requestdistribution=uniform
     hostsFile=/opt/hosts
     maxexecutiontime=1000000000
     " > my_workload
     
     /etc/YCSB/bin/ycsb run cassandra-cql -P my_workload -threads $threads  -s &> /root/ycsb_run.log &
     
     
     


May02 19:16:24 [DEBUG]         [clients__3]: Connecting to SSH
May02 19:16:24 [DEBUG]         [clients__3]: connected in 0 sec. Running SSH command
May02 19:16:24 [DEBUG]         [clients__3]: SSH command took 0 sec
May02 19:16:24 [DEBUG]         [clients__3]: command returned:

 	$:  


May02 19:18:39 [ INFO]         [clients__3]: running kill script
May02 19:18:39 [DEBUG]         [clients__3]: running SSH command:

     #!/bin/sh
     CAS_PID=$(jps | grep CassandraDaemon | awk  '{print $1}')
     echo "CTOOL: Killing CassandraDaemon ($CAS_PID)"
     kill -9 $CAS_PID &>/dev/null
     ## maybe problematic
     killall java
     
     
     
     ################ debug #################3
     echo "Removing cassandra files and logs" &>>ctool.log
     #cleaning cassandra files
     rm -rf /var/lib/cassandra/* &>>ctool.log
     rm /var/log/cassandra/system.log &>>ctool.log
     #cleaning ctool rrds
     echo "Removing ganglia rrds" &>>ctool.log
     rm -rf /var/lib/ganglia/rrds/* &>>ctool.log
     
     
     
     
     
     echo '
     
     ############  KILLED  ##############' >> ycsb_run.log
     
     #report not alive
     gmetric -n alive -v 0 -t int32 -u nodes -d 10000
     


May02 19:18:39 [DEBUG]         [clients__3]: Connecting to SSH
May02 19:18:40 [DEBUG]         [clients__3]: connected in 0 sec. Running SSH command
May02 19:18:42 [DEBUG]         [clients__3]: SSH command took 2 sec
May02 19:18:42 [DEBUG]         [clients__3]: command returned:

 	$:  CTOOL: Killing CassandraDaemon ()
	$:  


May02 19:18:43 [DEBUG]         [clients__3]: running SSH command:

     echo '10.0.0.35
     10.0.0.35
     10.0.0.17
     10.0.0.13
     10.0.0.31
     10.0.0.11
     10.0.0.38
     10.0.0.16
     10.0.0.45
     10.0.0.37
     10.0.0.44
     ' > /opt/hosts;#!/bin/sh
     #########  YCSB WORKLOAD PARAMS  ########
     target=2666
     offset=2000
     period=60
     threads=200
     
     echo "
     period=$period
     target=$target
     offset=$offset
     recordcount=1000
     workload=com.yahoo.ycsb.workloads.CoreWorkload
     sinusoidal=true
     readallfields=true
     
     readproportion=1
     updateproportion=0
     scanproportion=0
     insertproportion=0
     
     requestdistribution=uniform
     hostsFile=/opt/hosts
     maxexecutiontime=1000000000
     " > my_workload
     
     /etc/YCSB/bin/ycsb run cassandra-cql -P my_workload -threads $threads  -s &> /root/ycsb_run.log &
     
     
     


May02 19:18:43 [DEBUG]         [clients__3]: Connecting to SSH
May02 19:18:43 [DEBUG]         [clients__3]: connected in 0 sec. Running SSH command
May02 19:18:43 [DEBUG]         [clients__3]: SSH command took 0 sec
May02 19:18:43 [DEBUG]         [clients__3]: command returned:

 	$:  


May02 19:19:48 [ INFO]         [clients__3]: running kill script
May02 19:19:48 [DEBUG]         [clients__3]: running SSH command:

     #!/bin/sh
     CAS_PID=$(jps | grep CassandraDaemon | awk  '{print $1}')
     echo "CTOOL: Killing CassandraDaemon ($CAS_PID)"
     kill -9 $CAS_PID &>/dev/null
     ## maybe problematic
     killall java
     
     
     
     ################ debug #################3
     echo "Removing cassandra files and logs" &>>ctool.log
     #cleaning cassandra files
     rm -rf /var/lib/cassandra/* &>>ctool.log
     rm /var/log/cassandra/system.log &>>ctool.log
     #cleaning ctool rrds
     echo "Removing ganglia rrds" &>>ctool.log
     rm -rf /var/lib/ganglia/rrds/* &>>ctool.log
     
     
     
     
     
     echo '
     
     ############  KILLED  ##############' >> ycsb_run.log
     
     #report not alive
     gmetric -n alive -v 0 -t int32 -u nodes -d 10000
     


May02 19:19:48 [DEBUG]         [clients__3]: Connecting to SSH
May02 19:19:48 [DEBUG]         [clients__3]: connected in 0 sec. Running SSH command
May02 19:19:50 [DEBUG]         [clients__3]: SSH command took 1 sec
May02 19:19:50 [DEBUG]         [clients__3]: command returned:

 	$:  CTOOL: Killing CassandraDaemon ()
	$:  


