Apr07 19:25:49 [DEBUG]- NODE [orchestrator]	: running SSH command:

"   echo '## AUTO GENERATED #### 
   
   10.0.0.2 cassandra_seednode
   ff02::1 ip6-allnodes
   ff00::0 ip6-mcastprefix
   ::1 ip6-localhost ip6-loopback
   10.0.0.2 cassandra_seed_0
   ff02::2 ip6-allrouters
   127.0.0.1 localhost
   fe00::0 ip6-localnet' > /etc/hosts; echo orchestrator >/etc/hostname"
Apr07 19:25:51 [DEBUG]- NODE [orchestrator]	: running SSH command:

"   service ganglia-monitor restart; service gmetad restart"
Apr07 19:30:00 [DEBUG]- NODE [orchestrator]	: running SSH command:

"     echo '## AUTO GENERATED #### 
     
     10.0.0.4 cassandra_seednode
     ff02::1 ip6-allnodes
     ff00::0 ip6-mcastprefix
     ::1 ip6-localhost ip6-loopback
     10.0.0.4 cassandra_seed_0
     ff02::2 ip6-allrouters
     127.0.0.1 localhost
     fe00::0 ip6-localnet' > /etc/hosts; echo orchestrator >/etc/hostname"


Apr07 19:30:00 [DEBUG]- NODE [orchestrator]	: command returned:

 	$:  


Apr07 19:30:00 [DEBUG]- NODE [orchestrator]	: running SSH command:

"     service ganglia-monitor restart; service gmetad restart"


Apr07 19:30:05 [DEBUG]- NODE [orchestrator]	: command returned:

 	$:  Stopping Ganglia Monitor Daemon: gmond.
	$:  Starting Ganglia Monitor Daemon: gmond.
	$:  Stopping Ganglia Monitor Meta-Daemon: gmetad.
	$:  Starting Ganglia Monitor Meta-Daemon: gmetad.
	$:  Warning: we failed to resolve data source name cassandra_client_1
	$:  


Apr08 13:56:41 [DEBUG]- NODE [orchestrator]	: running SSH command:

     echo '## AUTO GENERATED #### 
     
     10.0.0.2 cassandra_seednode
     ff02::1 ip6-allnodes
     ff00::0 ip6-mcastprefix
     ::1 ip6-localhost ip6-loopback
     10.0.0.2 cassandra_seed_0
     ff02::2 ip6-allrouters
     127.0.0.1 localhost
     fe00::0 ip6-localnet' > /etc/hosts; echo orchestrator >/etc/hostname


Apr08 13:56:42 [DEBUG]- NODE [orchestrator]	: command returned:

 	$:  


Apr08 13:56:52 [DEBUG]- NODE [orchestrator]	: running SSH command:

     service ganglia-monitor restart; service gmetad restart


Apr08 13:56:52 [DEBUG]- NODE [orchestrator]	: command returned:

 	$:  Stopping Ganglia Monitor Daemon: gmond.
	$:  Starting Ganglia Monitor Daemon: gmond.
	$:  Stopping Ganglia Monitor Meta-Daemon: gmetad.
	$:  Starting Ganglia Monitor Meta-Daemon: gmetad.
	$:  Warning: we failed to resolve data source name cassandra_client_1
	$:  


Apr08 13:57:24 [DEBUG]- NODE [orchestrator]	: running SSH command:

     echo '## AUTO GENERATED #### 
     
     10.0.0.2 cassandra_seednode
     ff02::1 ip6-allnodes
     ff00::0 ip6-mcastprefix
     ::1 ip6-localhost ip6-loopback
     10.0.0.2 cassandra_seed_0
     ff02::2 ip6-allrouters
     127.0.0.1 localhost
     fe00::0 ip6-localnet' > /etc/hosts; echo orchestrator >/etc/hostname


Apr08 13:57:24 [DEBUG]- NODE [orchestrator]	: command returned:

 	$:  


Apr08 13:57:24 [DEBUG]- NODE [orchestrator]	: running SSH command:

     service ganglia-monitor restart; service gmetad restart


Apr08 13:57:24 [DEBUG]- NODE [orchestrator]	: command returned:

 	$:  Stopping Ganglia Monitor Daemon: gmond.
	$:  Starting Ganglia Monitor Daemon: gmond.
	$:  Stopping Ganglia Monitor Meta-Daemon: gmetad.
	$:  Starting Ganglia Monitor Meta-Daemon: gmetad.
	$:  Warning: we failed to resolve data source name cassandra_client_1
	$:  


Apr08 13:59:31 [DEBUG]- NODE [orchestrator]	: running SSH command:

     echo '## AUTO GENERATED #### 
     
     10.0.0.2 cassandra_seednode
     ff02::1 ip6-allnodes
     ff00::0 ip6-mcastprefix
     ::1 ip6-localhost ip6-loopback
     10.0.0.2 cassandra_seed_0
     ff02::2 ip6-allrouters
     127.0.0.1 localhost
     fe00::0 ip6-localnet' > /etc/hosts; echo orchestrator >/etc/hostname


Apr08 13:59:31 [DEBUG]- NODE [orchestrator]	: command returned:

 	$:  


Apr08 13:59:31 [DEBUG]- NODE [orchestrator]	: running SSH command:

     service ganglia-monitor restart; service gmetad restart


Apr08 13:59:32 [DEBUG]- NODE [orchestrator]	: command returned:

 	$:  Stopping Ganglia Monitor Daemon: gmond.
	$:  Starting Ganglia Monitor Daemon: gmond.
	$:  Stopping Ganglia Monitor Meta-Daemon: gmetad.
	$:  Starting Ganglia Monitor Meta-Daemon: gmetad.
	$:  Warning: we failed to resolve data source name cassandra_client_1
	$:  


Apr08 14:09:39 [DEBUG]- NODE [orchestrator]	: running SSH command:

     echo '## AUTO GENERATED #### 
     
     10.0.0.2 cassandra_seednode
     ff02::1 ip6-allnodes
     ff00::0 ip6-mcastprefix
     ::1 ip6-localhost ip6-loopback
     10.0.0.2 cassandra_seed_0
     ff02::2 ip6-allrouters
     127.0.0.1 localhost
     fe00::0 ip6-localnet' > /etc/hosts; echo orchestrator >/etc/hostname


Apr08 14:09:40 [DEBUG]- NODE [orchestrator]	: command returned:

 	$:  


Apr08 14:09:41 [DEBUG]- NODE [orchestrator]	: running SSH command:

     service ganglia-monitor restart; service gmetad restart


Apr08 14:09:41 [DEBUG]- NODE [orchestrator]	: command returned:

 	$:  Stopping Ganglia Monitor Daemon: gmond.
	$:  Starting Ganglia Monitor Daemon: gmond.
	$:  Stopping Ganglia Monitor Meta-Daemon: gmetad.
	$:  Starting Ganglia Monitor Meta-Daemon: gmetad.
	$:  Warning: we failed to resolve data source name cassandra_client_1
	$:  


Apr08 14:10:30 [DEBUG]- NODE [orchestrator]	: running SSH command:

     echo '## AUTO GENERATED #### 
     
     10.0.0.2 cassandra_seednode
     ff02::1 ip6-allnodes
     ff00::0 ip6-mcastprefix
     ::1 ip6-localhost ip6-loopback
     10.0.0.2 cassandra_seed_0
     ff02::2 ip6-allrouters
     127.0.0.1 localhost
     fe00::0 ip6-localnet' > /etc/hosts; echo orchestrator >/etc/hostname


Apr08 14:10:30 [DEBUG]- NODE [orchestrator]	: command returned:

 	$:  


Apr08 14:10:31 [DEBUG]- NODE [orchestrator]	: running SSH command:

     service ganglia-monitor restart; service gmetad restart


Apr08 14:10:31 [DEBUG]- NODE [orchestrator]	: command returned:

 	$:  Stopping Ganglia Monitor Daemon: gmond.
	$:  Starting Ganglia Monitor Daemon: gmond.
	$:  Stopping Ganglia Monitor Meta-Daemon: gmetad.
	$:  Starting Ganglia Monitor Meta-Daemon: gmetad.
	$:  Warning: we failed to resolve data source name cassandra_client_1
	$:  


Apr08 15:09:16 [DEBUG]- NODE [orchestrator]	: running SSH command:

     echo '## AUTO GENERATED #### 
     
     10.0.0.5 cassandra_seednode
     ff02::1 ip6-allnodes
     10.0.0.13 cassandra_client_4
     10.0.0.12 cassandra_client_3
     10.0.0.9 cassandra_client_2
     10.0.0.8 cassandra_client_1
     fe00::0 ip6-localnet
     ff00::0 ip6-mcastprefix
     ::1 ip6-localhost ip6-loopback
     10.0.0.5 cassandra_seed_0
     ff02::2 ip6-allrouters
     127.0.0.1 localhost
     10.0.0.11 cassandra_node_1
     10.0.0.14 cassandra_node_2
     10.0.0.4 cassandra_node_3
     10.0.0.6 cassandra_node_4
     10.0.0.10 cassandra_node_5
     10.0.0.7 cassandra_node_6
     10.0.0.15 cassandra_node_7' > /etc/hosts; echo orchestrator >/etc/hostname


Apr08 15:09:18 [DEBUG]- NODE [orchestrator]	: command returned:

 	$:  


Apr08 15:09:30 [DEBUG]- NODE [orchestrator]	: running SSH command:

     service ganglia-monitor restart; service gmetad restart


Apr08 15:09:30 [DEBUG]- NODE [orchestrator]	: command returned:

 	$:  Stopping Ganglia Monitor Daemon: gmond.
	$:  Starting Ganglia Monitor Daemon: gmond.
	$:  Stopping Ganglia Monitor Meta-Daemon: gmetad.
	$:  Starting Ganglia Monitor Meta-Daemon: gmetad.
	$:  


Apr08 17:58:11 [DEBUG]- NODE [orchestrator]	: running SSH command:

     echo '## AUTO GENERATED #### 
     
     ::1 ip6-localhost ip6-loopback
     ff02::1 ip6-allnodes
     ff00::0 ip6-mcastprefix
     fe00::0 ip6-localnet
     10.0.0.19 cassandra_seednode
     10.0.0.17 cassandra_node_12
     10.0.0.12 cassandra_node_13
     10.0.0.7 cassandra_node_10
     10.0.0.20 cassandra_node_11
     10.0.0.2 cassandra_node_14
     10.0.0.22 cassandra_node_15
     10.0.0.19 cassandra_seed_0
     10.0.0.10 cassandra_node_8
     10.0.0.6 cassandra_node_9
     ff02::2 ip6-allrouters
     127.0.0.1 localhost
     10.0.0.21 cassandra_node_1
     10.0.0.5 cassandra_node_2
     10.0.0.9 cassandra_node_3
     10.0.0.13 cassandra_node_4
     10.0.0.14 cassandra_node_5
     10.0.0.16 cassandra_node_6
     10.0.0.18 cassandra_node_7' > /etc/hosts; echo orchestrator >/etc/hostname


Apr08 17:58:11 [DEBUG]- NODE [orchestrator]	: command returned:

 	$:  


Apr08 17:58:24 [DEBUG]- NODE [orchestrator]	: running SSH command:

     service ganglia-monitor restart; service gmetad restart


Apr08 17:58:24 [DEBUG]- NODE [orchestrator]	: command returned:

 	$:  Stopping Ganglia Monitor Daemon: gmond.
	$:  Starting Ganglia Monitor Daemon: gmond.
	$:  Stopping Ganglia Monitor Meta-Daemon: gmetad.
	$:  Starting Ganglia Monitor Meta-Daemon: gmetad.
	$:  Warning: we failed to resolve data source name cassandra_client_1
	$:  


Apr08 17:58:34 [DEBUG]- NODE [orchestrator]	: running SSH command:

     echo '## AUTO GENERATED #### 
     
     ::1 ip6-localhost ip6-loopback
     ff02::1 ip6-allnodes
     ff00::0 ip6-mcastprefix
     127.0.0.1 localhost
     10.0.0.19 cassandra_seednode
     10.0.0.17 cassandra_node_12
     10.0.0.12 cassandra_node_13
     10.0.0.7 cassandra_node_10
     10.0.0.20 cassandra_node_11
     10.0.0.2 cassandra_node_14
     10.0.0.22 cassandra_node_15
     10.0.0.19 cassandra_seed_0
     10.0.0.10 cassandra_node_8
     10.0.0.6 cassandra_node_9
     ff02::2 ip6-allrouters
     fe00::0 ip6-localnet
     10.0.0.21 cassandra_node_1
     10.0.0.5 cassandra_node_2
     10.0.0.9 cassandra_node_3
     10.0.0.13 cassandra_node_4
     10.0.0.14 cassandra_node_5
     10.0.0.16 cassandra_node_6
     10.0.0.18 cassandra_node_7' > /etc/hosts; echo orchestrator >/etc/hostname


Apr08 17:58:34 [DEBUG]- NODE [orchestrator]	: command returned:

 	$:  


Apr08 17:58:37 [DEBUG]- NODE [orchestrator]	: running SSH command:

     service ganglia-monitor restart; service gmetad restart


Apr08 17:58:37 [DEBUG]- NODE [orchestrator]	: command returned:

 	$:  Stopping Ganglia Monitor Daemon: gmond.
	$:  Starting Ganglia Monitor Daemon: gmond.
	$:  Stopping Ganglia Monitor Meta-Daemon: gmetad.
	$:  Starting Ganglia Monitor Meta-Daemon: gmetad.
	$:  Warning: we failed to resolve data source name cassandra_client_1
	$:  


Apr08 18:25:12 [DEBUG]- NODE [orchestrator]	: running SSH command:

     echo '## AUTO GENERATED #### 
     
     ::1 ip6-localhost ip6-loopback
     10.0.0.19 cassandra_node_09
     10.0.0.23 cassandra_node_08
     10.0.0.17 cassandra_node_01
     10.0.0.16 cassandra_node_03
     10.0.0.7 cassandra_node_02
     10.0.0.26 cassandra_node_05
     10.0.0.20 cassandra_node_04
     10.0.0.25 cassandra_node_07
     10.0.0.10 cassandra_node_06
     ff02::1 ip6-allnodes
     ff00::0 ip6-mcastprefix
     127.0.0.1 localhost
     10.0.0.21 cassandra_seednode
     10.0.0.6 cassandra_client_4
     10.0.0.4 cassandra_client_3
     10.0.0.2 cassandra_client_2
     10.0.0.8 cassandra_client_1
     10.0.0.24 cassandra_node_12
     10.0.0.5 cassandra_node_13
     10.0.0.22 cassandra_node_10
     10.0.0.18 cassandra_node_11
     10.0.0.12 cassandra_node_14
     10.0.0.27 cassandra_node_15
     10.0.0.21 cassandra_seed_0
     ff02::2 ip6-allrouters
     fe00::0 ip6-localnet' > /etc/hosts; echo orchestrator >/etc/hostname


Apr08 18:25:20 [DEBUG]- NODE [orchestrator]	: command returned:

 	$:  


Apr08 18:25:36 [DEBUG]- NODE [orchestrator]	: running SSH command:

     service ganglia-monitor restart; service gmetad restart


Apr08 18:25:36 [DEBUG]- NODE [orchestrator]	: command returned:

 	$:  Stopping Ganglia Monitor Daemon: gmond.
	$:  Starting Ganglia Monitor Daemon: gmond.
	$:  Stopping Ganglia Monitor Meta-Daemon: gmetad.
	$:  Starting Ganglia Monitor Meta-Daemon: gmetad.
	$:  


Apr08 18:27:14 [DEBUG]- NODE [orchestrator]	: running SSH command:

     echo '## AUTO GENERATED #### 
     
     ::1 ip6-localhost ip6-loopback
     10.0.0.19 cassandra_node_09
     10.0.0.23 cassandra_node_08
     10.0.0.17 cassandra_node_01
     10.0.0.16 cassandra_node_03
     10.0.0.7 cassandra_node_02
     10.0.0.26 cassandra_node_05
     10.0.0.20 cassandra_node_04
     10.0.0.25 cassandra_node_07
     10.0.0.10 cassandra_node_06
     ff02::1 ip6-allnodes
     ff00::0 ip6-mcastprefix
     127.0.0.1 localhost
     10.0.0.21 cassandra_seednode
     10.0.0.6 cassandra_client_4
     10.0.0.4 cassandra_client_3
     10.0.0.2 cassandra_client_2
     10.0.0.8 cassandra_client_1
     10.0.0.24 cassandra_node_12
     10.0.0.5 cassandra_node_13
     10.0.0.22 cassandra_node_10
     10.0.0.18 cassandra_node_11
     10.0.0.12 cassandra_node_14
     10.0.0.27 cassandra_node_15
     10.0.0.21 cassandra_seed_0
     ff02::2 ip6-allrouters
     fe00::0 ip6-localnet' > /etc/hosts; echo orchestrator >/etc/hostname


Apr08 18:27:14 [DEBUG]- NODE [orchestrator]	: command returned:

 	$:  


Apr08 18:27:21 [DEBUG]- NODE [orchestrator]	: running SSH command:

     service ganglia-monitor restart; service gmetad restart


Apr08 18:27:21 [DEBUG]- NODE [orchestrator]	: command returned:

 	$:  Stopping Ganglia Monitor Daemon: gmond.
	$:  Starting Ganglia Monitor Daemon: gmond.
	$:  Stopping Ganglia Monitor Meta-Daemon: gmetad.
	$:  Starting Ganglia Monitor Meta-Daemon: gmetad.
	$:  


Apr09 18:23:45 [DEBUG]- NODE [orchestrator]	: running SSH command:

     echo '## AUTO GENERATED #### 
     
     ff02::1 ip6-allnodes
     ff00::0 ip6-mcastprefix
     ::1 ip6-localhost ip6-loopback
     10.0.0.11 clients__1
     10.0.0.9 clients__2
     ff02::2 ip6-allrouters
     127.0.0.1 localhost
     fe00::0 ip6-localnet' > /etc/hosts; echo orchestrator >/etc/hostname


Apr09 18:23:47 [DEBUG]- NODE [orchestrator]	: command returned:

 	$:  


Apr09 18:23:57 [DEBUG]- NODE [orchestrator]	: running SSH command:

     service ganglia-monitor restart; service gmetad restart


Apr09 18:23:57 [DEBUG]- NODE [orchestrator]	: command returned:

 	$:  Stopping Ganglia Monitor Daemon: gmond.
	$:  Starting Ganglia Monitor Daemon: gmond.
	$:  Stopping Ganglia Monitor Meta-Daemon: gmetad.
	$:  Starting Ganglia Monitor Meta-Daemon: gmetad.
	$:  Warning: we failed to resolve data source name cassandra_seednode
	$:  Warning: we failed to resolve data source name cassandra_client_1
	$:  


Apr09 18:27:55 [DEBUG]- NODE [orchestrator]	: running SSH command:

     echo '## AUTO GENERATED #### 
     
     ff02::1 ip6-allnodes
     ff00::0 ip6-mcastprefix
     ::1 ip6-localhost ip6-loopback
     10.0.0.11 clients__1
     10.0.0.9 clients__2
     10.0.0.13 clients__3
     127.0.0.1 localhost
     ff02::2 ip6-allrouters
     fe00::0 ip6-localnet' > /etc/hosts; echo orchestrator >/etc/hostname


Apr09 18:27:55 [DEBUG]- NODE [orchestrator]	: command returned:

 	$:  


Apr09 18:27:55 [DEBUG]- NODE [orchestrator]	: running SSH command:

     service ganglia-monitor restart; service gmetad restart


Apr09 18:27:56 [DEBUG]- NODE [orchestrator]	: command returned:

 	$:  Stopping Ganglia Monitor Daemon: gmond.
	$:  Starting Ganglia Monitor Daemon: gmond.
	$:  Stopping Ganglia Monitor Meta-Daemon: gmetad.
	$:  Starting Ganglia Monitor Meta-Daemon: gmetad.
	$:  Warning: we failed to resolve data source name cassandra_seednode
	$:  Warning: we failed to resolve data source name cassandra_client_1
	$:  


Apr09 18:27:56 [DEBUG]- NODE [orchestrator]	: running SSH command:

     echo '## AUTO GENERATED #### 
     
     ff02::1 ip6-allnodes
     ff00::0 ip6-mcastprefix
     ::1 ip6-localhost ip6-loopback
     10.0.0.11 clients__1
     10.0.0.9 clients__2
     ff02::2 ip6-allrouters
     127.0.0.1 localhost
     fe00::0 ip6-localnet' > /etc/hosts; echo orchestrator >/etc/hostname


Apr09 18:27:56 [DEBUG]- NODE [orchestrator]	: command returned:

 	$:  


Apr09 18:27:56 [DEBUG]- NODE [orchestrator]	: running SSH command:

     service ganglia-monitor restart; service gmetad restart


Apr09 18:27:56 [DEBUG]- NODE [orchestrator]	: command returned:

 	$:  Stopping Ganglia Monitor Daemon: gmond.
	$:  Starting Ganglia Monitor Daemon: gmond.
	$:  Stopping Ganglia Monitor Meta-Daemon: gmetad.
	$:  Starting Ganglia Monitor Meta-Daemon: gmetad.
	$:  Warning: we failed to resolve data source name cassandra_seednode
	$:  Warning: we failed to resolve data source name cassandra_client_1
	$:  


Apr09 18:35:06 [DEBUG]- VM [orchestrator]	: cluster = orchestrat
Apr09 18:36:08 [DEBUG]- VM [orchestrator]	: cluster = orchestrato
Apr09 18:36:09 [DEBUG]- NODE [orchestrator]	: running SSH command:

     echo '## AUTO GENERATED #### 
     
     ff02::1 ip6-allnodes
     ff00::0 ip6-mcastprefix
     ::1 ip6-localhost ip6-loopback
     10.0.0.11 clients__1
     ff02::2 ip6-allrouters
     127.0.0.1 localhost
     fe00::0 ip6-localnet' > /etc/hosts; echo orchestrator >/etc/hostname


Apr09 18:36:09 [DEBUG]- NODE [orchestrator]	: command returned:

 	$:  


Apr09 18:36:09 [DEBUG]- NODE [orchestrator]	: running SSH command:

     service ganglia-monitor restart; service gmetad restart


Apr09 18:36:10 [DEBUG]- NODE [orchestrator]	: command returned:

 	$:  Stopping Ganglia Monitor Daemon: gmond.
	$:  Starting Ganglia Monitor Daemon: gmond.
	$:  Stopping Ganglia Monitor Meta-Daemon: gmetad.
	$:  Starting Ganglia Monitor Meta-Daemon: gmetad.
	$:  Warning: we failed to resolve data source name cassandra_seednode
	$:  Warning: we failed to resolve data source name cassandra_client_1
	$:  


Apr09 18:40:01 [DEBUG]- VM [orchestrator]	: cluster = orchestrato
Apr09 18:41:48 [DEBUG]- NODE [orchestrator]	: running SSH command:

     echo '## AUTO GENERATED #### 
     
     ff02::1 ip6-allnodes
     ff00::0 ip6-mcastprefix
     ::1 ip6-localhost ip6-loopback
     10.0.0.11 clients__1
     10.0.0.13 clients__2
     10.0.0.9 clients__3
     127.0.0.1 localhost
     ff02::2 ip6-allrouters
     fe00::0 ip6-localnet' > /etc/hosts; echo orchestrator >/etc/hostname


Apr09 18:41:48 [DEBUG]- NODE [orchestrator]	: command returned:

 	$:  


Apr09 18:41:50 [DEBUG]- NODE [orchestrator]	: running SSH command:

     service ganglia-monitor restart; service gmetad restart


Apr09 18:41:50 [DEBUG]- NODE [orchestrator]	: command returned:

 	$:  Stopping Ganglia Monitor Daemon: gmond.
	$:  Starting Ganglia Monitor Daemon: gmond.
	$:  Stopping Ganglia Monitor Meta-Daemon: gmetad.
	$:  Starting Ganglia Monitor Meta-Daemon: gmetad.
	$:  Warning: we failed to resolve data source name cassandra_seednode
	$:  Warning: we failed to resolve data source name cassandra_client_1
	$:  


Apr09 18:41:51 [DEBUG]- NODE [orchestrator]	: running SSH command:

     echo '## AUTO GENERATED #### 
     
     ff02::1 ip6-allnodes
     ff00::0 ip6-mcastprefix
     ::1 ip6-localhost ip6-loopback
     10.0.0.11 clients__1
     10.0.0.13 clients__2
     ff02::2 ip6-allrouters
     127.0.0.1 localhost
     fe00::0 ip6-localnet' > /etc/hosts; echo orchestrator >/etc/hostname


Apr09 18:41:51 [DEBUG]- NODE [orchestrator]	: command returned:

 	$:  


Apr09 18:41:51 [DEBUG]- NODE [orchestrator]	: running SSH command:

     service ganglia-monitor restart; service gmetad restart


Apr09 18:41:51 [DEBUG]- NODE [orchestrator]	: command returned:

 	$:  Stopping Ganglia Monitor Daemon: gmond.
	$:  Starting Ganglia Monitor Daemon: gmond.
	$:  Stopping Ganglia Monitor Meta-Daemon: gmetad.
	$:  Starting Ganglia Monitor Meta-Daemon: gmetad.
	$:  Warning: we failed to resolve data source name cassandra_seednode
	$:  Warning: we failed to resolve data source name cassandra_client_1
	$:  


Apr09 18:54:32 [DEBUG]- VM [orchestrator]	: cluster = orchestrato
Apr09 18:55:23 [DEBUG]- VM [orchestrator]	: cluster = orchestrato
Apr09 18:58:05 [DEBUG]- VM [orchestrator]	: cluster = orchestrato
Apr09 19:00:57 [DEBUG]- VM [orchestrator]	: cluster = orchestrato
Apr09 19:02:26 [DEBUG]- NODE [orchestrator]	: running SSH command:

     echo '## AUTO GENERATED #### 
     
     ff02::1 ip6-allnodes
     ff00::0 ip6-mcastprefix
     ::1 ip6-localhost ip6-loopback
     10.0.0.9 clients__1
     10.0.0.11 clients__2
     ff02::2 ip6-allrouters
     127.0.0.1 localhost
     fe00::0 ip6-localnet' > /etc/hosts; echo orchestrator >/etc/hostname


Apr09 19:02:26 [DEBUG]- NODE [orchestrator]	: command returned:

 	$:  


Apr09 19:02:31 [DEBUG]- NODE [orchestrator]	: running SSH command:

     service ganglia-monitor restart; service gmetad restart


Apr09 19:02:31 [DEBUG]- NODE [orchestrator]	: command returned:

 	$:  Stopping Ganglia Monitor Daemon: gmond.
	$:  Starting Ganglia Monitor Daemon: gmond.
	$:  Stopping Ganglia Monitor Meta-Daemon: gmetad.
	$:  Starting Ganglia Monitor Meta-Daemon: gmetad.
	$:  Warning: we failed to resolve data source name cassandra_seednode
	$:  Warning: we failed to resolve data source name cassandra_client_1
	$:  


Apr09 19:06:15 [DEBUG]- VM [orchestrator]	: cluster = orchestrato
Apr09 19:06:49 [DEBUG]- VM [orchestrator]	: cluster = orchestrato
Apr09 19:08:39 [DEBUG]- VM [orchestrator]	: cluster = orchestrato
Apr09 19:09:00 [DEBUG]- VM [orchestrator]	: cluster = orchestrato
Apr09 19:10:24 [DEBUG]- VM [orchestrator]: cluster = orchestrato
Apr09 19:12:35 [DEBUG]- NODE [orchestrator]: running SSH command:

     echo '## AUTO GENERATED #### 
     
     ff02::1 ip6-allnodes
     ff00::0 ip6-mcastprefix
     ::1 ip6-localhost ip6-loopback
     10.0.0.9 clients__1
     10.0.0.11 clients__2
     ff02::2 ip6-allrouters
     127.0.0.1 localhost
     fe00::0 ip6-localnet' > /etc/hosts; echo orchestrator >/etc/hostname


Apr09 19:12:37 [DEBUG]- NODE [orchestrator]: command returned:

 	$:  


Apr09 19:12:42 [DEBUG]- NODE [orchestrator]: running SSH command:

     service ganglia-monitor restart; service gmetad restart


Apr09 19:12:42 [DEBUG]- NODE [orchestrator]: command returned:

 	$:  Stopping Ganglia Monitor Daemon: gmond.
	$:  Starting Ganglia Monitor Daemon: gmond.
	$:  Stopping Ganglia Monitor Meta-Daemon: gmetad.
	$:  Starting Ganglia Monitor Meta-Daemon: gmetad.
	$:  Warning: we failed to resolve data source name cassandra_seednode
	$:  Warning: we failed to resolve data source name cassandra_client_1
	$:  


Apr09 19:13:19 [DEBUG]- |   VM [orchestrator]: cluster = orchestrato
Apr09 19:13:20 [DEBUG]- NODE [orchestrator]: running SSH command:

     echo '## AUTO GENERATED #### 
     
     ff02::1 ip6-allnodes
     ff00::0 ip6-mcastprefix
     ::1 ip6-localhost ip6-loopback
     10.0.0.9 clients__1
     ff02::2 ip6-allrouters
     127.0.0.1 localhost
     fe00::0 ip6-localnet' > /etc/hosts; echo orchestrator >/etc/hostname


Apr09 19:13:20 [DEBUG]- NODE [orchestrator]: command returned:

 	$:  


Apr09 19:13:25 [DEBUG]- NODE [orchestrator]: running SSH command:

     service ganglia-monitor restart; service gmetad restart


Apr09 19:13:26 [DEBUG]- NODE [orchestrator]: command returned:

 	$:  Stopping Ganglia Monitor Daemon: gmond.
	$:  Starting Ganglia Monitor Daemon: gmond.
	$:  Stopping Ganglia Monitor Meta-Daemon: gmetad.
	$:  Starting Ganglia Monitor Meta-Daemon: gmetad.
	$:  Warning: we failed to resolve data source name cassandra_seednode
	$:  Warning: we failed to resolve data source name cassandra_client_1
	$:  


Apr09 19:13:26 [DEBUG]- NODE [orchestrator]: running SSH command:

     echo '## AUTO GENERATED #### 
     
     ff02::1 ip6-allnodes
     ff00::0 ip6-mcastprefix
     ::1 ip6-localhost ip6-loopback
     10.0.0.9 clients__1
     ff02::2 ip6-allrouters
     127.0.0.1 localhost
     fe00::0 ip6-localnet' > /etc/hosts; echo orchestrator >/etc/hostname


Apr09 19:13:26 [DEBUG]- NODE [orchestrator]: command returned:

 	$:  


Apr09 19:13:26 [DEBUG]- NODE [orchestrator]: running SSH command:

     service ganglia-monitor restart; service gmetad restart


Apr09 19:13:26 [DEBUG]- NODE [orchestrator]: command returned:

 	$:  Stopping Ganglia Monitor Daemon: gmond.
	$:  Starting Ganglia Monitor Daemon: gmond.
	$:  Stopping Ganglia Monitor Meta-Daemon: gmetad.
	$:  Starting Ganglia Monitor Meta-Daemon: gmetad.
	$:  Warning: we failed to resolve data source name cassandra_seednode
	$:  Warning: we failed to resolve data source name cassandra_client_1
	$:  


Apr09 19:15:31 [DEBUG]- |   VM [orchestrator]: cluster = orchestrato
Apr09 19:20:15 [DEBUG]- |   VM [orchestrator]: cluster = orchestrato
Apr09 19:21:17 [DEBUG]- |   VM [orchestrator]: cluster = orchestrato
Apr09 19:22:13 [DEBUG]- | NODE [orchestrator]: running SSH command:

     echo '## AUTO GENERATED #### 
     
     ff02::1 ip6-allnodes
     ff00::0 ip6-mcastprefix
     ::1 ip6-localhost ip6-loopback
     10.0.0.9 clients__1
     10.0.0.11 clients__2
     ff02::2 ip6-allrouters
     127.0.0.1 localhost
     fe00::0 ip6-localnet' > /etc/hosts; echo orchestrator >/etc/hostname


Apr09 19:22:13 [DEBUG]- | NODE [orchestrator]: command returned:

 	$:  


Apr09 19:22:14 [DEBUG]- | NODE [orchestrator]: running SSH command:

     service ganglia-monitor restart; service gmetad restart


Apr09 19:22:14 [DEBUG]- | NODE [orchestrator]: command returned:

 	$:  Stopping Ganglia Monitor Daemon: gmond.
	$:  Starting Ganglia Monitor Daemon: gmond.
	$:  Stopping Ganglia Monitor Meta-Daemon: gmetad.
	$:  Starting Ganglia Monitor Meta-Daemon: gmetad.
	$:  Warning: we failed to resolve data source name cassandra_seednode
	$:  Warning: we failed to resolve data source name cassandra_client_1
	$:  


Apr09 19:22:14 [DEBUG]- | NODE [orchestrator]: running SSH command:

     echo '## AUTO GENERATED #### 
     
     ff02::1 ip6-allnodes
     ff00::0 ip6-mcastprefix
     ::1 ip6-localhost ip6-loopback
     10.0.0.9 clients__1
     10.0.0.11 clients__2
     ff02::2 ip6-allrouters
     127.0.0.1 localhost
     fe00::0 ip6-localnet' > /etc/hosts; echo orchestrator >/etc/hostname


Apr09 19:22:14 [DEBUG]- | NODE [orchestrator]: command returned:

 	$:  


Apr09 19:22:15 [DEBUG]- | NODE [orchestrator]: running SSH command:

     service ganglia-monitor restart; service gmetad restart


Apr09 19:22:15 [DEBUG]- | NODE [orchestrator]: command returned:

 	$:  Stopping Ganglia Monitor Daemon: gmond.
	$:  Starting Ganglia Monitor Daemon: gmond.
	$:  Stopping Ganglia Monitor Meta-Daemon: gmetad.
	$:  Starting Ganglia Monitor Meta-Daemon: gmetad.
	$:  Warning: we failed to resolve data source name cassandra_seednode
	$:  Warning: we failed to resolve data source name cassandra_client_1
	$:  


Apr09 19:22:22 [DEBUG]- |   VM [orchestrator]: cluster = orchestrato
Apr09 19:22:35 [DEBUG]- | NODE [orchestrator]: cluster = orchestrato
Apr09 19:24:44 [DEBUG]- |   VM [orchestrator]: cluster = orchestrato
Apr09 19:24:58 [DEBUG]- | NODE [orchestrator]: cluster = orchestrato
Apr09 19:29:02 [DEBUG]- |   VM [orchestrator]: cluster = orchestrato
Apr09 19:29:22 [DEBUG]- |   VM [orchestrator]: cluster = orchestrato
Apr09 19:29:35 [DEBUG]- | NODE [orchestrator]: cluster = orchestrato
Apr09 19:31:23 [DEBUG]- |   VM [orchestrator]: cluster = orchestrato
Apr10 12:32:15 [DEBUG]- |   VM [orchestrator]: cluster = orchestrato
Apr10 12:32:27 [DEBUG]- | NODE [orchestrator]: cluster = orchestrato
Apr10 12:45:50 [DEBUG]- |   VM [orchestrator]: cluster = orchestrato
Apr10 13:42:47 [DEBUG]- |   VM [orchestrator]: cluster = orchestrato
Apr10 13:42:59 [DEBUG]- | NODE [orchestrator]: cluster = orchestrato
Apr10 13:44:04 [DEBUG]- |   VM [orchestrator]: cluster = orchestrato
Apr10 13:44:16 [DEBUG]- | NODE [orchestrator]: cluster = orchestrato
Apr10 13:55:05 [DEBUG]- |   VM [orchestrator]: cluster = orchestrato
Apr10 13:55:09 [DEBUG]- | NODE [orchestrator]: running SSH command:

     echo '## AUTO GENERATED #### 
     
     ff02::1 ip6-allnodes
     ff00::0 ip6-mcastprefix
     ::1 ip6-localhost ip6-loopback
     ff02::2 ip6-allrouters
     127.0.0.1 localhost
     fe00::0 ip6-localnet' > /etc/hosts; echo orchestrator >/etc/hostname


Apr10 13:55:09 [DEBUG]- | NODE [orchestrator]: command returned:

 	$:  


Apr10 13:55:09 [DEBUG]- | NODE [orchestrator]: running SSH command:

     service ganglia-monitor restart; service gmetad restart


Apr10 13:55:09 [DEBUG]- | NODE [orchestrator]: command returned:

 	$:  Stopping Ganglia Monitor Daemon: gmond.
	$:  Starting Ganglia Monitor Daemon: gmond.
	$:  Stopping Ganglia Monitor Meta-Daemon: gmetad.
	$:  Starting Ganglia Monitor Meta-Daemon: gmetad.
	$:  Warning: we failed to resolve data source name cassandra_seednode
	$:  Warning: we failed to resolve data source name clients__1
	$:  


Apr10 13:55:52 [DEBUG]- |   VM [orchestrator]: cluster = orchestrato
Apr10 14:00:22 [DEBUG]- | NODE [orchestrator]: running SSH command:

     echo '## AUTO GENERATED #### 
     
     ff02::1 ip6-allnodes
     ff00::0 ip6-mcastprefix
     ::1 ip6-localhost ip6-loopback
     10.0.0.2 clients__1
     10.0.0.6 clients__2
     10.0.0.4 clients__3
     127.0.0.1 localhost
     ff02::2 ip6-allrouters
     fe00::0 ip6-localnet' > /etc/hosts; echo orchestrator >/etc/hostname


Apr10 14:00:23 [DEBUG]- | NODE [orchestrator]: command returned:

 	$:  


Apr10 14:00:33 [DEBUG]- | NODE [orchestrator]: running SSH command:

     service ganglia-monitor restart; service gmetad restart


Apr10 14:00:33 [DEBUG]- | NODE [orchestrator]: command returned:

 	$:  Stopping Ganglia Monitor Daemon: gmond.
	$:  Starting Ganglia Monitor Daemon: gmond.
	$:  Stopping Ganglia Monitor Meta-Daemon: gmetad.
	$:  Starting Ganglia Monitor Meta-Daemon: gmetad.
	$:  Warning: we failed to resolve data source name cassandra_seednode
	$:  


Apr10 14:00:33 [DEBUG]- | NODE [orchestrator]: running SSH command:

     echo '## AUTO GENERATED #### 
     
     ff02::1 ip6-allnodes
     ff00::0 ip6-mcastprefix
     ::1 ip6-localhost ip6-loopback
     10.0.0.2 clients__1
     10.0.0.6 clients__2
     10.0.0.4 clients__3
     127.0.0.1 localhost
     ff02::2 ip6-allrouters
     fe00::0 ip6-localnet' > /etc/hosts; echo orchestrator >/etc/hostname


Apr10 14:00:34 [DEBUG]- | NODE [orchestrator]: command returned:

 	$:  


Apr10 14:00:34 [DEBUG]- | NODE [orchestrator]: running SSH command:

     service ganglia-monitor restart; service gmetad restart


Apr10 14:00:35 [DEBUG]- | NODE [orchestrator]: command returned:

 	$:  Stopping Ganglia Monitor Daemon: gmond.
	$:  Starting Ganglia Monitor Daemon: gmond.
	$:  Stopping Ganglia Monitor Meta-Daemon: gmetad.
	$:  Starting Ganglia Monitor Meta-Daemon: gmetad.
	$:  Warning: we failed to resolve data source name cassandra_seednode
	$:  


Apr10 14:06:03 [DEBUG]- |   VM [orchestrator]: cluster = orchestrato
Apr10 14:06:14 [DEBUG]- | NODE [orchestrator]: cluster = orchestrato
Apr10 14:13:03 [DEBUG]- |   VM [orchestrator]: cluster = orchestrato
Apr10 14:14:02 [DEBUG]- |   VM [orchestrator]: cluster = orchestrato
Apr10 14:15:21 [DEBUG]- |   VM [orchestrator]: cluster = orchestrato
Apr10 14:17:19 [DEBUG]- |   VM [orchestrator]: cluster = orchestrato
Apr10 14:18:15 [DEBUG]- |   VM [orchestrator]: cluster = orchestrato
Apr10 14:18:27 [DEBUG]- | NODE [orchestrator]: cluster = orchestrato
Apr10 14:28:03 [DEBUG]- |   VM [orchestrator]: cluster = orchestrato
Apr10 14:28:14 [DEBUG]- | NODE [orchestrator]: cluster = orchestrato
Apr10 14:29:26 [DEBUG]- |   VM [orchestrator]: cluster = orchestrato
Apr10 14:29:37 [DEBUG]- | NODE [orchestrator]: cluster = orchestrato
Apr10 14:42:23 [DEBUG]- |   VM [orchestrator]: cluster = orchestrato
Apr10 14:43:12 [DEBUG]- |   VM [orchestrator]: cluster = orchestrato
Apr10 14:43:23 [DEBUG]- | NODE [orchestrator]: cluster = orchestrato
Apr10 14:44:17 [DEBUG]- |   VM [orchestrator]: cluster = orchestrato
Apr10 14:44:28 [DEBUG]- | NODE [orchestrator]: cluster = orchestrato
Apr10 14:47:12 [DEBUG]- |   VM [orchestrator]: cluster = orchestrato
Apr10 14:47:53 [DEBUG]- |   VM [orchestrator]: cluster = orchestrato
Apr10 14:48:04 [DEBUG]- | NODE [orchestrator]: cluster = orchestrato
Apr10 15:08:33 [DEBUG]- |   VM [orchestrator]: cluster = orchestrato
Apr10 15:13:16 [DEBUG]- | NODE [orchestrator]: running SSH command:

     sed -i "/.*clients.*/g" hosts; sed -i "/^$/d" /etc/hosts


Apr10 15:13:16 [DEBUG]- | NODE [orchestrator]: command returned:

 	$:  


Apr10 15:13:16 [DEBUG]- | NODE [orchestrator]: running SSH command:

     echo '
     10.0.0.2 clients__1
     10.0.0.6 clients__2
     10.0.0.4 clients__3
     10.0.0.8 clients__4' >> /etc/hosts; echo orchestrator >/etc/hostname


Apr10 15:13:16 [DEBUG]- | NODE [orchestrator]: command returned:

 	$:  


Apr10 15:13:21 [DEBUG]- | NODE [orchestrator]: running SSH command:

     service ganglia-monitor restart; service gmetad restart


Apr10 15:13:22 [DEBUG]- | NODE [orchestrator]: command returned:

 	$:  Stopping Ganglia Monitor Daemon: gmond.
	$:  Starting Ganglia Monitor Daemon: gmond.
	$:  Stopping Ganglia Monitor Meta-Daemon: gmetad.
	$:  Starting Ganglia Monitor Meta-Daemon: gmetad.
	$:  


Apr10 15:18:07 [DEBUG]- |   VM [orchestrator]: cluster = orchestrato
Apr10 15:18:08 [DEBUG]- | NODE [orchestrator]: running SSH command:

     sed -i "/.*clients.*/g" hosts; sed -i "/^$/d" /etc/hosts


Apr10 15:18:08 [DEBUG]- | NODE [orchestrator]: command returned:

 	$:  


Apr10 15:18:08 [DEBUG]- | NODE [orchestrator]: running SSH command:

     echo '
     10.0.0.2 clients__1
     10.0.0.6 clients__2
     10.0.0.4 clients__3' >> /etc/hosts; echo orchestrator >/etc/hostname


Apr10 15:18:08 [DEBUG]- | NODE [orchestrator]: command returned:

 	$:  


Apr10 15:18:13 [DEBUG]- | NODE [orchestrator]: running SSH command:

     service ganglia-monitor restart; service gmetad restart


Apr10 15:18:13 [DEBUG]- | NODE [orchestrator]: command returned:

 	$:  Stopping Ganglia Monitor Daemon: gmond.
	$:  Starting Ganglia Monitor Daemon: gmond.
	$:  Stopping Ganglia Monitor Meta-Daemon: gmetad.
	$:  Starting Ganglia Monitor Meta-Daemon: gmetad.
	$:  


Apr10 15:19:57 [DEBUG]- |   VM [orchestrator]: cluster = orchestrato
Apr10 15:23:20 [DEBUG]- | NODE [orchestrator]: running SSH command:

     sed -i "/.*clients.*/g" /etc/hosts; sed -i "/^$/d" /etc/hosts


Apr10 15:23:20 [DEBUG]- | NODE [orchestrator]: command returned:

 	$:  


Apr10 15:23:20 [DEBUG]- | NODE [orchestrator]: running SSH command:

     echo '
     10.0.0.2 clients__1
     10.0.0.6 clients__2
     10.0.0.4 clients__3
     10.0.0.8 clients__4' >> /etc/hosts; echo orchestrator >/etc/hostname


Apr10 15:23:20 [DEBUG]- | NODE [orchestrator]: command returned:

 	$:  


Apr10 15:23:27 [DEBUG]- | NODE [orchestrator]: running SSH command:

     service ganglia-monitor restart; service gmetad restart


Apr10 15:23:27 [DEBUG]- | NODE [orchestrator]: command returned:

 	$:  Stopping Ganglia Monitor Daemon: gmond.
	$:  Starting Ganglia Monitor Daemon: gmond.
	$:  Stopping Ganglia Monitor Meta-Daemon: gmetad.
	$:  Starting Ganglia Monitor Meta-Daemon: gmetad.
	$:  


Apr10 16:01:08 [DEBUG]- |   VM [orchestrator]: cluster = orchestrato
Apr10 16:01:19 [DEBUG]- | NODE [orchestrator]: cluster = orchestrato
Apr10 16:02:14 [DEBUG]- |   VM [orchestrator]: cluster = orchestrato
Apr10 16:02:26 [DEBUG]- | NODE [orchestrator]: cluster = orchestrato
Apr10 16:04:04 [DEBUG]- |   VM [orchestrator]: cluster = orchestrato
Apr10 16:04:17 [DEBUG]- | NODE [orchestrator]: cluster = orchestrato
Apr10 16:05:41 [DEBUG]- |   VM [orchestrator]: cluster = orchestrato
Apr10 16:05:53 [DEBUG]- | NODE [orchestrator]: cluster = orchestrato
Apr10 16:27:19 [DEBUG]- |   VM [orchestrator]: cluster = orchestrato
Apr10 16:27:31 [DEBUG]- | NODE [orchestrator]: cluster = orchestrato
Apr10 16:31:40 [DEBUG]- |   VM [orchestrator]: cluster = orchestrato
Apr10 16:32:08 [DEBUG]- |   VM [orchestrator]: cluster = orchestrato
Apr10 16:32:21 [DEBUG]- | NODE [orchestrator]: cluster = orchestrato
Apr10 16:34:07 [DEBUG]- |   VM [orchestrator]: cluster = orchestrato
Apr10 16:34:34 [DEBUG]- |   VM [orchestrator]: cluster = orchestrato
Apr10 16:34:47 [DEBUG]- | NODE [orchestrator]: cluster = orchestrato
Apr10 16:40:04 [DEBUG]- |   VM [orchestrator]: cluster = orchestrato
Apr10 16:40:25 [DEBUG]- |   VM [orchestrator]: cluster = orchestrato
Apr10 16:40:38 [DEBUG]- | NODE [orchestrator]: cluster = orchestrato
Apr10 16:44:13 [DEBUG]- |   VM [orchestrator]: cluster = orchestrato
Apr10 16:44:44 [DEBUG]- |   VM [orchestrator]: cluster = orchestrato
Apr10 16:44:56 [DEBUG]- | NODE [orchestrator]: cluster = orchestrato
Apr10 17:02:34 [DEBUG]- |   VM [orchestrator]: cluster = orchestrato
Apr10 17:02:46 [DEBUG]- | NODE [orchestrator]: cluster = orchestrato
Apr10 17:07:10 [DEBUG]	 |   VM [orchestrator]: cluster = orchestrato
Apr10 17:07:23 [DEBUG]	 | NODE [orchestrator]: cluster = orchestrato
Apr10 17:12:31 [DEBUG]	 |   VM [orchestrator]: cluster = orchestrato
Apr10 17:12:44 [DEBUG]	 | NODE [orchestrator]: cluster = orchestrato
Apr10 17:17:10 [DEBUG]	 |   VM [orchestrator]: cluster = orchestrato
Apr10 17:17:23 [DEBUG]	 | NODE [orchestrator]: cluster = orchestrato
Apr10 17:24:39 [ DEBUG]	 |   VM [orchestrator]: cluster = orchestrato
Apr10 17:24:51 [ DEBUG]	 | NODE [orchestrator]: cluster = orchestrato
Apr10 17:28:22 [DEBUG] VM [orchestrator]: cluster = orchestrato
Apr10 17:28:35 [DEBUG] | NODE [orchestrator]: cluster = orchestrato
Apr10 17:32:54 [DEBUG]    VM [orchestrator]: cluster = orchestrato
Apr10 17:33:06 [DEBUG]  NODE [orchestrator]: cluster = orchestrato
Apr10 17:38:37 [DEBUG]  NODE [orchestrator]: running SSH command:

     sed -i "/.*cassandra.*/g" /etc/hosts; sed -i "/^$/d" /etc/hosts


Apr10 17:38:37 [DEBUG]  NODE [orchestrator]: command returned:

 	$:  


Apr10 17:38:37 [DEBUG]  NODE [orchestrator]: running SSH command:

     echo '
     10.0.0.21 cassandra_seednode
     10.0.0.18 cassandra_node_11
     10.0.0.22 cassandra_node_10
     10.0.0.21 cassandra_seed_0
     10.0.0.19 cassandra_node_09
     10.0.0.23 cassandra_node_08
     10.0.0.24 cassandra_node_12
     10.0.0.12 cassandra_node_14
     10.0.0.17 cassandra_node_01
     10.0.0.5 cassandra_node_13
     10.0.0.16 cassandra_node_03
     10.0.0.7 cassandra_node_02
     10.0.0.26 cassandra_node_05
     10.0.0.20 cassandra_node_04
     10.0.0.25 cassandra_node_07
     10.0.0.10 cassandra_node_06' >> /etc/hosts; echo orchestrator >/etc/hostname


Apr10 17:38:37 [DEBUG]  NODE [orchestrator]: command returned:

 	$:  


Apr10 17:39:38 [DEBUG]  NODE [orchestrator]: running SSH command:

     service ganglia-monitor restart; service gmetad restart


Apr10 17:39:38 [DEBUG]  NODE [orchestrator]: command returned:

 	$:  Stopping Ganglia Monitor Daemon: gmond.
	$:  Starting Ganglia Monitor Daemon: gmond.
	$:  Stopping Ganglia Monitor Meta-Daemon: gmetad.
	$:  Starting Ganglia Monitor Meta-Daemon: gmetad.
	$:  


Apr10 18:03:43 [DEBUG]    VM [orchestrator]: cluster = orchestrato
Apr10 18:03:54 [DEBUG]  NODE [orchestrator]: cluster = orchestrato
Apr10 18:09:54 [DEBUG]    VM [orchestrator]: cluster = orchestrato
Apr10 18:10:06 [DEBUG]  NODE [orchestrator]: cluster = orchestrato
Apr10 18:18:03 [DEBUG]    VM [orchestrator]: cluster = orchestrato
Apr10 18:18:14 [DEBUG]  NODE [orchestrator]: cluster = orchestrato
Apr10 18:19:11 [DEBUG]    VM [orchestrator]: cluster = orchestrato
Apr10 18:19:22 [DEBUG]  NODE [orchestrator]: cluster = orchestrato
